2026-03-18 12:25:58,047 - INFO - SCB Company Apps - Starting for Eric WS_Client ...
2026-03-18 12:25:58,091 - INFO - werkzeug - [31m[1mWARNING: This is a development server. Do not use it in a production deployment. Use a production WSGI server instead.[0m
 * Running on all addresses (0.0.0.0)
 * Running on http://127.0.0.1:5101
 * Running on http://10.0.0.253:5101
2026-03-18 12:25:58,091 - INFO - werkzeug - [33mPress CTRL+C to quit[0m
2026-03-18 12:26:01,622 - INFO - SCB Company Apps - Preparing Appium driver
2026-03-18 12:26:01,622 - INFO - SCB Company Apps - Reusing existing Appium driver session
2026-03-18 12:26:01,664 - INFO - SCB Company Apps - Appium process started with PID 27276
2026-03-18 12:26:04,720 - INFO - SCB Company Apps - Appium server is ready (attempt 2/10)
2026-03-18 12:26:08,738 - INFO - SCB Company Apps - ==================================================
2026-03-18 12:26:08,738 - INFO - SCB Company Apps - 🎰 Starting SCB Company Login Flow ....
2026-03-18 12:26:08,738 - INFO - SCB Company Apps - ==================================================
2026-03-18 12:26:10,071 - INFO - SCB Company Apps - Not in Quick Transfer page, Continue ...
2026-03-18 12:26:10,072 - INFO - SCB Company Apps - ADB Shell Screen never Time Out ...
2026-03-18 12:26:10,259 - INFO - SCB Company Apps - Bypass USB Debugging...
2026-03-18 12:26:10,484 - INFO - SCB Company Apps - Current App state: 3
2026-03-18 12:26:10,484 - INFO - SCB Company Apps - App state is 3. Performing a clean restart to prevent auto-crash.
2026-03-18 12:26:18,112 - INFO - SCB Company Apps - No Session Timeout, Skip ...
2026-03-18 12:26:18,440 - INFO - SCB Company Apps - Enter PIN Appear...
2026-03-18 12:26:18,440 - INFO - SCB Company Apps - Start Enter PIN...
2026-03-18 12:26:20,317 - INFO - SCB Company Apps - Wait for Pending Edit (0) ...
2026-03-18 12:26:21,578 - INFO - SCB Company Apps - Click 'Services' ...
2026-03-18 12:26:23,039 - INFO - SCB Company Apps - Wait for 'Manage your transaction appear' ...
2026-03-18 12:26:25,054 - INFO - SCB Company Apps - Button click 'Quick Transfer' ...
2026-03-18 12:26:25,352 - INFO - SCB Company Apps - ==================================================
2026-03-18 12:26:25,352 - INFO - SCB Company Apps - 🎰 Starting SCB Company Withdrawal Flow ....
2026-03-18 12:26:25,352 - INFO - SCB Company Apps - ==================================================
2026-03-18 12:26:25,352 - INFO - SCB Company Apps - Preparing Appium driver
2026-03-18 12:26:25,352 - INFO - SCB Company Apps - Reusing existing Appium driver session
2026-03-18 12:26:25,352 - INFO - SCB Company Apps - Appium process already exists, skipping new start
2026-03-18 12:26:25,352 - INFO - SCB Company Apps - Reusing existing Appium driver session
2026-03-18 12:26:25,352 - INFO - SCB Company Apps - Wait for 'PromptPay' ...
2026-03-18 12:26:28,215 - INFO - SCB Company Apps - Select Bank ... Krungthai
2026-03-18 12:27:00,870 - INFO - SCB Company Apps - Starting for Eric WS_Client ...
2026-03-18 12:27:00,887 - INFO - werkzeug - [31m[1mWARNING: This is a development server. Do not use it in a production deployment. Use a production WSGI server instead.[0m
 * Running on all addresses (0.0.0.0)
 * Running on http://127.0.0.1:5101
 * Running on http://10.0.0.253:5101
2026-03-18 12:27:00,888 - INFO - werkzeug - [33mPress CTRL+C to quit[0m
2026-03-18 12:27:07,399 - INFO - SCB Company Apps - Preparing Appium driver
2026-03-18 12:27:07,399 - INFO - SCB Company Apps - Reusing existing Appium driver session
2026-03-18 12:27:07,408 - INFO - SCB Company Apps - Appium process started with PID 9484
2026-03-18 12:27:08,930 - INFO - SCB Company Apps - Appium server is ready (attempt 1/10)
2026-03-18 12:27:12,687 - INFO - SCB Company Apps - ==================================================
2026-03-18 12:27:12,687 - INFO - SCB Company Apps - 🎰 Starting SCB Company Login Flow ....
2026-03-18 12:27:12,687 - INFO - SCB Company Apps - ==================================================
2026-03-18 12:27:14,006 - INFO - SCB Company Apps - Not in Quick Transfer page, Continue ...
2026-03-18 12:27:14,006 - INFO - SCB Company Apps - ADB Shell Screen never Time Out ...
2026-03-18 12:27:14,193 - INFO - SCB Company Apps - Bypass USB Debugging...
2026-03-18 12:27:14,427 - INFO - SCB Company Apps - Current App state: 3
2026-03-18 12:27:14,427 - INFO - SCB Company Apps - App state is 3. Performing a clean restart to prevent auto-crash.
2026-03-18 12:27:21,814 - INFO - SCB Company Apps - No Session Timeout, Skip ...
2026-03-18 12:27:22,169 - INFO - SCB Company Apps - Enter PIN Appear...
2026-03-18 12:27:22,169 - INFO - SCB Company Apps - Start Enter PIN...
2026-03-18 12:27:24,201 - INFO - SCB Company Apps - Wait for Pending Edit (0) ...
2026-03-18 12:27:26,866 - INFO - SCB Company Apps - Click 'Services' ...
2026-03-18 12:27:27,260 - INFO - SCB Company Apps - Wait for 'Manage your transaction appear' ...
2026-03-18 12:27:29,265 - INFO - SCB Company Apps - Button click 'Quick Transfer' ...
2026-03-18 12:27:29,616 - INFO - SCB Company Apps - ==================================================
2026-03-18 12:27:29,616 - INFO - SCB Company Apps - 🎰 Starting SCB Company Withdrawal Flow ....
2026-03-18 12:27:29,616 - INFO - SCB Company Apps - ==================================================
2026-03-18 12:27:29,616 - INFO - SCB Company Apps - Preparing Appium driver
2026-03-18 12:27:29,616 - INFO - SCB Company Apps - Reusing existing Appium driver session
2026-03-18 12:27:29,616 - INFO - SCB Company Apps - Appium process already exists, skipping new start
2026-03-18 12:27:29,616 - INFO - SCB Company Apps - Reusing existing Appium driver session
2026-03-18 12:27:29,616 - INFO - SCB Company Apps - Wait for 'PromptPay' ...
2026-03-18 12:27:31,993 - INFO - SCB Company Apps - Select Bank ... Krungthai
2026-03-18 12:27:33,669 - INFO - SCB Company Apps - Wait for 'Recipient Details' appear ...
2026-03-18 12:27:34,674 - INFO - SCB Company Apps - Fill Account No ...
2026-03-18 12:27:35,254 - INFO - SCB Company Apps - Fill Amount ...
2026-03-18 12:27:46,080 - ERROR - root - CRITICAL ERROR for Transaction 8813:
Traceback (most recent call last):
  File "c:\Users\Thomas\Desktop\bank_bot-main\playwright\THAI\Withdrawal\Apps\SCB_Company\scb_company_Apps_payout_1.0.3.py", line 490, in runPython
    BankBot.scbAnywhere_login(data)
  File "c:\Users\Thomas\Desktop\bank_bot-main\playwright\THAI\Withdrawal\Apps\SCB_Company\scb_company_Apps_payout_1.0.3.py", line 383, in scbAnywhere_login
    cls.scbAnywhere_withdrawal(data)
  File "c:\Users\Thomas\Desktop\bank_bot-main\playwright\THAI\Withdrawal\Apps\SCB_Company\scb_company_Apps_payout_1.0.3.py", line 441, in scbAnywhere_withdrawal
    digit_button = WebDriverWait(driver, 10).until(EC.element_to_be_clickable((AppiumBy.XPATH, f"//android.widget.TextView[@text='{digit}']")))
                   ^^^^^^^^^^^^^^^^^^^^^^^^^^^^^^^^^^^^^^^^^^^^^^^^^^^^^^^^^^^^^^^^^^^^^^^^^^^^^^^^^^^^^^^^^^^^^^^^^^^^^^^^^^^^^^^^^^^^^^^^^^^^
  File "C:\Users\Thomas\AppData\Local\Programs\Python\Python311\Lib\site-packages\selenium\webdriver\support\wait.py", line 121, in until
    raise TimeoutException(message, screen, stacktrace)
selenium.common.exceptions.TimeoutException: Message: 
Stacktrace:
NoSuchElementError: An element could not be located on the page using the given search parameters.
    at AndroidUiautomator2Driver.findElOrEls (C:\Users\Thomas\.appium\node_modules\appium-uiautomator2-driver\node_modules\appium-android-driver\build\lib\commands\find.js:62:15)
    at process.processTicksAndRejections (node:internal/process/task_queues:103:5)
    at async AndroidUiautomator2Driver.findElOrElsWithProcessing (C:\Users\Thomas\.appium\node_modules\appium-uiautomator2-driver\node_modules\@appium\base-driver\build\lib\basedriver\commands\find.js:12:16)
    at async AndroidUiautomator2Driver.findElement (C:\Users\Thomas\.appium\node_modules\appium-uiautomator2-driver\node_modules\@appium\base-driver\build\lib\basedriver\commands\find.js:27:16)

----------------------------------------
2026-03-18 12:27:46,086 - INFO - werkzeug - 127.0.0.1 - - [18/Mar/2026 12:27:46] "[35m[1mPOST /scb_company/runPython HTTP/1.1[0m" 500 -
2026-03-18 12:28:49,832 - INFO - SCB Company Apps - Starting for Eric WS_Client ...
2026-03-18 12:28:49,851 - INFO - werkzeug - [31m[1mWARNING: This is a development server. Do not use it in a production deployment. Use a production WSGI server instead.[0m
 * Running on all addresses (0.0.0.0)
 * Running on http://127.0.0.1:5101
 * Running on http://10.0.0.253:5101
2026-03-18 12:28:49,851 - INFO - werkzeug - [33mPress CTRL+C to quit[0m
2026-03-18 12:28:55,893 - INFO - SCB Company Apps - Preparing Appium driver
2026-03-18 12:28:55,893 - INFO - SCB Company Apps - Reusing existing Appium driver session
2026-03-18 12:28:55,902 - INFO - SCB Company Apps - Appium process started with PID 4840
2026-03-18 12:28:57,415 - INFO - SCB Company Apps - Appium server is ready (attempt 1/10)
2026-03-18 12:29:01,186 - INFO - SCB Company Apps - ==================================================
2026-03-18 12:29:01,186 - INFO - SCB Company Apps - 🎰 Starting SCB Company Login Flow ....
2026-03-18 12:29:01,186 - INFO - SCB Company Apps - ==================================================
2026-03-18 12:29:02,515 - INFO - SCB Company Apps - Not in Quick Transfer page, Continue ...
2026-03-18 12:29:02,516 - INFO - SCB Company Apps - ADB Shell Screen never Time Out ...
2026-03-18 12:29:02,704 - INFO - SCB Company Apps - Bypass USB Debugging...
2026-03-18 12:29:02,887 - INFO - SCB Company Apps - Current App state: 1
2026-03-18 12:29:02,887 - INFO - SCB Company Apps - App state is 1. Performing a clean restart to prevent auto-crash.
2026-03-18 12:29:07,446 - ERROR - SCB Company Apps - App failed to reach foreground. Retrying once...
2026-03-18 12:29:10,603 - INFO - SCB Company Apps - No Session Timeout, Skip ...
2026-03-18 12:29:10,953 - INFO - SCB Company Apps - Enter PIN Appear...
2026-03-18 12:29:10,953 - INFO - SCB Company Apps - Start Enter PIN...
2026-03-18 12:29:13,104 - INFO - SCB Company Apps - Wait for Pending Edit (0) ...
2026-03-18 12:29:15,686 - INFO - SCB Company Apps - Click 'Services' ...
2026-03-18 12:29:15,986 - INFO - SCB Company Apps - Wait for 'Manage your transaction appear' ...
2026-03-18 12:29:18,002 - INFO - SCB Company Apps - Button click 'Quick Transfer' ...
2026-03-18 12:29:18,445 - INFO - SCB Company Apps - ==================================================
2026-03-18 12:29:18,445 - INFO - SCB Company Apps - 🎰 Starting SCB Company Withdrawal Flow ....
2026-03-18 12:29:18,445 - INFO - SCB Company Apps - ==================================================
2026-03-18 12:29:18,445 - INFO - SCB Company Apps - Preparing Appium driver
2026-03-18 12:29:18,445 - INFO - SCB Company Apps - Reusing existing Appium driver session
2026-03-18 12:29:18,445 - INFO - SCB Company Apps - Appium process already exists, skipping new start
2026-03-18 12:29:18,445 - INFO - SCB Company Apps - Reusing existing Appium driver session
2026-03-18 12:29:18,445 - INFO - SCB Company Apps - Wait for 'PromptPay' ...
2026-03-18 12:29:20,809 - INFO - SCB Company Apps - Select Bank ... Krungthai
2026-03-18 12:29:22,629 - INFO - SCB Company Apps - Wait for 'Recipient Details' appear ...
2026-03-18 12:29:23,630 - INFO - SCB Company Apps - Fill Account No ...
2026-03-18 12:29:24,326 - INFO - SCB Company Apps - Fill Amount ...
2026-03-18 12:29:35,658 - ERROR - root - CRITICAL ERROR for Transaction 8813:
Traceback (most recent call last):
  File "c:\Users\Thomas\Desktop\bank_bot-main\playwright\THAI\Withdrawal\Apps\SCB_Company\scb_company_Apps_payout_1.0.3.py", line 490, in runPython
    BankBot.scbAnywhere_login(data)
  File "c:\Users\Thomas\Desktop\bank_bot-main\playwright\THAI\Withdrawal\Apps\SCB_Company\scb_company_Apps_payout_1.0.3.py", line 383, in scbAnywhere_login
    cls.scbAnywhere_withdrawal(data)
  File "c:\Users\Thomas\Desktop\bank_bot-main\playwright\THAI\Withdrawal\Apps\SCB_Company\scb_company_Apps_payout_1.0.3.py", line 441, in scbAnywhere_withdrawal
    digit_button = WebDriverWait(driver, 10).until(EC.element_to_be_clickable((AppiumBy.XPATH, f"//android.widget.TextView[@text='{digit}']")))
                   ^^^^^^^^^^^^^^^^^^^^^^^^^^^^^^^^^^^^^^^^^^^^^^^^^^^^^^^^^^^^^^^^^^^^^^^^^^^^^^^^^^^^^^^^^^^^^^^^^^^^^^^^^^^^^^^^^^^^^^^^^^^^
  File "C:\Users\Thomas\AppData\Local\Programs\Python\Python311\Lib\site-packages\selenium\webdriver\support\wait.py", line 121, in until
    raise TimeoutException(message, screen, stacktrace)
selenium.common.exceptions.TimeoutException: Message: 
Stacktrace:
NoSuchElementError: An element could not be located on the page using the given search parameters.
    at AndroidUiautomator2Driver.findElOrEls (C:\Users\Thomas\.appium\node_modules\appium-uiautomator2-driver\node_modules\appium-android-driver\build\lib\commands\find.js:62:15)
    at process.processTicksAndRejections (node:internal/process/task_queues:103:5)
    at async AndroidUiautomator2Driver.findElOrElsWithProcessing (C:\Users\Thomas\.appium\node_modules\appium-uiautomator2-driver\node_modules\@appium\base-driver\build\lib\basedriver\commands\find.js:12:16)
    at async AndroidUiautomator2Driver.findElement (C:\Users\Thomas\.appium\node_modules\appium-uiautomator2-driver\node_modules\@appium\base-driver\build\lib\basedriver\commands\find.js:27:16)

----------------------------------------
2026-03-18 12:29:35,658 - INFO - werkzeug - 127.0.0.1 - - [18/Mar/2026 12:29:35] "[35m[1mPOST /scb_company/runPython HTTP/1.1[0m" 500 -
2026-03-18 12:30:16,338 - INFO - SCB Company Apps - Starting for Eric WS_Client ...
2026-03-18 12:30:16,366 - INFO - werkzeug - [31m[1mWARNING: This is a development server. Do not use it in a production deployment. Use a production WSGI server instead.[0m
 * Running on all addresses (0.0.0.0)
 * Running on http://127.0.0.1:5101
 * Running on http://10.0.0.253:5101
2026-03-18 12:30:16,366 - INFO - werkzeug - [33mPress CTRL+C to quit[0m
2026-03-18 12:30:22,957 - INFO - SCB Company Apps - Preparing Appium driver
2026-03-18 12:30:22,957 - INFO - SCB Company Apps - Reusing existing Appium driver session
2026-03-18 12:30:22,969 - INFO - SCB Company Apps - Appium process started with PID 14676
2026-03-18 12:30:24,504 - INFO - SCB Company Apps - Appium server is ready (attempt 1/10)
2026-03-18 12:30:28,208 - INFO - SCB Company Apps - ==================================================
2026-03-18 12:30:28,208 - INFO - SCB Company Apps - 🎰 Starting SCB Company Login Flow ....
2026-03-18 12:30:28,208 - INFO - SCB Company Apps - ==================================================
2026-03-18 12:30:29,553 - INFO - SCB Company Apps - Not in Quick Transfer page, Continue ...
2026-03-18 12:30:29,553 - INFO - SCB Company Apps - ADB Shell Screen never Time Out ...
2026-03-18 12:30:29,743 - INFO - SCB Company Apps - Bypass USB Debugging...
2026-03-18 12:30:29,915 - INFO - SCB Company Apps - Current App state: 1
2026-03-18 12:30:29,915 - INFO - SCB Company Apps - App state is 1. Performing a clean restart to prevent auto-crash.
2026-03-18 12:30:37,193 - INFO - SCB Company Apps - No Session Timeout, Skip ...
2026-03-18 12:30:37,497 - INFO - SCB Company Apps - Enter PIN Appear...
2026-03-18 12:30:37,497 - INFO - SCB Company Apps - Start Enter PIN...
2026-03-18 12:30:39,588 - INFO - SCB Company Apps - Wait for Pending Edit (0) ...
2026-03-18 12:30:42,137 - INFO - SCB Company Apps - Click 'Services' ...
2026-03-18 12:30:42,528 - INFO - SCB Company Apps - Wait for 'Manage your transaction appear' ...
2026-03-18 12:30:44,544 - INFO - SCB Company Apps - Button click 'Quick Transfer' ...
2026-03-18 12:30:44,831 - INFO - SCB Company Apps - ==================================================
2026-03-18 12:30:44,831 - INFO - SCB Company Apps - 🎰 Starting SCB Company Withdrawal Flow ....
2026-03-18 12:30:44,831 - INFO - SCB Company Apps - ==================================================
2026-03-18 12:30:44,831 - INFO - SCB Company Apps - Preparing Appium driver
2026-03-18 12:30:44,831 - INFO - SCB Company Apps - Reusing existing Appium driver session
2026-03-18 12:30:44,831 - INFO - SCB Company Apps - Appium process already exists, skipping new start
2026-03-18 12:30:44,831 - INFO - SCB Company Apps - Reusing existing Appium driver session
2026-03-18 12:30:44,831 - INFO - SCB Company Apps - Wait for 'PromptPay' ...
2026-03-18 12:30:47,237 - INFO - SCB Company Apps - Select Bank ... Krungthai
2026-03-18 12:30:49,155 - INFO - SCB Company Apps - Wait for 'Recipient Details' appear ...
2026-03-18 12:30:50,165 - INFO - SCB Company Apps - Fill Account No ...
2026-03-18 12:30:50,886 - INFO - SCB Company Apps - Fill Amount ...
2026-03-18 12:30:51,728 - INFO - SCB Company Apps - ERIC callback prepared. txn_id=8813 bankCode=SCB Company Apps deviceId=2312 merchantCode=IBS
2026-03-18 12:30:51,728 - INFO - SCB Company Apps - ERIC hash=3d7896ff322257ec688224b60adaa90f txn_id=8813
2026-03-18 12:30:51,728 - INFO - SCB Company Apps - ERIC callback response received. txn_id=8813 status=200
2026-03-18 12:30:51,728 - INFO - SCB Company Apps - ERIC callback body. txn_id=8813 body={"code":"100001","msg":"[bankCode Invalid bank code] ","data":null}
2026-03-18 12:30:51,728 - INFO - werkzeug - 127.0.0.1 - - [18/Mar/2026 12:30:51] "POST /scb_company/runPython HTTP/1.1" 200 -
2026-03-18 12:31:18,448 - INFO - SCB Company Apps - Preparing Appium driver
2026-03-18 12:31:18,448 - INFO - SCB Company Apps - Reusing existing Appium driver session
2026-03-18 12:31:18,448 - INFO - SCB Company Apps - Appium process already exists, skipping new start
2026-03-18 12:31:18,448 - INFO - SCB Company Apps - Reusing existing Appium driver session
2026-03-18 12:31:18,448 - INFO - SCB Company Apps - ==================================================
2026-03-18 12:31:18,448 - INFO - SCB Company Apps - 🎰 Starting SCB Company Login Flow ....
2026-03-18 12:31:18,448 - INFO - SCB Company Apps - ==================================================
2026-03-18 12:31:18,572 - INFO - SCB Company Apps - Already on Transfer page, Skip login...
2026-03-18 12:31:18,572 - INFO - SCB Company Apps - ==================================================
2026-03-18 12:31:18,572 - INFO - SCB Company Apps - 🎰 Starting SCB Company Withdrawal Flow ....
2026-03-18 12:31:18,572 - INFO - SCB Company Apps - ==================================================
2026-03-18 12:31:18,572 - INFO - SCB Company Apps - Preparing Appium driver
2026-03-18 12:31:18,572 - INFO - SCB Company Apps - Reusing existing Appium driver session
2026-03-18 12:31:18,572 - INFO - SCB Company Apps - Appium process already exists, skipping new start
2026-03-18 12:31:18,572 - INFO - SCB Company Apps - Reusing existing Appium driver session
2026-03-18 12:31:18,572 - INFO - SCB Company Apps - Wait for 'PromptPay' ...
2026-03-18 12:31:19,683 - INFO - SCB Company Apps - Select Bank ... Krungthai
2026-03-18 12:31:22,074 - INFO - SCB Company Apps - Wait for 'Recipient Details' appear ...
2026-03-18 12:31:23,083 - INFO - SCB Company Apps - Fill Account No ...
2026-03-18 12:31:23,766 - INFO - SCB Company Apps - Fill Amount ...
2026-03-18 12:31:24,474 - ERROR - root - ERIC API CALLBACK FAILED for Transaction 8813:
Traceback (most recent call last):
  File "c:\Users\Thomas\Desktop\bank_bot-main\playwright\THAI\Withdrawal\Apps\SCB_Company\scb_company_Apps_payout_1.0.3.py", line 215, in eric_api
    print("Raw string to hash:", string_to_hash)
ValueError: I/O operation on closed file.

2026-03-18 12:31:24,474 - INFO - SCB Company Apps - Not in Quick Transfer page, Continue ...
2026-03-18 12:31:24,474 - INFO - SCB Company Apps - ADB Shell Screen never Time Out ...
2026-03-18 12:31:24,648 - INFO - SCB Company Apps - Bypass USB Debugging...
2026-03-18 12:31:24,877 - INFO - SCB Company Apps - Current App state: 4
2026-03-18 12:31:24,877 - INFO - SCB Company Apps - App already in foreground. Proceeding...
2026-03-18 12:31:27,991 - INFO - SCB Company Apps - No Session Timeout, Skip ...
2026-03-18 12:33:20,996 - INFO - SCB Company Apps - Starting for Eric WS_Client ...
2026-03-18 12:33:21,014 - INFO - werkzeug - [31m[1mWARNING: This is a development server. Do not use it in a production deployment. Use a production WSGI server instead.[0m
 * Running on all addresses (0.0.0.0)
 * Running on http://127.0.0.1:5101
 * Running on http://10.0.0.253:5101
2026-03-18 12:33:21,014 - INFO - werkzeug - [33mPress CTRL+C to quit[0m
2026-03-18 12:33:24,462 - INFO - SCB Company Apps - Preparing Appium driver
2026-03-18 12:33:24,462 - INFO - SCB Company Apps - Reusing existing Appium driver session
2026-03-18 12:33:24,473 - INFO - SCB Company Apps - Appium process started with PID 9472
2026-03-18 12:33:26,012 - INFO - SCB Company Apps - Appium server is ready (attempt 1/10)
2026-03-18 12:33:29,641 - INFO - SCB Company Apps - ==================================================
2026-03-18 12:33:29,641 - INFO - SCB Company Apps - 🎰 Starting SCB Company Login Flow ....
2026-03-18 12:33:29,641 - INFO - SCB Company Apps - ==================================================
2026-03-18 12:33:29,764 - INFO - SCB Company Apps - Already on Transfer page, Skip login...
2026-03-18 12:33:29,764 - INFO - SCB Company Apps - ==================================================
2026-03-18 12:33:29,764 - INFO - SCB Company Apps - 🎰 Starting SCB Company Withdrawal Flow ....
2026-03-18 12:33:29,764 - INFO - SCB Company Apps - ==================================================
2026-03-18 12:33:29,764 - INFO - SCB Company Apps - Preparing Appium driver
2026-03-18 12:33:29,764 - INFO - SCB Company Apps - Reusing existing Appium driver session
2026-03-18 12:33:29,764 - INFO - SCB Company Apps - Appium process already exists, skipping new start
2026-03-18 12:33:29,764 - INFO - SCB Company Apps - Reusing existing Appium driver session
2026-03-18 12:33:29,764 - INFO - SCB Company Apps - Wait for 'PromptPay' ...
2026-03-18 12:33:30,860 - INFO - SCB Company Apps - Select Bank ... Krungthai
2026-03-18 12:33:33,335 - INFO - SCB Company Apps - Wait for 'Recipient Details' appear ...
2026-03-18 12:33:34,342 - INFO - SCB Company Apps - Fill Account No ...
2026-03-18 12:33:34,650 - INFO - SCB Company Apps - Fill Amount ...
2026-03-18 12:33:35,279 - INFO - SCB Company Apps - ERIC callback prepared. txn_id=8813 bankCode=SCB Company Apps deviceId=2312 merchantCode=IBS
2026-03-18 12:33:35,279 - INFO - SCB Company Apps - ERIC hash=3d7896ff322257ec688224b60adaa90f txn_id=8813
2026-03-18 12:33:35,279 - INFO - SCB Company Apps - ERIC callback response received. txn_id=8813 status=200
2026-03-18 12:33:35,279 - INFO - SCB Company Apps - ERIC callback body. txn_id=8813 body={"code":"100001","msg":"[bankCode Invalid bank code] ","data":null}
2026-03-18 12:33:35,279 - INFO - werkzeug - 127.0.0.1 - - [18/Mar/2026 12:33:35] "POST /scb_company/runPython HTTP/1.1" 200 -
2026-03-18 12:33:57,703 - INFO - SCB Company Apps - Preparing Appium driver
2026-03-18 12:33:57,703 - INFO - SCB Company Apps - Reusing existing Appium driver session
2026-03-18 12:33:57,703 - INFO - SCB Company Apps - Appium process already exists, skipping new start
2026-03-18 12:33:57,703 - INFO - SCB Company Apps - Reusing existing Appium driver session
2026-03-18 12:33:57,703 - INFO - SCB Company Apps - ==================================================
2026-03-18 12:33:57,703 - INFO - SCB Company Apps - 🎰 Starting SCB Company Login Flow ....
2026-03-18 12:33:57,703 - INFO - SCB Company Apps - ==================================================
2026-03-18 12:33:57,822 - INFO - SCB Company Apps - Already on Transfer page, Skip login...
2026-03-18 12:33:57,822 - INFO - SCB Company Apps - ==================================================
2026-03-18 12:33:57,822 - INFO - SCB Company Apps - 🎰 Starting SCB Company Withdrawal Flow ....
2026-03-18 12:33:57,822 - INFO - SCB Company Apps - ==================================================
2026-03-18 12:33:57,822 - INFO - SCB Company Apps - Preparing Appium driver
2026-03-18 12:33:57,822 - INFO - SCB Company Apps - Reusing existing Appium driver session
2026-03-18 12:33:57,822 - INFO - SCB Company Apps - Appium process already exists, skipping new start
2026-03-18 12:33:57,822 - INFO - SCB Company Apps - Reusing existing Appium driver session
2026-03-18 12:33:57,822 - INFO - SCB Company Apps - Wait for 'PromptPay' ...
2026-03-18 12:33:58,929 - INFO - SCB Company Apps - Select Bank ... Krungthai
2026-03-18 12:34:00,240 - INFO - SCB Company Apps - Wait for 'Recipient Details' appear ...
2026-03-18 12:34:01,240 - INFO - SCB Company Apps - Fill Account No ...
2026-03-18 12:34:01,727 - INFO - SCB Company Apps - Fill Amount ...
2026-03-18 12:34:02,346 - ERROR - root - ERIC API CALLBACK FAILED for Transaction 8813:
Traceback (most recent call last):
  File "c:\Users\Thomas\Desktop\bank_bot-main\playwright\THAI\Withdrawal\Apps\SCB_Company\scb_company_Apps_payout_1.0.3.py", line 215, in eric_api
    print("Raw string to hash:", string_to_hash)
ValueError: I/O operation on closed file.

2026-03-18 12:34:02,346 - INFO - SCB Company Apps - Not in Quick Transfer page, Continue ...
2026-03-18 12:34:02,346 - INFO - SCB Company Apps - ADB Shell Screen never Time Out ...
2026-03-18 12:34:02,512 - INFO - SCB Company Apps - Bypass USB Debugging...
2026-03-18 12:34:02,745 - INFO - SCB Company Apps - Current App state: 4
2026-03-18 12:34:02,745 - INFO - SCB Company Apps - App already in foreground. Proceeding...
2026-03-18 12:34:05,403 - INFO - SCB Company Apps - No Session Timeout, Skip ...
2026-03-18 12:36:34,003 - INFO - SCB Company Apps - Starting for Eric WS_Client ...
2026-03-18 12:36:34,019 - INFO - werkzeug - [31m[1mWARNING: This is a development server. Do not use it in a production deployment. Use a production WSGI server instead.[0m
 * Running on all addresses (0.0.0.0)
 * Running on http://127.0.0.1:5101
 * Running on http://10.0.0.253:5101
2026-03-18 12:36:34,019 - INFO - werkzeug - [33mPress CTRL+C to quit[0m
2026-03-18 12:36:43,919 - INFO - SCB Company Apps - Preparing Appium driver
2026-03-18 12:36:43,919 - INFO - SCB Company Apps - Reusing existing Appium driver session
2026-03-18 12:36:43,928 - INFO - SCB Company Apps - Appium process started with PID 20896
2026-03-18 12:36:45,453 - INFO - SCB Company Apps - Appium server is ready (attempt 1/10)
2026-03-18 12:36:49,111 - INFO - SCB Company Apps - ==================================================
2026-03-18 12:36:49,111 - INFO - SCB Company Apps - 🎰 Starting SCB Company Login Flow ....
2026-03-18 12:36:49,111 - INFO - SCB Company Apps - ==================================================
2026-03-18 12:36:49,261 - INFO - SCB Company Apps - Already on Transfer page, Skip login...
2026-03-18 12:36:49,262 - INFO - SCB Company Apps - ==================================================
2026-03-18 12:36:49,262 - INFO - SCB Company Apps - 🎰 Starting SCB Company Withdrawal Flow ....
2026-03-18 12:36:49,262 - INFO - SCB Company Apps - ==================================================
2026-03-18 12:36:49,262 - INFO - SCB Company Apps - Preparing Appium driver
2026-03-18 12:36:49,262 - INFO - SCB Company Apps - Reusing existing Appium driver session
2026-03-18 12:36:49,262 - INFO - SCB Company Apps - Appium process already exists, skipping new start
2026-03-18 12:36:49,262 - INFO - SCB Company Apps - Reusing existing Appium driver session
2026-03-18 12:36:49,262 - INFO - SCB Company Apps - Wait for 'PromptPay' ...
2026-03-18 12:36:50,348 - INFO - SCB Company Apps - Select Bank ... Krungthai
2026-03-18 12:36:52,630 - INFO - SCB Company Apps - Wait for 'Recipient Details' appear ...
2026-03-18 12:36:53,631 - INFO - SCB Company Apps - Fill Account No ...
2026-03-18 12:36:54,155 - INFO - SCB Company Apps - Fill Amount ...
2026-03-18 12:36:54,786 - INFO - SCB Company Apps - ERIC callback prepared. txn_id=8813 bankCode=SCB Company Apps deviceId=2312 merchantCode=IBS
2026-03-18 12:36:54,786 - INFO - SCB Company Apps - ERIC hash=3d7896ff322257ec688224b60adaa90f txn_id=8813
2026-03-18 12:36:54,786 - INFO - SCB Company Apps - ERIC callback response received. txn_id=8813 status=200
2026-03-18 12:36:54,786 - INFO - SCB Company Apps - ERIC callback body. txn_id=8813 body={"code":"100001","msg":"[bankCode Invalid bank code] ","data":null}
2026-03-18 12:36:54,794 - INFO - werkzeug - 127.0.0.1 - - [18/Mar/2026 12:36:54] "POST /scb_company/runPython HTTP/1.1" 200 -
2026-03-18 12:37:04,211 - INFO - SCB Company Apps - Preparing Appium driver
2026-03-18 12:37:04,211 - INFO - SCB Company Apps - Reusing existing Appium driver session
2026-03-18 12:37:04,211 - INFO - SCB Company Apps - Appium process already exists, skipping new start
2026-03-18 12:37:04,211 - INFO - SCB Company Apps - Reusing existing Appium driver session
2026-03-18 12:37:04,211 - INFO - SCB Company Apps - ==================================================
2026-03-18 12:37:04,211 - INFO - SCB Company Apps - 🎰 Starting SCB Company Login Flow ....
2026-03-18 12:37:04,211 - INFO - SCB Company Apps - ==================================================
2026-03-18 12:37:07,478 - INFO - SCB Company Apps - Not in Quick Transfer page, Continue ...
2026-03-18 12:37:07,478 - INFO - SCB Company Apps - ADB Shell Screen never Time Out ...
2026-03-18 12:37:07,616 - INFO - SCB Company Apps - Bypass USB Debugging...
2026-03-18 12:37:07,951 - INFO - SCB Company Apps - Current App state: 3
2026-03-18 12:37:07,951 - INFO - SCB Company Apps - App state is 3. Performing a clean restart to prevent auto-crash.
2026-03-18 12:37:16,299 - INFO - SCB Company Apps - No Session Timeout, Skip ...
2026-03-18 12:37:16,571 - INFO - SCB Company Apps - Enter PIN Appear...
2026-03-18 12:37:16,571 - INFO - SCB Company Apps - Start Enter PIN...
2026-03-18 12:37:18,669 - INFO - SCB Company Apps - Enter PIN Appear...
2026-03-18 12:37:18,669 - INFO - SCB Company Apps - Start Enter PIN...
2026-03-18 12:37:23,303 - INFO - SCB Company Apps - Starting for Eric WS_Client ...
2026-03-18 12:37:23,325 - INFO - werkzeug - [31m[1mWARNING: This is a development server. Do not use it in a production deployment. Use a production WSGI server instead.[0m
 * Running on all addresses (0.0.0.0)
 * Running on http://127.0.0.1:5101
 * Running on http://10.0.0.253:5101
2026-03-18 12:37:23,325 - INFO - werkzeug - [33mPress CTRL+C to quit[0m
2026-03-18 12:37:27,442 - INFO - SCB Company Apps - Preparing Appium driver
2026-03-18 12:37:27,443 - INFO - SCB Company Apps - Reusing existing Appium driver session
2026-03-18 12:37:27,454 - INFO - SCB Company Apps - Appium process started with PID 960
2026-03-18 12:37:28,988 - INFO - SCB Company Apps - Appium server is ready (attempt 1/10)
2026-03-18 12:37:32,714 - INFO - SCB Company Apps - ==================================================
2026-03-18 12:37:32,714 - INFO - SCB Company Apps - 🎰 Starting SCB Company Login Flow ....
2026-03-18 12:37:32,714 - INFO - SCB Company Apps - ==================================================
2026-03-18 12:37:35,829 - INFO - SCB Company Apps - Not in Quick Transfer page, Continue ...
2026-03-18 12:37:35,829 - INFO - SCB Company Apps - ADB Shell Screen never Time Out ...
2026-03-18 12:37:36,004 - INFO - SCB Company Apps - Bypass USB Debugging...
2026-03-18 12:37:36,177 - INFO - SCB Company Apps - Current App state: 1
2026-03-18 12:37:36,177 - INFO - SCB Company Apps - App state is 1. Performing a clean restart to prevent auto-crash.
2026-03-18 12:37:43,369 - INFO - SCB Company Apps - No Session Timeout, Skip ...
2026-03-18 12:37:43,648 - INFO - SCB Company Apps - Enter PIN Appear...
2026-03-18 12:37:43,648 - INFO - SCB Company Apps - Start Enter PIN...
2026-03-18 12:37:45,735 - INFO - SCB Company Apps - Wait for Pending Edit (0) ...
2026-03-18 12:37:48,570 - INFO - SCB Company Apps - Click 'Services' ...
2026-03-18 12:37:48,989 - INFO - SCB Company Apps - Wait for 'Manage your transaction appear' ...
2026-03-18 12:37:51,043 - INFO - SCB Company Apps - Button click 'Quick Transfer' ...
2026-03-18 12:37:51,362 - INFO - SCB Company Apps - ==================================================
2026-03-18 12:37:51,362 - INFO - SCB Company Apps - 🎰 Starting SCB Company Withdrawal Flow ....
2026-03-18 12:37:51,362 - INFO - SCB Company Apps - ==================================================
2026-03-18 12:37:51,362 - INFO - SCB Company Apps - Preparing Appium driver
2026-03-18 12:37:51,362 - INFO - SCB Company Apps - Reusing existing Appium driver session
2026-03-18 12:37:51,362 - INFO - SCB Company Apps - Appium process already exists, skipping new start
2026-03-18 12:37:51,362 - INFO - SCB Company Apps - Reusing existing Appium driver session
2026-03-18 12:37:51,362 - INFO - SCB Company Apps - Wait for 'PromptPay' ...
2026-03-18 12:37:54,411 - INFO - SCB Company Apps - Select Bank ... Krungthai
2026-03-18 12:37:56,003 - INFO - SCB Company Apps - Wait for 'Recipient Details' appear ...
2026-03-18 12:37:57,014 - INFO - SCB Company Apps - Fill Account No ...
2026-03-18 12:37:57,609 - INFO - SCB Company Apps - Fill Amount ...
2026-03-18 12:37:58,355 - INFO - SCB Company Apps - ERIC callback prepared. txn_id=8813 bankCode=SCB Company Apps deviceId=2312 merchantCode=IBS
2026-03-18 12:37:58,355 - INFO - SCB Company Apps - ERIC hash=3d7896ff322257ec688224b60adaa90f txn_id=8813
2026-03-18 12:37:58,355 - INFO - SCB Company Apps - ERIC callback response received. txn_id=8813 status=200
2026-03-18 12:37:58,355 - INFO - SCB Company Apps - ERIC callback body. txn_id=8813 body={"code":"100001","msg":"[bankCode Invalid bank code] ","data":null}
2026-03-18 12:37:58,355 - INFO - werkzeug - 127.0.0.1 - - [18/Mar/2026 12:37:58] "POST /scb_company/runPython HTTP/1.1" 200 -
2026-03-18 12:38:14,628 - INFO - SCB Company Apps - Preparing Appium driver
2026-03-18 12:38:14,628 - INFO - SCB Company Apps - Reusing existing Appium driver session
2026-03-18 12:38:14,628 - INFO - SCB Company Apps - Appium process already exists, skipping new start
2026-03-18 12:38:14,628 - INFO - SCB Company Apps - Reusing existing Appium driver session
2026-03-18 12:38:14,628 - INFO - SCB Company Apps - ==================================================
2026-03-18 12:38:14,628 - INFO - SCB Company Apps - 🎰 Starting SCB Company Login Flow ....
2026-03-18 12:38:14,628 - INFO - SCB Company Apps - ==================================================
2026-03-18 12:38:14,755 - INFO - SCB Company Apps - Already on Transfer page, Skip login...
2026-03-18 12:38:14,755 - INFO - SCB Company Apps - ==================================================
2026-03-18 12:38:14,755 - INFO - SCB Company Apps - 🎰 Starting SCB Company Withdrawal Flow ....
2026-03-18 12:38:14,755 - INFO - SCB Company Apps - ==================================================
2026-03-18 12:38:14,755 - INFO - SCB Company Apps - Preparing Appium driver
2026-03-18 12:38:14,755 - INFO - SCB Company Apps - Reusing existing Appium driver session
2026-03-18 12:38:14,755 - INFO - SCB Company Apps - Appium process already exists, skipping new start
2026-03-18 12:38:14,755 - INFO - SCB Company Apps - Reusing existing Appium driver session
2026-03-18 12:38:14,755 - INFO - SCB Company Apps - Wait for 'PromptPay' ...
2026-03-18 12:38:15,871 - INFO - SCB Company Apps - Select Bank ... Krungthai
2026-03-18 12:38:17,044 - INFO - SCB Company Apps - Wait for 'Recipient Details' appear ...
2026-03-18 12:38:18,046 - INFO - SCB Company Apps - Fill Account No ...
2026-03-18 12:38:18,402 - INFO - SCB Company Apps - Fill Amount ...
2026-03-18 12:38:19,046 - ERROR - root - ERIC API CALLBACK FAILED for Transaction 8813:
Traceback (most recent call last):
  File "c:\Users\Thomas\Desktop\bank_bot-main\playwright\THAI\Withdrawal\Apps\SCB_Company\scb_company_Apps_payout_1.0.3.py", line 215, in eric_api
    print("Raw string to hash:", string_to_hash)
ValueError: I/O operation on closed file.

2026-03-18 12:38:19,046 - INFO - SCB Company Apps - Not in Quick Transfer page, Continue ...
2026-03-18 12:38:19,046 - INFO - SCB Company Apps - ADB Shell Screen never Time Out ...
2026-03-18 12:38:19,211 - INFO - SCB Company Apps - Bypass USB Debugging...
2026-03-18 12:38:19,436 - INFO - SCB Company Apps - Current App state: 4
2026-03-18 12:38:19,436 - INFO - SCB Company Apps - App already in foreground. Proceeding...
2026-03-18 12:38:22,215 - INFO - SCB Company Apps - No Session Timeout, Skip ...
2026-03-18 12:40:06,457 - INFO - SCB Company Apps - Starting for Eric WS_Client ...
2026-03-18 12:40:06,477 - INFO - werkzeug - [31m[1mWARNING: This is a development server. Do not use it in a production deployment. Use a production WSGI server instead.[0m
 * Running on all addresses (0.0.0.0)
 * Running on http://127.0.0.1:5101
 * Running on http://10.0.0.253:5101
2026-03-18 12:40:06,477 - INFO - werkzeug - [33mPress CTRL+C to quit[0m
2026-03-18 12:40:10,584 - INFO - SCB Company Apps - Preparing Appium driver
2026-03-18 12:40:10,584 - INFO - SCB Company Apps - Reusing existing Appium driver session
2026-03-18 12:40:10,596 - INFO - SCB Company Apps - Appium process started with PID 4540
2026-03-18 12:40:12,128 - INFO - SCB Company Apps - Appium server is ready (attempt 1/10)
2026-03-18 12:40:15,844 - INFO - SCB Company Apps - ==================================================
2026-03-18 12:40:15,844 - INFO - SCB Company Apps - 🎰 Starting SCB Company Login Flow ....
2026-03-18 12:40:15,844 - INFO - SCB Company Apps - ==================================================
2026-03-18 12:40:15,953 - INFO - SCB Company Apps - Already on Transfer page, Skip login...
2026-03-18 12:40:15,953 - INFO - SCB Company Apps - ==================================================
2026-03-18 12:40:15,953 - INFO - SCB Company Apps - 🎰 Starting SCB Company Withdrawal Flow ....
2026-03-18 12:40:15,953 - INFO - SCB Company Apps - ==================================================
2026-03-18 12:40:15,953 - INFO - SCB Company Apps - Preparing Appium driver
2026-03-18 12:40:15,953 - INFO - SCB Company Apps - Reusing existing Appium driver session
2026-03-18 12:40:15,953 - INFO - SCB Company Apps - Appium process already exists, skipping new start
2026-03-18 12:40:15,953 - INFO - SCB Company Apps - Reusing existing Appium driver session
2026-03-18 12:40:15,953 - INFO - SCB Company Apps - Wait for 'PromptPay' ...
2026-03-18 12:40:17,017 - INFO - SCB Company Apps - Select Bank ... Krungthai
2026-03-18 12:40:19,357 - INFO - SCB Company Apps - Wait for 'Recipient Details' appear ...
2026-03-18 12:40:20,357 - INFO - SCB Company Apps - Fill Account No ...
2026-03-18 12:40:20,855 - INFO - SCB Company Apps - Fill Amount ...
2026-03-18 12:40:21,394 - INFO - SCB Company Apps - ERIC callback prepared. txn_id=8813 bankCode=SCB Company Apps deviceId=2312 merchantCode=IBS
2026-03-18 12:40:21,394 - INFO - SCB Company Apps - ERIC hash=3d7896ff322257ec688224b60adaa90f txn_id=8813
2026-03-18 12:40:21,394 - INFO - SCB Company Apps - ERIC callback response received. txn_id=8813 status=200
2026-03-18 12:40:21,394 - INFO - SCB Company Apps - ERIC callback body. txn_id=8813 body={"code":"100001","msg":"[bankCode Invalid bank code] ","data":null}
2026-03-18 12:40:21,394 - INFO - werkzeug - 127.0.0.1 - - [18/Mar/2026 12:40:21] "POST /scb_company/runPython HTTP/1.1" 200 -
2026-03-18 12:40:35,145 - INFO - SCB Company Apps - Preparing Appium driver
2026-03-18 12:40:35,145 - INFO - SCB Company Apps - Reusing existing Appium driver session
2026-03-18 12:40:35,145 - INFO - SCB Company Apps - Appium process already exists, skipping new start
2026-03-18 12:40:35,145 - INFO - SCB Company Apps - Reusing existing Appium driver session
2026-03-18 12:40:35,145 - INFO - SCB Company Apps - ==================================================
2026-03-18 12:40:35,145 - INFO - SCB Company Apps - 🎰 Starting SCB Company Login Flow ....
2026-03-18 12:40:35,145 - INFO - SCB Company Apps - ==================================================
2026-03-18 12:40:35,283 - INFO - SCB Company Apps - Already on Transfer page, Skip login...
2026-03-18 12:40:35,283 - INFO - SCB Company Apps - ==================================================
2026-03-18 12:40:35,283 - INFO - SCB Company Apps - 🎰 Starting SCB Company Withdrawal Flow ....
2026-03-18 12:40:35,283 - INFO - SCB Company Apps - ==================================================
2026-03-18 12:40:35,283 - INFO - SCB Company Apps - Preparing Appium driver
2026-03-18 12:40:35,283 - INFO - SCB Company Apps - Reusing existing Appium driver session
2026-03-18 12:40:35,283 - INFO - SCB Company Apps - Appium process already exists, skipping new start
2026-03-18 12:40:35,283 - INFO - SCB Company Apps - Reusing existing Appium driver session
2026-03-18 12:40:35,283 - INFO - SCB Company Apps - Wait for 'PromptPay' ...
2026-03-18 12:40:36,380 - INFO - SCB Company Apps - Select Bank ... Krungthai
2026-03-18 12:40:38,438 - INFO - SCB Company Apps - Wait for 'Recipient Details' appear ...
2026-03-18 12:40:39,442 - INFO - SCB Company Apps - Fill Account No ...
2026-03-18 12:40:39,935 - INFO - SCB Company Apps - Fill Amount ...
2026-03-18 12:40:40,474 - ERROR - root - ERIC API CALLBACK FAILED for Transaction 8813:
Traceback (most recent call last):
  File "c:\Users\Thomas\Desktop\bank_bot-main\playwright\THAI\Withdrawal\Apps\SCB_Company\scb_company_Apps_payout_1.0.3.py", line 215, in eric_api
    print("Raw string to hash:", string_to_hash)
ValueError: I/O operation on closed file.

2026-03-18 12:40:40,474 - INFO - SCB Company Apps - Not in Quick Transfer page, Continue ...
2026-03-18 12:40:40,474 - INFO - SCB Company Apps - ADB Shell Screen never Time Out ...
2026-03-18 12:40:40,644 - INFO - SCB Company Apps - Bypass USB Debugging...
2026-03-18 12:40:40,868 - INFO - SCB Company Apps - Current App state: 4
2026-03-18 12:40:40,868 - INFO - SCB Company Apps - App already in foreground. Proceeding...
2026-03-18 12:40:43,535 - INFO - SCB Company Apps - No Session Timeout, Skip ...
2026-03-18 12:40:59,634 - INFO - SCB Company Apps - Starting for Eric WS_Client ...
2026-03-18 12:40:59,650 - INFO - werkzeug - [31m[1mWARNING: This is a development server. Do not use it in a production deployment. Use a production WSGI server instead.[0m
 * Running on all addresses (0.0.0.0)
 * Running on http://127.0.0.1:5101
 * Running on http://10.0.0.253:5101
2026-03-18 12:40:59,650 - INFO - werkzeug - [33mPress CTRL+C to quit[0m
2026-03-18 12:41:06,662 - INFO - SCB Company Apps - Preparing Appium driver
2026-03-18 12:41:06,663 - INFO - SCB Company Apps - Reusing existing Appium driver session
2026-03-18 12:41:06,674 - INFO - SCB Company Apps - Appium process started with PID 13724
2026-03-18 12:41:08,204 - INFO - SCB Company Apps - Appium server is ready (attempt 1/10)
2026-03-18 12:41:11,831 - INFO - SCB Company Apps - ==================================================
2026-03-18 12:41:11,831 - INFO - SCB Company Apps - 🎰 Starting SCB Company Login Flow ....
2026-03-18 12:41:11,831 - INFO - SCB Company Apps - ==================================================
2026-03-18 12:41:11,962 - INFO - SCB Company Apps - Already on Transfer page, Skip login...
2026-03-18 12:41:11,963 - INFO - SCB Company Apps - ==================================================
2026-03-18 12:41:11,963 - INFO - SCB Company Apps - 🎰 Starting SCB Company Withdrawal Flow ....
2026-03-18 12:41:11,963 - INFO - SCB Company Apps - ==================================================
2026-03-18 12:41:11,963 - INFO - SCB Company Apps - Preparing Appium driver
2026-03-18 12:41:11,963 - INFO - SCB Company Apps - Reusing existing Appium driver session
2026-03-18 12:41:11,963 - INFO - SCB Company Apps - Appium process already exists, skipping new start
2026-03-18 12:41:11,963 - INFO - SCB Company Apps - Reusing existing Appium driver session
2026-03-18 12:41:11,963 - INFO - SCB Company Apps - Wait for 'PromptPay' ...
2026-03-18 12:41:13,062 - INFO - SCB Company Apps - Select Bank ... Krungthai
2026-03-18 12:41:15,310 - INFO - SCB Company Apps - Wait for 'Recipient Details' appear ...
2026-03-18 12:41:16,312 - INFO - SCB Company Apps - Fill Account No ...
2026-03-18 12:41:16,860 - INFO - SCB Company Apps - Fill Amount ...
2026-03-18 12:41:17,498 - INFO - SCB Company Apps - ERIC callback prepared. txn_id=8813 bankCode=SCB Company Apps deviceId=2312 merchantCode=IBS
2026-03-18 12:41:17,498 - INFO - SCB Company Apps - ERIC hash=3d7896ff322257ec688224b60adaa90f txn_id=8813
2026-03-18 12:41:17,498 - INFO - SCB Company Apps - ERIC callback response received. txn_id=8813 status=200
2026-03-18 12:41:17,498 - INFO - SCB Company Apps - ERIC callback body. txn_id=8813 body={"code":"100001","msg":"[bankCode Invalid bank code] ","data":null}
2026-03-18 12:41:17,498 - INFO - werkzeug - 127.0.0.1 - - [18/Mar/2026 12:41:17] "POST /scb_company/runPython HTTP/1.1" 200 -
2026-03-18 12:41:24,946 - INFO - SCB Company Apps - Preparing Appium driver
2026-03-18 12:41:24,946 - INFO - SCB Company Apps - Reusing existing Appium driver session
2026-03-18 12:41:24,946 - INFO - SCB Company Apps - Appium process already exists, skipping new start
2026-03-18 12:41:24,946 - INFO - SCB Company Apps - Reusing existing Appium driver session
2026-03-18 12:41:24,946 - INFO - SCB Company Apps - ==================================================
2026-03-18 12:41:24,946 - INFO - SCB Company Apps - 🎰 Starting SCB Company Login Flow ....
2026-03-18 12:41:24,946 - INFO - SCB Company Apps - ==================================================
2026-03-18 12:41:25,054 - INFO - SCB Company Apps - Already on Transfer page, Skip login...
2026-03-18 12:41:25,054 - INFO - SCB Company Apps - ==================================================
2026-03-18 12:41:25,054 - INFO - SCB Company Apps - 🎰 Starting SCB Company Withdrawal Flow ....
2026-03-18 12:41:25,054 - INFO - SCB Company Apps - ==================================================
2026-03-18 12:41:25,054 - INFO - SCB Company Apps - Preparing Appium driver
2026-03-18 12:41:25,054 - INFO - SCB Company Apps - Reusing existing Appium driver session
2026-03-18 12:41:25,054 - INFO - SCB Company Apps - Appium process already exists, skipping new start
2026-03-18 12:41:25,054 - INFO - SCB Company Apps - Reusing existing Appium driver session
2026-03-18 12:41:25,054 - INFO - SCB Company Apps - Wait for 'PromptPay' ...
2026-03-18 12:41:26,142 - INFO - SCB Company Apps - Select Bank ... Krungthai
2026-03-18 12:41:27,347 - INFO - SCB Company Apps - Wait for 'Recipient Details' appear ...
2026-03-18 12:41:28,358 - INFO - SCB Company Apps - Fill Account No ...
2026-03-18 12:41:28,834 - INFO - SCB Company Apps - Fill Amount ...
2026-03-18 12:41:29,485 - ERROR - root - ERIC API CALLBACK FAILED for Transaction 8813:
Traceback (most recent call last):
  File "c:\Users\Thomas\Desktop\bank_bot-main\playwright\THAI\Withdrawal\Apps\SCB_Company\scb_company_Apps_payout_1.0.3.py", line 215, in eric_api
    print("Raw string to hash:", string_to_hash)
ValueError: I/O operation on closed file.

2026-03-18 12:41:29,485 - INFO - SCB Company Apps - Not in Quick Transfer page, Continue ...
2026-03-18 12:41:29,485 - INFO - SCB Company Apps - ADB Shell Screen never Time Out ...
2026-03-18 12:41:29,661 - INFO - SCB Company Apps - Bypass USB Debugging...
2026-03-18 12:41:29,880 - INFO - SCB Company Apps - Current App state: 4
2026-03-18 12:41:29,880 - INFO - SCB Company Apps - App already in foreground. Proceeding...
2026-03-18 12:41:32,615 - INFO - SCB Company Apps - No Session Timeout, Skip ...
2026-03-18 12:41:57,612 - INFO - SCB Company Apps - Starting for Eric WS_Client ...
2026-03-18 12:41:57,637 - INFO - werkzeug - [31m[1mWARNING: This is a development server. Do not use it in a production deployment. Use a production WSGI server instead.[0m
 * Running on all addresses (0.0.0.0)
 * Running on http://127.0.0.1:5101
 * Running on http://10.0.0.253:5101
2026-03-18 12:41:57,637 - INFO - werkzeug - [33mPress CTRL+C to quit[0m
2026-03-18 12:42:02,113 - INFO - SCB Company Apps - Preparing Appium driver
2026-03-18 12:42:02,113 - INFO - SCB Company Apps - Reusing existing Appium driver session
2026-03-18 12:42:02,124 - INFO - SCB Company Apps - Appium process started with PID 11004
2026-03-18 12:42:03,654 - INFO - SCB Company Apps - Appium server is ready (attempt 1/10)
2026-03-18 12:42:07,062 - INFO - SCB Company Apps - ==================================================
2026-03-18 12:42:07,062 - INFO - SCB Company Apps - 🎰 Starting SCB Company Login Flow ....
2026-03-18 12:42:07,062 - INFO - SCB Company Apps - ==================================================
2026-03-18 12:42:10,174 - INFO - SCB Company Apps - Not in Quick Transfer page, Continue ...
2026-03-18 12:42:10,174 - INFO - SCB Company Apps - ADB Shell Screen never Time Out ...
2026-03-18 12:42:10,379 - INFO - SCB Company Apps - Bypass USB Debugging...
2026-03-18 12:42:10,547 - INFO - SCB Company Apps - Current App state: 1
2026-03-18 12:42:10,547 - INFO - SCB Company Apps - App state is 1. Performing a clean restart to prevent auto-crash.
2026-03-18 12:42:17,960 - INFO - SCB Company Apps - No Session Timeout, Skip ...
2026-03-18 12:42:18,307 - INFO - SCB Company Apps - Enter PIN Appear...
2026-03-18 12:42:18,307 - INFO - SCB Company Apps - Start Enter PIN...
2026-03-18 12:42:20,294 - INFO - SCB Company Apps - Wait for Pending Edit (0) ...
2026-03-18 12:42:23,168 - INFO - SCB Company Apps - Click 'Services' ...
2026-03-18 12:42:23,532 - INFO - SCB Company Apps - Wait for 'Manage your transaction appear' ...
2026-03-18 12:42:25,593 - INFO - SCB Company Apps - Button click 'Quick Transfer' ...
2026-03-18 12:42:25,889 - INFO - SCB Company Apps - ==================================================
2026-03-18 12:42:25,889 - INFO - SCB Company Apps - 🎰 Starting SCB Company Withdrawal Flow ....
2026-03-18 12:42:25,889 - INFO - SCB Company Apps - ==================================================
2026-03-18 12:42:25,889 - INFO - SCB Company Apps - Preparing Appium driver
2026-03-18 12:42:25,889 - INFO - SCB Company Apps - Reusing existing Appium driver session
2026-03-18 12:42:25,889 - INFO - SCB Company Apps - Appium process already exists, skipping new start
2026-03-18 12:42:25,889 - INFO - SCB Company Apps - Reusing existing Appium driver session
2026-03-18 12:42:25,889 - INFO - SCB Company Apps - Wait for 'PromptPay' ...
2026-03-18 12:42:28,260 - INFO - SCB Company Apps - Select Bank ... Krungthai
2026-03-18 12:42:29,840 - INFO - SCB Company Apps - Wait for 'Recipient Details' appear ...
2026-03-18 12:42:30,856 - INFO - SCB Company Apps - Fill Account No ...
2026-03-18 12:42:31,509 - INFO - SCB Company Apps - Fill Amount ...
2026-03-18 12:42:32,256 - INFO - SCB Company Apps - ERIC callback prepared. txn_id=8813 bankCode=SCB Company Apps deviceId=2312 merchantCode=IBS
2026-03-18 12:42:32,256 - INFO - SCB Company Apps - ERIC hash=3d7896ff322257ec688224b60adaa90f txn_id=8813
2026-03-18 12:42:32,256 - INFO - SCB Company Apps - ERIC callback response received. txn_id=8813 status=200
2026-03-18 12:42:32,256 - INFO - SCB Company Apps - ERIC callback body. txn_id=8813 body={"code":"100001","msg":"[bankCode Invalid bank code] ","data":null}
2026-03-18 12:42:32,256 - INFO - werkzeug - 127.0.0.1 - - [18/Mar/2026 12:42:32] "POST /scb_company/runPython HTTP/1.1" 200 -
2026-03-18 12:42:56,711 - INFO - SCB Company Apps - Preparing Appium driver
2026-03-18 12:42:56,711 - INFO - SCB Company Apps - Reusing existing Appium driver session
2026-03-18 12:42:56,711 - INFO - SCB Company Apps - Appium process already exists, skipping new start
2026-03-18 12:42:56,711 - INFO - SCB Company Apps - Reusing existing Appium driver session
2026-03-18 12:42:56,711 - INFO - SCB Company Apps - ==================================================
2026-03-18 12:42:56,711 - INFO - SCB Company Apps - 🎰 Starting SCB Company Login Flow ....
2026-03-18 12:42:56,711 - INFO - SCB Company Apps - ==================================================
2026-03-18 12:42:59,906 - INFO - SCB Company Apps - Not in Quick Transfer page, Continue ...
2026-03-18 12:42:59,906 - INFO - SCB Company Apps - ADB Shell Screen never Time Out ...
2026-03-18 12:43:00,088 - INFO - SCB Company Apps - Bypass USB Debugging...
2026-03-18 12:43:00,323 - INFO - SCB Company Apps - Current App state: 4
2026-03-18 12:43:00,324 - INFO - SCB Company Apps - App already in foreground. Proceeding...
2026-03-18 12:43:03,723 - INFO - SCB Company Apps - No Session Timeout, Skip ...
2026-03-18 12:43:16,503 - INFO - SCB Company Apps - Starting for Eric WS_Client ...
2026-03-18 12:43:16,523 - INFO - werkzeug - [31m[1mWARNING: This is a development server. Do not use it in a production deployment. Use a production WSGI server instead.[0m
 * Running on all addresses (0.0.0.0)
 * Running on http://127.0.0.1:5101
 * Running on http://10.0.0.253:5101
2026-03-18 12:43:16,523 - INFO - werkzeug - [33mPress CTRL+C to quit[0m
2026-03-18 12:43:18,711 - INFO - SCB Company Apps - Preparing Appium driver
2026-03-18 12:43:18,711 - INFO - SCB Company Apps - Reusing existing Appium driver session
2026-03-18 12:43:18,719 - INFO - SCB Company Apps - Appium process started with PID 19908
2026-03-18 12:43:20,756 - INFO - SCB Company Apps - Appium server is ready (attempt 1/10)
2026-03-18 12:43:24,454 - INFO - SCB Company Apps - ==================================================
2026-03-18 12:43:24,455 - INFO - SCB Company Apps - 🎰 Starting SCB Company Login Flow ....
2026-03-18 12:43:24,455 - INFO - SCB Company Apps - ==================================================
2026-03-18 12:43:27,562 - INFO - SCB Company Apps - Not in Quick Transfer page, Continue ...
2026-03-18 12:43:27,562 - INFO - SCB Company Apps - ADB Shell Screen never Time Out ...
2026-03-18 12:43:27,752 - INFO - SCB Company Apps - Bypass USB Debugging...
2026-03-18 12:43:27,919 - INFO - SCB Company Apps - Current App state: 1
2026-03-18 12:43:27,919 - INFO - SCB Company Apps - App state is 1. Performing a clean restart to prevent auto-crash.
2026-03-18 12:43:35,088 - INFO - SCB Company Apps - No Session Timeout, Skip ...
2026-03-18 12:43:35,412 - INFO - SCB Company Apps - Enter PIN Appear...
2026-03-18 12:43:35,412 - INFO - SCB Company Apps - Start Enter PIN...
2026-03-18 12:43:37,375 - INFO - SCB Company Apps - Wait for Pending Edit (0) ...
2026-03-18 12:43:38,706 - INFO - SCB Company Apps - Click 'Services' ...
2026-03-18 12:43:40,243 - INFO - SCB Company Apps - Wait for 'Manage your transaction appear' ...
2026-03-18 12:43:42,250 - INFO - SCB Company Apps - Button click 'Quick Transfer' ...
2026-03-18 12:43:42,676 - INFO - SCB Company Apps - ==================================================
2026-03-18 12:43:42,676 - INFO - SCB Company Apps - 🎰 Starting SCB Company Withdrawal Flow ....
2026-03-18 12:43:42,676 - INFO - SCB Company Apps - ==================================================
2026-03-18 12:43:42,676 - INFO - SCB Company Apps - Preparing Appium driver
2026-03-18 12:43:42,676 - INFO - SCB Company Apps - Reusing existing Appium driver session
2026-03-18 12:43:42,676 - INFO - SCB Company Apps - Appium process already exists, skipping new start
2026-03-18 12:43:42,676 - INFO - SCB Company Apps - Reusing existing Appium driver session
2026-03-18 12:43:42,676 - INFO - SCB Company Apps - Wait for 'PromptPay' ...
2026-03-18 12:43:45,068 - INFO - SCB Company Apps - Select Bank ... Krungthai
2026-03-18 12:43:47,944 - INFO - SCB Company Apps - Wait for 'Recipient Details' appear ...
2026-03-18 12:43:48,950 - INFO - SCB Company Apps - Fill Account No ...
2026-03-18 12:43:49,663 - INFO - SCB Company Apps - Fill Amount ...
2026-03-18 12:43:50,527 - INFO - SCB Company Apps - ERIC callback prepared. txn_id=8813 bankCode=SCB Company Apps deviceId=2312 merchantCode=IBS
2026-03-18 12:43:50,527 - INFO - SCB Company Apps - ERIC hash=3d7896ff322257ec688224b60adaa90f txn_id=8813
2026-03-18 12:43:50,527 - INFO - SCB Company Apps - ERIC callback response received. txn_id=8813 status=200
2026-03-18 12:43:50,527 - INFO - SCB Company Apps - ERIC callback body. txn_id=8813 body={"code":"100001","msg":"[bankCode Invalid bank code] ","data":null}
2026-03-18 12:43:50,527 - INFO - werkzeug - 127.0.0.1 - - [18/Mar/2026 12:43:50] "POST /scb_company/runPython HTTP/1.1" 200 -
2026-03-18 12:43:56,469 - INFO - SCB Company Apps - Preparing Appium driver
2026-03-18 12:43:56,469 - INFO - SCB Company Apps - Reusing existing Appium driver session
2026-03-18 12:43:56,469 - INFO - SCB Company Apps - Appium process already exists, skipping new start
2026-03-18 12:43:56,470 - INFO - SCB Company Apps - Reusing existing Appium driver session
2026-03-18 12:43:56,470 - INFO - SCB Company Apps - ==================================================
2026-03-18 12:43:56,470 - INFO - SCB Company Apps - 🎰 Starting SCB Company Login Flow ....
2026-03-18 12:43:56,470 - INFO - SCB Company Apps - ==================================================
2026-03-18 12:43:59,568 - INFO - SCB Company Apps - Not in Quick Transfer page, Continue ...
2026-03-18 12:43:59,568 - INFO - SCB Company Apps - ADB Shell Screen never Time Out ...
2026-03-18 12:43:59,731 - INFO - SCB Company Apps - Bypass USB Debugging...
2026-03-18 12:43:59,956 - INFO - SCB Company Apps - Current App state: 4
2026-03-18 12:43:59,956 - INFO - SCB Company Apps - App already in foreground. Proceeding...
2026-03-18 12:44:03,572 - INFO - SCB Company Apps - No Session Timeout, Skip ...
2026-03-18 12:44:05,779 - INFO - SCB Company Apps - Wait for Pending edit (0) appear ...
2026-03-18 12:44:05,779 - INFO - SCB Company Apps - Wait for Pending Edit (0) ...
2026-03-18 12:44:06,075 - INFO - SCB Company Apps - Click 'Services' ...
2026-03-18 12:44:06,630 - INFO - SCB Company Apps - Wait for 'Manage your transaction appear' ...
2026-03-18 12:44:11,907 - INFO - SCB Company Apps - Button click 'Quick Transfer' ...
2026-03-18 12:44:12,625 - INFO - SCB Company Apps - ==================================================
2026-03-18 12:44:12,625 - INFO - SCB Company Apps - 🎰 Starting SCB Company Withdrawal Flow ....
2026-03-18 12:44:12,625 - INFO - SCB Company Apps - ==================================================
2026-03-18 12:44:12,625 - INFO - SCB Company Apps - Preparing Appium driver
2026-03-18 12:44:12,625 - INFO - SCB Company Apps - Reusing existing Appium driver session
2026-03-18 12:44:12,625 - INFO - SCB Company Apps - Appium process already exists, skipping new start
2026-03-18 12:44:12,625 - INFO - SCB Company Apps - Reusing existing Appium driver session
2026-03-18 12:44:12,625 - INFO - SCB Company Apps - Wait for 'PromptPay' ...
2026-03-18 12:44:28,132 - INFO - SCB Company Apps - Starting for Eric WS_Client ...
2026-03-18 12:44:28,150 - INFO - werkzeug - [31m[1mWARNING: This is a development server. Do not use it in a production deployment. Use a production WSGI server instead.[0m
 * Running on all addresses (0.0.0.0)
 * Running on http://127.0.0.1:5101
 * Running on http://10.0.0.253:5101
2026-03-18 12:44:28,150 - INFO - werkzeug - [33mPress CTRL+C to quit[0m
2026-03-18 12:44:31,191 - INFO - SCB Company Apps - Preparing Appium driver
2026-03-18 12:44:31,191 - INFO - SCB Company Apps - Reusing existing Appium driver session
2026-03-18 12:44:31,202 - INFO - SCB Company Apps - Appium process started with PID 18440
2026-03-18 12:44:33,228 - INFO - SCB Company Apps - Appium server is ready (attempt 1/10)
2026-03-18 12:44:36,747 - INFO - SCB Company Apps - ==================================================
2026-03-18 12:44:36,748 - INFO - SCB Company Apps - 🎰 Starting SCB Company Login Flow ....
2026-03-18 12:44:36,748 - INFO - SCB Company Apps - ==================================================
2026-03-18 12:44:36,876 - INFO - SCB Company Apps - Already on Transfer page, Skip login...
2026-03-18 12:44:36,876 - INFO - SCB Company Apps - ==================================================
2026-03-18 12:44:36,877 - INFO - SCB Company Apps - 🎰 Starting SCB Company Withdrawal Flow ....
2026-03-18 12:44:36,877 - INFO - SCB Company Apps - ==================================================
2026-03-18 12:44:36,877 - INFO - SCB Company Apps - Preparing Appium driver
2026-03-18 12:44:36,877 - INFO - SCB Company Apps - Reusing existing Appium driver session
2026-03-18 12:44:36,877 - INFO - SCB Company Apps - Appium process already exists, skipping new start
2026-03-18 12:44:36,877 - INFO - SCB Company Apps - Reusing existing Appium driver session
2026-03-18 12:44:36,877 - INFO - SCB Company Apps - Wait for 'PromptPay' ...
2026-03-18 12:44:37,987 - INFO - SCB Company Apps - Select Bank ... Krungthai
2026-03-18 12:44:40,318 - INFO - SCB Company Apps - Wait for 'Recipient Details' appear ...
2026-03-18 12:44:41,319 - INFO - SCB Company Apps - Fill Account No ...
2026-03-18 12:44:41,871 - INFO - SCB Company Apps - Fill Amount ...
2026-03-18 12:44:42,717 - INFO - SCB Company Apps - ERIC callback prepared. txn_id=8813 bankCode=SCB Company Apps deviceId=2312 merchantCode=IBS
2026-03-18 12:44:42,717 - INFO - SCB Company Apps - ERIC hash=3d7896ff322257ec688224b60adaa90f txn_id=8813
2026-03-18 12:44:42,717 - INFO - SCB Company Apps - ERIC callback response received. txn_id=8813 status=200
2026-03-18 12:44:42,717 - INFO - SCB Company Apps - ERIC callback body. txn_id=8813 body={"code":"100001","msg":"[bankCode Invalid bank code] ","data":null}
2026-03-18 12:44:42,720 - INFO - werkzeug - 127.0.0.1 - - [18/Mar/2026 12:44:42] "POST /scb_company/runPython HTTP/1.1" 200 -
2026-03-18 12:44:51,100 - INFO - SCB Company Apps - Preparing Appium driver
2026-03-18 12:44:51,101 - INFO - SCB Company Apps - Reusing existing Appium driver session
2026-03-18 12:44:51,101 - INFO - SCB Company Apps - Appium process already exists, skipping new start
2026-03-18 12:44:51,101 - INFO - SCB Company Apps - Reusing existing Appium driver session
2026-03-18 12:44:51,101 - INFO - SCB Company Apps - ==================================================
2026-03-18 12:44:51,102 - INFO - SCB Company Apps - 🎰 Starting SCB Company Login Flow ....
2026-03-18 12:44:51,102 - INFO - SCB Company Apps - ==================================================
2026-03-18 12:44:51,197 - INFO - SCB Company Apps - Already on Transfer page, Skip login...
2026-03-18 12:44:51,198 - INFO - SCB Company Apps - ==================================================
2026-03-18 12:44:51,198 - INFO - SCB Company Apps - 🎰 Starting SCB Company Withdrawal Flow ....
2026-03-18 12:44:51,198 - INFO - SCB Company Apps - ==================================================
2026-03-18 12:44:51,198 - INFO - SCB Company Apps - Preparing Appium driver
2026-03-18 12:44:51,198 - INFO - SCB Company Apps - Reusing existing Appium driver session
2026-03-18 12:44:51,198 - INFO - SCB Company Apps - Appium process already exists, skipping new start
2026-03-18 12:44:51,199 - INFO - SCB Company Apps - Reusing existing Appium driver session
2026-03-18 12:44:51,199 - INFO - SCB Company Apps - Wait for 'PromptPay' ...
2026-03-18 12:44:52,296 - INFO - SCB Company Apps - Select Bank ... Krungthai
2026-03-18 12:44:53,631 - INFO - SCB Company Apps - Wait for 'Recipient Details' appear ...
2026-03-18 12:44:54,632 - INFO - SCB Company Apps - Fill Account No ...
2026-03-18 12:44:55,071 - INFO - SCB Company Apps - Fill Amount ...
2026-03-18 12:44:55,865 - ERROR - root - ERIC API CALLBACK FAILED for Transaction 8813:
Traceback (most recent call last):
  File "c:\Users\Thomas\Desktop\bank_bot-main\playwright\THAI\Withdrawal\Apps\SCB_Company\scb_company_Apps_payout_1.0.3.py", line 215, in eric_api
    print("Raw string to hash:", string_to_hash)
    ~~~~~^^^^^^^^^^^^^^^^^^^^^^^^^^^^^^^^^^^^^^^
ValueError: I/O operation on closed file.

2026-03-18 12:44:55,865 - INFO - SCB Company Apps - Not in Quick Transfer page, Continue ...
2026-03-18 12:44:55,867 - INFO - SCB Company Apps - ADB Shell Screen never Time Out ...
2026-03-18 12:44:56,059 - INFO - SCB Company Apps - Bypass USB Debugging...
2026-03-18 12:44:56,240 - INFO - SCB Company Apps - Current App state: 4
2026-03-18 12:44:56,241 - INFO - SCB Company Apps - App already in foreground. Proceeding...
2026-03-18 12:44:58,864 - INFO - SCB Company Apps - No Session Timeout, Skip ...
2026-03-18 12:45:46,944 - INFO - SCB Company Apps - Starting for Eric WS_Client ...
2026-03-18 12:45:46,964 - INFO - werkzeug - [31m[1mWARNING: This is a development server. Do not use it in a production deployment. Use a production WSGI server instead.[0m
 * Running on all addresses (0.0.0.0)
 * Running on http://127.0.0.1:5101
 * Running on http://10.0.0.253:5101
2026-03-18 12:45:46,964 - INFO - werkzeug - [33mPress CTRL+C to quit[0m
2026-03-18 12:46:12,102 - WARNING - urllib3.connectionpool - Retrying (Retry(total=2, connect=None, read=None, redirect=None, status=None)) after connection broken by 'NewConnectionError("HTTPConnection(host='127.0.0.1', port=8021): Failed to establish a new connection: [WinError 10061] No connection could be made because the target machine actively refused it")': /session/72799c84-b962-4e13-b55c-dcd9e6edbc20/element
2026-03-18 12:46:16,478 - INFO - SCB Company Apps - Starting for Eric WS_Client ...
2026-03-18 12:46:16,495 - INFO - werkzeug - [31m[1mWARNING: This is a development server. Do not use it in a production deployment. Use a production WSGI server instead.[0m
 * Running on all addresses (0.0.0.0)
 * Running on http://127.0.0.1:5101
 * Running on http://10.0.0.253:5101
2026-03-18 12:46:16,495 - INFO - werkzeug - [33mPress CTRL+C to quit[0m
2026-03-18 12:46:21,771 - INFO - SCB Company Apps - Preparing Appium driver
2026-03-18 12:46:21,771 - INFO - SCB Company Apps - Reusing existing Appium driver session
2026-03-18 12:46:21,779 - INFO - SCB Company Apps - Appium process started with PID 15980
2026-03-18 12:46:23,312 - INFO - SCB Company Apps - Appium server is ready (attempt 1/10)
2026-03-18 12:46:26,736 - INFO - SCB Company Apps - ==================================================
2026-03-18 12:46:26,736 - INFO - SCB Company Apps - 🎰 Starting SCB Company Login Flow ....
2026-03-18 12:46:26,737 - INFO - SCB Company Apps - ==================================================
2026-03-18 12:46:26,836 - INFO - SCB Company Apps - Already on Transfer page, Skip login...
2026-03-18 12:46:26,836 - INFO - SCB Company Apps - ==================================================
2026-03-18 12:46:26,837 - INFO - SCB Company Apps - 🎰 Starting SCB Company Withdrawal Flow ....
2026-03-18 12:46:26,837 - INFO - SCB Company Apps - ==================================================
2026-03-18 12:46:26,837 - INFO - SCB Company Apps - Preparing Appium driver
2026-03-18 12:46:26,837 - INFO - SCB Company Apps - Reusing existing Appium driver session
2026-03-18 12:46:26,837 - INFO - SCB Company Apps - Appium process already exists, skipping new start
2026-03-18 12:46:26,837 - INFO - SCB Company Apps - Reusing existing Appium driver session
2026-03-18 12:46:26,837 - INFO - SCB Company Apps - Wait for 'PromptPay' ...
2026-03-18 12:46:27,904 - INFO - SCB Company Apps - Select Bank ... Krungthai
2026-03-18 12:46:29,531 - INFO - SCB Company Apps - Wait for 'Recipient Details' appear ...
2026-03-18 12:46:30,532 - INFO - SCB Company Apps - Fill Account No ...
2026-03-18 12:46:31,113 - INFO - SCB Company Apps - Fill Amount ...
2026-03-18 12:46:31,932 - INFO - SCB Company Apps - ERIC callback prepared. txn_id=8813 bankCode=SCB Company Apps deviceId=2312 merchantCode=IBS
2026-03-18 12:46:31,932 - INFO - SCB Company Apps - ERIC hash=3d7896ff322257ec688224b60adaa90f txn_id=8813
2026-03-18 12:46:31,933 - INFO - SCB Company Apps - ERIC callback response received. txn_id=8813 status=200
2026-03-18 12:46:31,933 - INFO - SCB Company Apps - ERIC callback body. txn_id=8813 body={"code":"100001","msg":"[bankCode Invalid bank code] ","data":null}
2026-03-18 12:46:31,934 - INFO - werkzeug - 127.0.0.1 - - [18/Mar/2026 12:46:31] "POST /scb_company/runPython HTTP/1.1" 200 -
2026-03-18 12:46:38,878 - INFO - SCB Company Apps - Preparing Appium driver
2026-03-18 12:46:38,879 - INFO - SCB Company Apps - Reusing existing Appium driver session
2026-03-18 12:46:38,879 - INFO - SCB Company Apps - Appium process already exists, skipping new start
2026-03-18 12:46:38,879 - INFO - SCB Company Apps - Reusing existing Appium driver session
2026-03-18 12:46:38,879 - INFO - SCB Company Apps - ==================================================
2026-03-18 12:46:38,879 - INFO - SCB Company Apps - 🎰 Starting SCB Company Login Flow ....
2026-03-18 12:46:38,879 - INFO - SCB Company Apps - ==================================================
2026-03-18 12:46:39,004 - INFO - SCB Company Apps - Already on Transfer page, Skip login...
2026-03-18 12:46:39,005 - INFO - SCB Company Apps - ==================================================
2026-03-18 12:46:39,005 - INFO - SCB Company Apps - 🎰 Starting SCB Company Withdrawal Flow ....
2026-03-18 12:46:39,005 - INFO - SCB Company Apps - ==================================================
2026-03-18 12:46:39,005 - INFO - SCB Company Apps - Preparing Appium driver
2026-03-18 12:46:39,005 - INFO - SCB Company Apps - Reusing existing Appium driver session
2026-03-18 12:46:39,005 - INFO - SCB Company Apps - Appium process already exists, skipping new start
2026-03-18 12:46:39,005 - INFO - SCB Company Apps - Reusing existing Appium driver session
2026-03-18 12:46:39,006 - INFO - SCB Company Apps - Wait for 'PromptPay' ...
2026-03-18 12:46:40,117 - INFO - SCB Company Apps - Select Bank ... Krungthai
2026-03-18 12:46:42,295 - INFO - SCB Company Apps - Wait for 'Recipient Details' appear ...
2026-03-18 12:46:43,295 - INFO - SCB Company Apps - Fill Account No ...
2026-03-18 12:46:43,791 - INFO - SCB Company Apps - Fill Amount ...
2026-03-18 12:46:44,617 - INFO - SCB Company Apps - ERIC callback prepared. txn_id=8813 bankCode=SCB Company Apps deviceId=2312 merchantCode=IBS
2026-03-18 12:46:44,617 - INFO - SCB Company Apps - ERIC hash=3d7896ff322257ec688224b60adaa90f txn_id=8813
2026-03-18 12:46:44,618 - INFO - SCB Company Apps - ERIC callback response received. txn_id=8813 status=200
2026-03-18 12:46:44,618 - INFO - SCB Company Apps - ERIC callback body. txn_id=8813 body={"code":"100001","msg":"[bankCode Invalid bank code] ","data":null}
2026-03-18 12:46:44,621 - INFO - werkzeug - 127.0.0.1 - - [18/Mar/2026 12:46:44] "POST /scb_company/runPython HTTP/1.1" 200 -
2026-03-18 12:47:12,261 - INFO - SCB Company Apps - Preparing Appium driver
2026-03-18 12:47:12,261 - INFO - SCB Company Apps - Reusing existing Appium driver session
2026-03-18 12:47:12,262 - INFO - SCB Company Apps - Appium process already exists, skipping new start
2026-03-18 12:47:12,262 - INFO - SCB Company Apps - Reusing existing Appium driver session
2026-03-18 12:47:12,262 - INFO - SCB Company Apps - ==================================================
2026-03-18 12:47:12,262 - INFO - SCB Company Apps - 🎰 Starting SCB Company Login Flow ....
2026-03-18 12:47:12,262 - INFO - SCB Company Apps - ==================================================
2026-03-18 12:47:14,956 - INFO - SCB Company Apps - Not in Quick Transfer page, Continue ...
2026-03-18 12:47:14,956 - INFO - SCB Company Apps - ADB Shell Screen never Time Out ...
2026-03-18 12:47:18,179 - INFO - SCB Company Apps - Starting for Eric WS_Client ...
2026-03-18 12:47:18,195 - INFO - werkzeug - [31m[1mWARNING: This is a development server. Do not use it in a production deployment. Use a production WSGI server instead.[0m
 * Running on all addresses (0.0.0.0)
 * Running on http://127.0.0.1:5101
 * Running on http://10.0.0.253:5101
2026-03-18 12:47:18,195 - INFO - werkzeug - [33mPress CTRL+C to quit[0m
2026-03-18 12:47:19,374 - INFO - SCB Company Apps - Preparing Appium driver
2026-03-18 12:47:19,375 - INFO - SCB Company Apps - Reusing existing Appium driver session
2026-03-18 12:47:19,383 - INFO - SCB Company Apps - Appium process started with PID 27224
2026-03-18 12:47:21,420 - INFO - SCB Company Apps - Appium server is ready (attempt 1/10)
2026-03-18 12:47:24,922 - INFO - SCB Company Apps - ==================================================
2026-03-18 12:47:24,922 - INFO - SCB Company Apps - 🎰 Starting SCB Company Login Flow ....
2026-03-18 12:47:24,922 - INFO - SCB Company Apps - ==================================================
2026-03-18 12:47:25,045 - INFO - SCB Company Apps - Already on Transfer page, Skip login...
2026-03-18 12:47:25,045 - INFO - SCB Company Apps - ==================================================
2026-03-18 12:47:25,045 - INFO - SCB Company Apps - 🎰 Starting SCB Company Withdrawal Flow ....
2026-03-18 12:47:25,046 - INFO - SCB Company Apps - ==================================================
2026-03-18 12:47:25,046 - INFO - SCB Company Apps - Preparing Appium driver
2026-03-18 12:47:25,046 - INFO - SCB Company Apps - Reusing existing Appium driver session
2026-03-18 12:47:25,046 - INFO - SCB Company Apps - Appium process already exists, skipping new start
2026-03-18 12:47:25,046 - INFO - SCB Company Apps - Reusing existing Appium driver session
2026-03-18 12:47:25,046 - INFO - SCB Company Apps - Wait for 'PromptPay' ...
2026-03-18 12:47:26,098 - INFO - SCB Company Apps - Select Bank ... Krungthai
2026-03-18 12:47:27,693 - INFO - SCB Company Apps - Wait for 'Recipient Details' appear ...
2026-03-18 12:47:28,694 - INFO - SCB Company Apps - Fill Account No ...
2026-03-18 12:47:29,212 - INFO - SCB Company Apps - Fill Amount ...
2026-03-18 12:47:30,018 - INFO - SCB Company Apps - ERIC callback prepared. txn_id=8813 bankCode=SCB Company Apps deviceId=2312 merchantCode=IBS
2026-03-18 12:47:30,018 - INFO - SCB Company Apps - ERIC hash=3d7896ff322257ec688224b60adaa90f txn_id=8813
2026-03-18 12:47:30,019 - INFO - SCB Company Apps - ERIC callback response received. txn_id=8813 status=200
2026-03-18 12:47:30,019 - INFO - SCB Company Apps - ERIC callback body. txn_id=8813 body={"code":"100001","msg":"[bankCode Invalid bank code] ","data":null}
2026-03-18 12:47:30,020 - INFO - SCB Company Apps - ADB Shell Screen never Time Out ...
2026-03-18 12:47:30,210 - INFO - SCB Company Apps - Bypass USB Debugging...
2026-03-18 12:47:30,451 - INFO - SCB Company Apps - Current App state: 4
2026-03-18 12:47:30,451 - INFO - SCB Company Apps - App already in foreground. Proceeding...
2026-03-18 12:47:33,159 - INFO - SCB Company Apps - No Session Timeout, Skip ...
2026-03-19 11:07:21,078 - INFO - SCB Company Apps - Starting for Eric WS_Client ...
2026-03-19 11:07:21,166 - INFO - werkzeug - [31m[1mWARNING: This is a development server. Do not use it in a production deployment. Use a production WSGI server instead.[0m
 * Running on all addresses (0.0.0.0)
 * Running on http://127.0.0.1:5101
 * Running on http://10.0.0.253:5101
2026-03-19 11:07:21,166 - INFO - werkzeug - [33mPress CTRL+C to quit[0m
2026-03-19 11:09:22,946 - INFO - SCB Company Apps - Starting for Eric WS_Client ...
2026-03-19 11:09:22,974 - INFO - werkzeug - [31m[1mWARNING: This is a development server. Do not use it in a production deployment. Use a production WSGI server instead.[0m
 * Running on all addresses (0.0.0.0)
 * Running on http://127.0.0.1:5101
 * Running on http://10.0.0.253:5101
2026-03-19 11:09:22,974 - INFO - werkzeug - [33mPress CTRL+C to quit[0m
2026-03-19 11:11:57,467 - INFO - SCB Company Apps - Starting for Eric WS_Client ...
2026-03-19 11:11:57,502 - INFO - werkzeug - [31m[1mWARNING: This is a development server. Do not use it in a production deployment. Use a production WSGI server instead.[0m
 * Running on all addresses (0.0.0.0)
 * Running on http://127.0.0.1:5101
 * Running on http://10.0.0.253:5101
2026-03-19 11:11:57,502 - INFO - werkzeug - [33mPress CTRL+C to quit[0m
2026-03-19 11:12:30,335 - INFO - SCB Company Apps - Preparing Appium driver
2026-03-19 11:12:30,335 - INFO - SCB Company Apps - Reusing existing Appium driver session
2026-03-19 11:12:30,359 - INFO - SCB Company Apps - Appium process started with PID 24948
2026-03-19 11:12:30,371 - INFO - SCB Company Apps - Appium server is ready (attempt 1/10)
2026-03-19 11:12:58,085 - INFO - SCB Company Apps - Starting for Eric WS_Client ...
2026-03-19 11:12:58,115 - INFO - werkzeug - [31m[1mWARNING: This is a development server. Do not use it in a production deployment. Use a production WSGI server instead.[0m
 * Running on all addresses (0.0.0.0)
 * Running on http://127.0.0.1:5101
 * Running on http://10.0.0.253:5101
2026-03-19 11:12:58,116 - INFO - werkzeug - [33mPress CTRL+C to quit[0m
2026-03-19 11:13:05,981 - INFO - SCB Company Apps - Preparing Appium driver
2026-03-19 11:13:05,982 - INFO - SCB Company Apps - Reusing existing Appium driver session
2026-03-19 11:13:06,004 - INFO - SCB Company Apps - Appium process started with PID 24536
2026-03-19 11:13:06,020 - INFO - SCB Company Apps - Appium server is ready (attempt 1/10)
2026-03-19 11:13:26,129 - ERROR - root - CRITICAL ERROR for Transaction 8813:
Traceback (most recent call last):
  File "c:\Users\Thomas\Desktop\bank_bot-main\playwright\THAI\Withdrawal\Apps\SCB_Company\scb_company_Apps_payout_1.0.3.py", line 491, in runPython
    BankBot.scbAnywhere_login(data)
    ~~~~~~~~~~~~~~~~~~~~~~~~~^^^^^^
  File "c:\Users\Thomas\Desktop\bank_bot-main\playwright\THAI\Withdrawal\Apps\SCB_Company\scb_company_Apps_payout_1.0.3.py", line 259, in scbAnywhere_login
    driver = cls.use_appium_driver()
  File "c:\Users\Thomas\Desktop\bank_bot-main\playwright\THAI\Withdrawal\Apps\SCB_Company\scb_company_Apps_payout_1.0.3.py", line 95, in use_appium_driver
    APPIUM_DRIVER = webdriver.Remote("http://127.0.0.1:8021", options=options)
  File "C:\Users\Thomas\AppData\Local\Programs\Python\Python313\Lib\site-packages\appium\webdriver\webdriver.py", line 249, in __init__
    super().__init__(
    ~~~~~~~~~~~~~~~~^
        command_executor=command_executor,
        ^^^^^^^^^^^^^^^^^^^^^^^^^^^^^^^^^^
    ...<3 lines>...
        client_config=client_config,
        ^^^^^^^^^^^^^^^^^^^^^^^^^^^^
    )
    ^
  File "C:\Users\Thomas\AppData\Local\Programs\Python\Python313\Lib\site-packages\selenium\webdriver\remote\webdriver.py", line 271, in __init__
    self.start_session(capabilities)
    ~~~~~~~~~~~~~~~~~~^^^^^^^^^^^^^^
  File "C:\Users\Thomas\AppData\Local\Programs\Python\Python313\Lib\site-packages\appium\webdriver\webdriver.py", line 342, in start_session
    response = self.execute(RemoteCommand.NEW_SESSION, w3c_caps)
  File "C:\Users\Thomas\AppData\Local\Programs\Python\Python313\Lib\site-packages\selenium\webdriver\remote\webdriver.py", line 446, in execute
    self.error_handler.check_response(response)
    ~~~~~~~~~~~~~~~~~~~~~~~~~~~~~~~~~^^^^^^^^^^
  File "C:\Users\Thomas\AppData\Local\Programs\Python\Python313\Lib\site-packages\selenium\webdriver\remote\errorhandler.py", line 232, in check_response
    raise exception_class(message, screen, stacktrace)
selenium.common.exceptions.WebDriverException: Message: Could not find a connected Android device in 20000ms
Stacktrace:
UnknownError: Could not find a connected Android device in 20000ms
    at getResponseForW3CError (C:\Users\Thomas\AppData\Roaming\npm\node_modules\appium\node_modules\@appium\base-driver\build\lib\protocol\errors.js:824:36)
    at asyncHandler (C:\Users\Thomas\AppData\Roaming\npm\node_modules\appium\node_modules\@appium\base-driver\build\lib\protocol\protocol.js:402:77)
The above error is caused by
Error: Could not find a connected Android device in 20000ms
    at ADB.getDevicesWithRetry (C:\Users\Thomas\.appium\node_modules\appium-uiautomator2-driver\node_modules\appium-adb\build\lib\tools\system-calls.js:360:19)
    at process.processTicksAndRejections (node:internal/process/task_queues:103:5)
    at async AndroidUiautomator2Driver.getDeviceInfoFromCaps (C:\Users\Thomas\.appium\node_modules\appium-uiautomator2-driver\node_modules\appium-android-driver\build\lib\commands\device\common.js:76:25)
    at async AndroidUiautomator2Driver.createSession (C:\Users\Thomas\.appium\node_modules\appium-uiautomator2-driver\build\lib\driver.js:211:38)
    at async AppiumDriver.createSession (C:\Users\Thomas\AppData\Roaming\npm\node_modules\appium\build\lib\appium.js:324:43)

----------------------------------------
2026-03-19 11:13:26,131 - INFO - werkzeug - 127.0.0.1 - - [19/Mar/2026 11:13:26] "[35m[1mPOST /scb_company/runPython HTTP/1.1[0m" 500 -
2026-03-19 11:13:32,057 - INFO - SCB Company Apps - Starting for Eric WS_Client ...
2026-03-19 11:13:32,090 - INFO - werkzeug - [31m[1mWARNING: This is a development server. Do not use it in a production deployment. Use a production WSGI server instead.[0m
 * Running on all addresses (0.0.0.0)
 * Running on http://127.0.0.1:5101
 * Running on http://10.0.0.253:5101
2026-03-19 11:13:32,090 - INFO - werkzeug - [33mPress CTRL+C to quit[0m
2026-03-19 11:13:48,456 - INFO - SCB Company Apps - Starting for Eric WS_Client ...
2026-03-19 11:13:48,494 - INFO - werkzeug - [31m[1mWARNING: This is a development server. Do not use it in a production deployment. Use a production WSGI server instead.[0m
 * Running on all addresses (0.0.0.0)
 * Running on http://127.0.0.1:5101
 * Running on http://10.0.0.253:5101
2026-03-19 11:13:48,495 - INFO - werkzeug - [33mPress CTRL+C to quit[0m
2026-03-19 11:13:49,016 - INFO - SCB Company Apps - Preparing Appium driver
2026-03-19 11:13:49,016 - INFO - SCB Company Apps - Reusing existing Appium driver session
2026-03-19 11:13:49,027 - INFO - SCB Company Apps - Appium process started with PID 28724
2026-03-19 11:13:49,036 - INFO - SCB Company Apps - Appium server is ready (attempt 1/10)
2026-03-19 11:13:53,144 - INFO - SCB Company Apps - ==================================================
2026-03-19 11:13:53,145 - INFO - SCB Company Apps - 🎰 Starting SCB Company Login Flow ....
2026-03-19 11:13:53,146 - INFO - SCB Company Apps - ==================================================
2026-03-19 11:13:54,412 - INFO - SCB Company Apps - Not in Quick Transfer page, Continue ...
2026-03-19 11:13:54,413 - INFO - SCB Company Apps - ADB Shell Screen never Time Out ...
2026-03-19 11:13:54,650 - INFO - SCB Company Apps - Bypass USB Debugging...
2026-03-19 11:13:54,979 - INFO - SCB Company Apps - Current App state: 3
2026-03-19 11:13:54,980 - INFO - SCB Company Apps - App state is 3. Performing a clean restart to prevent auto-crash.
2026-03-19 11:14:02,128 - INFO - SCB Company Apps - No Session Timeout, Skip ...
2026-03-19 11:14:02,466 - INFO - SCB Company Apps - Enter PIN Appear...
2026-03-19 11:14:02,469 - INFO - SCB Company Apps - Start Enter PIN...
2026-03-19 11:14:07,520 - INFO - SCB Company Apps - Wait for Pending Edit (0) ...
2026-03-19 11:14:07,753 - INFO - SCB Company Apps - Click 'Services' ...
2026-03-19 11:14:08,173 - INFO - SCB Company Apps - Wait for 'Manage your transaction appear' ...
2026-03-19 11:14:10,173 - INFO - SCB Company Apps - Button click 'Quick Transfer' ...
2026-03-19 11:14:10,674 - INFO - SCB Company Apps - ==================================================
2026-03-19 11:14:10,675 - INFO - SCB Company Apps - 🎰 Starting SCB Company Withdrawal Flow ....
2026-03-19 11:14:10,676 - INFO - SCB Company Apps - ==================================================
2026-03-19 11:14:10,676 - INFO - SCB Company Apps - Preparing Appium driver
2026-03-19 11:14:10,676 - INFO - SCB Company Apps - Reusing existing Appium driver session
2026-03-19 11:14:10,677 - INFO - SCB Company Apps - Appium process already exists, skipping new start
2026-03-19 11:14:10,677 - INFO - SCB Company Apps - Reusing existing Appium driver session
2026-03-19 11:14:10,677 - INFO - SCB Company Apps - Wait for 'PromptPay' ...
2026-03-19 11:14:13,030 - INFO - SCB Company Apps - Select Bank ... Krungthai
2026-03-19 11:14:20,919 - INFO - SCB Company Apps - Starting for Eric WS_Client ...
2026-03-19 11:14:20,950 - INFO - werkzeug - [31m[1mWARNING: This is a development server. Do not use it in a production deployment. Use a production WSGI server instead.[0m
 * Running on all addresses (0.0.0.0)
 * Running on http://127.0.0.1:5101
 * Running on http://10.0.0.253:5101
2026-03-19 11:14:20,950 - INFO - werkzeug - [33mPress CTRL+C to quit[0m
2026-03-19 11:14:26,940 - INFO - SCB Company Apps - Starting for Eric WS_Client ...
2026-03-19 11:14:26,980 - INFO - werkzeug - [31m[1mWARNING: This is a development server. Do not use it in a production deployment. Use a production WSGI server instead.[0m
 * Running on all addresses (0.0.0.0)
 * Running on http://127.0.0.1:5101
 * Running on http://10.0.0.253:5101
2026-03-19 11:14:26,980 - INFO - werkzeug - [33mPress CTRL+C to quit[0m
2026-03-19 11:20:16,598 - INFO - SCB Company Apps - Starting for Eric WS_Client ...
2026-03-19 11:20:16,632 - INFO - werkzeug - [31m[1mWARNING: This is a development server. Do not use it in a production deployment. Use a production WSGI server instead.[0m
 * Running on all addresses (0.0.0.0)
 * Running on http://127.0.0.1:5101
 * Running on http://10.0.0.253:5101
2026-03-19 11:20:16,632 - INFO - werkzeug - [33mPress CTRL+C to quit[0m
2026-03-19 11:20:25,396 - INFO - SCB Company Apps - Starting for Eric WS_Client ...
2026-03-19 11:20:25,428 - INFO - werkzeug - [31m[1mWARNING: This is a development server. Do not use it in a production deployment. Use a production WSGI server instead.[0m
 * Running on all addresses (0.0.0.0)
 * Running on http://127.0.0.1:5101
 * Running on http://10.0.0.253:5101
2026-03-19 11:20:25,428 - INFO - werkzeug - [33mPress CTRL+C to quit[0m
2026-03-19 11:20:26,967 - INFO - SCB Company Apps - Preparing Appium driver
2026-03-19 11:20:26,968 - INFO - SCB Company Apps - Reusing existing Appium driver session
2026-03-19 11:20:26,978 - INFO - SCB Company Apps - Appium process started with PID 14588
2026-03-19 11:20:26,991 - INFO - SCB Company Apps - Appium server is ready (attempt 1/10)
2026-03-19 11:20:31,073 - INFO - SCB Company Apps - ==================================================
2026-03-19 11:20:31,074 - INFO - SCB Company Apps - 🎰 Starting SCB Company Login Flow ....
2026-03-19 11:20:31,076 - INFO - SCB Company Apps - ==================================================
2026-03-19 11:20:32,372 - INFO - SCB Company Apps - Not in Quick Transfer page, Continue ...
2026-03-19 11:20:32,373 - INFO - SCB Company Apps - ADB Shell Screen never Time Out ...
2026-03-19 11:20:32,613 - INFO - SCB Company Apps - Bypass USB Debugging...
2026-03-19 11:20:32,971 - INFO - SCB Company Apps - Current App state: 3
2026-03-19 11:20:32,972 - INFO - SCB Company Apps - App state is 3. Performing a clean restart to prevent auto-crash.
2026-03-19 11:20:40,704 - INFO - SCB Company Apps - No Session Timeout, Skip ...
2026-03-19 11:20:41,016 - INFO - SCB Company Apps - Enter PIN Appear...
2026-03-19 11:20:41,017 - INFO - SCB Company Apps - Start Enter PIN...
2026-03-19 11:20:46,080 - INFO - SCB Company Apps - Wait for Pending Edit (0) ...
2026-03-19 11:20:46,234 - INFO - SCB Company Apps - Click 'Services' ...
2026-03-19 11:20:46,604 - INFO - SCB Company Apps - Wait for 'Manage your transaction appear' ...
2026-03-19 11:20:48,609 - INFO - SCB Company Apps - Button click 'Quick Transfer' ...
2026-03-19 11:20:49,010 - INFO - SCB Company Apps - ==================================================
2026-03-19 11:20:49,011 - INFO - SCB Company Apps - 🎰 Starting SCB Company Withdrawal Flow ....
2026-03-19 11:20:49,012 - INFO - SCB Company Apps - ==================================================
2026-03-19 11:20:49,012 - INFO - SCB Company Apps - Preparing Appium driver
2026-03-19 11:20:49,013 - INFO - SCB Company Apps - Reusing existing Appium driver session
2026-03-19 11:20:49,014 - INFO - SCB Company Apps - Appium process already exists, skipping new start
2026-03-19 11:20:49,015 - INFO - SCB Company Apps - Reusing existing Appium driver session
2026-03-19 11:20:49,015 - INFO - SCB Company Apps - Wait for 'PromptPay' ...
2026-03-19 11:21:14,645 - INFO - SCB Company Apps - Starting for Eric WS_Client ...
2026-03-19 11:21:14,674 - INFO - werkzeug - [31m[1mWARNING: This is a development server. Do not use it in a production deployment. Use a production WSGI server instead.[0m
 * Running on all addresses (0.0.0.0)
 * Running on http://127.0.0.1:5101
 * Running on http://10.0.0.253:5101
2026-03-19 11:21:14,674 - INFO - werkzeug - [33mPress CTRL+C to quit[0m
2026-03-19 11:21:34,826 - INFO - SCB Company Apps - Starting for Eric WS_Client ...
2026-03-19 11:21:34,860 - INFO - werkzeug - [31m[1mWARNING: This is a development server. Do not use it in a production deployment. Use a production WSGI server instead.[0m
 * Running on all addresses (0.0.0.0)
 * Running on http://127.0.0.1:5101
 * Running on http://10.0.0.253:5101
2026-03-19 11:21:34,861 - INFO - werkzeug - [33mPress CTRL+C to quit[0m
2026-03-19 11:21:42,304 - INFO - SCB Company Apps - Starting for Eric WS_Client ...
2026-03-19 11:21:42,350 - INFO - werkzeug - [31m[1mWARNING: This is a development server. Do not use it in a production deployment. Use a production WSGI server instead.[0m
 * Running on all addresses (0.0.0.0)
 * Running on http://127.0.0.1:5101
 * Running on http://10.0.0.253:5101
2026-03-19 11:21:42,350 - INFO - werkzeug - [33mPress CTRL+C to quit[0m
2026-03-19 11:21:46,271 - INFO - SCB Company Apps - Preparing Appium driver
2026-03-19 11:21:46,272 - INFO - SCB Company Apps - Reusing existing Appium driver session
2026-03-19 11:21:46,296 - INFO - SCB Company Apps - Appium process started with PID 29344
2026-03-19 11:21:46,310 - INFO - SCB Company Apps - Appium server is ready (attempt 1/10)
2026-03-19 11:21:50,108 - INFO - SCB Company Apps - ==================================================
2026-03-19 11:21:50,108 - INFO - SCB Company Apps - 🎰 Starting SCB Company Login Flow ....
2026-03-19 11:21:50,109 - INFO - SCB Company Apps - ==================================================
2026-03-19 11:21:51,341 - INFO - SCB Company Apps - Not in Quick Transfer page, Continue ...
2026-03-19 11:21:51,342 - INFO - SCB Company Apps - ADB Shell Screen never Time Out ...
2026-03-19 11:21:51,562 - INFO - SCB Company Apps - Bypass USB Debugging...
2026-03-19 11:21:51,805 - INFO - SCB Company Apps - Current App state: 1
2026-03-19 11:21:51,807 - INFO - SCB Company Apps - App state is 1. Performing a clean restart to prevent auto-crash.
2026-03-19 11:21:59,371 - INFO - SCB Company Apps - No Session Timeout, Skip ...
2026-03-19 11:21:59,700 - INFO - SCB Company Apps - Enter PIN Appear...
2026-03-19 11:21:59,703 - INFO - SCB Company Apps - Start Enter PIN...
2026-03-19 11:22:06,741 - INFO - SCB Company Apps - Wait for Pending Edit (0) ...
2026-03-19 11:22:06,914 - INFO - SCB Company Apps - Click 'Services' ...
2026-03-19 11:22:07,346 - INFO - SCB Company Apps - Wait for 'Manage your transaction appear' ...
2026-03-19 11:22:09,439 - INFO - SCB Company Apps - Button click 'Quick Transfer' ...
2026-03-19 11:22:09,868 - INFO - SCB Company Apps - ==================================================
2026-03-19 11:22:09,869 - INFO - SCB Company Apps - 🎰 Starting SCB Company Withdrawal Flow ....
2026-03-19 11:22:09,869 - INFO - SCB Company Apps - ==================================================
2026-03-19 11:22:09,870 - INFO - SCB Company Apps - Preparing Appium driver
2026-03-19 11:22:09,870 - INFO - SCB Company Apps - Reusing existing Appium driver session
2026-03-19 11:22:09,870 - INFO - SCB Company Apps - Appium process already exists, skipping new start
2026-03-19 11:22:09,870 - INFO - SCB Company Apps - Reusing existing Appium driver session
2026-03-19 11:22:09,871 - INFO - SCB Company Apps - Wait for 'PromptPay' ...
2026-03-19 11:24:21,110 - INFO - SCB Company Apps - Starting for Eric WS_Client ...
2026-03-19 11:24:21,144 - INFO - werkzeug - [31m[1mWARNING: This is a development server. Do not use it in a production deployment. Use a production WSGI server instead.[0m
 * Running on all addresses (0.0.0.0)
 * Running on http://127.0.0.1:5101
 * Running on http://10.0.0.253:5101
2026-03-19 11:24:21,144 - INFO - werkzeug - [33mPress CTRL+C to quit[0m
2026-03-19 11:24:36,078 - INFO - SCB Company Apps - Starting for Eric WS_Client ...
2026-03-19 11:24:36,118 - INFO - werkzeug - [31m[1mWARNING: This is a development server. Do not use it in a production deployment. Use a production WSGI server instead.[0m
 * Running on all addresses (0.0.0.0)
 * Running on http://127.0.0.1:5101
 * Running on http://10.0.0.253:5101
2026-03-19 11:24:36,118 - INFO - werkzeug - [33mPress CTRL+C to quit[0m
2026-03-19 11:24:41,315 - INFO - SCB Company Apps - Starting for Eric WS_Client ...
2026-03-19 11:24:41,347 - INFO - werkzeug - [31m[1mWARNING: This is a development server. Do not use it in a production deployment. Use a production WSGI server instead.[0m
 * Running on all addresses (0.0.0.0)
 * Running on http://127.0.0.1:5101
 * Running on http://10.0.0.253:5101
2026-03-19 11:24:41,347 - INFO - werkzeug - [33mPress CTRL+C to quit[0m
2026-03-19 11:24:44,452 - INFO - SCB Company Apps - Preparing Appium driver
2026-03-19 11:24:44,452 - INFO - SCB Company Apps - Reusing existing Appium driver session
2026-03-19 11:24:44,480 - INFO - SCB Company Apps - Appium process started with PID 19264
2026-03-19 11:24:44,493 - INFO - SCB Company Apps - Appium server is ready (attempt 1/10)
2026-03-19 11:24:48,378 - INFO - SCB Company Apps - ==================================================
2026-03-19 11:24:48,379 - INFO - SCB Company Apps - 🎰 Starting SCB Company Login Flow .... 8813 
2026-03-19 11:24:48,380 - INFO - SCB Company Apps - ==================================================
2026-03-19 11:24:49,670 - INFO - SCB Company Apps - Not in Quick Transfer page, Continue ...
2026-03-19 11:24:49,670 - INFO - SCB Company Apps - ADB Shell Screen never Time Out ...
2026-03-19 11:24:49,924 - INFO - SCB Company Apps - Bypass USB Debugging...
2026-03-19 11:24:50,265 - INFO - SCB Company Apps - Current App state: 3
2026-03-19 11:24:50,265 - INFO - SCB Company Apps - App state is 3. Performing a clean restart to prevent auto-crash.
