2026-03-06 13:25:37,947 - INFO - TTB Personal Apps - Preparing Appium driver
2026-03-06 13:25:37,948 - INFO - TTB Personal Apps - Reusing existing Appium driver session
2026-03-06 13:26:10,051 - INFO - TTB Personal Apps - Preparing Appium driver
2026-03-06 13:26:10,052 - INFO - TTB Personal Apps - Reusing existing Appium driver session
2026-03-06 13:27:16,979 - INFO - TTB Personal Apps - Preparing Appium driver
2026-03-06 13:27:16,979 - INFO - TTB Personal Apps - Reusing existing Appium driver session
2026-03-06 13:27:17,070 - INFO - TTB Personal Apps - Appium process started with PID 25112
2026-03-06 13:27:20,161 - INFO - TTB Personal Apps - Appium server is ready (attempt 2/10)
2026-03-06 13:27:26,003 - INFO - TTB Personal Apps - Use Appium Driver ...
2026-03-06 13:27:26,003 - INFO - TTB Personal Apps - ==================================================
2026-03-06 13:27:26,004 - INFO - TTB Personal Apps - 🎰 Starting TTB Touch Login Flow ....
2026-03-06 13:27:26,004 - INFO - TTB Personal Apps - ==================================================
2026-03-06 13:27:26,140 - INFO - TTB Personal Apps - ADB Shell Screen never Time Out ...
2026-03-06 13:27:26,397 - INFO - TTB Personal Apps - Launch TTB Touch Apps ...
2026-03-06 13:27:38,320 - INFO - TTB Personal Apps - Click Transfer ...
2026-03-06 13:27:38,321 - INFO - TTB Personal Apps - Key Login Passcode ...
2026-03-06 13:27:44,957 - INFO - TTB Personal Apps - ==================================================
2026-03-06 13:27:44,957 - INFO - TTB Personal Apps - 🎰 Starting TTB Touch Withdrawal Flow ....
2026-03-06 13:27:44,957 - INFO - TTB Personal Apps - ==================================================
2026-03-06 13:27:44,957 - INFO - TTB Personal Apps - Preparing Appium driver
2026-03-06 13:27:44,958 - INFO - TTB Personal Apps - Reusing existing Appium driver session
2026-03-06 13:27:44,958 - INFO - TTB Personal Apps - Appium process already exists, skipping new start
2026-03-06 13:27:44,959 - INFO - TTB Personal Apps - Reusing existing Appium driver session
2026-03-06 13:27:47,822 - INFO - TTB Personal Apps - Click 'Other Accounts' ...
2026-03-06 13:27:50,896 - INFO - TTB Personal Apps - Click Select Bank ... (Drop Down Menu)
2026-03-06 13:27:54,279 - INFO - TTB Personal Apps - Select Bank ...
2026-03-06 13:27:54,485 - INFO - TTB Personal Apps - Fill Account No ...
2026-03-06 13:27:56,637 - INFO - TTB Personal Apps - Fill Amount ...
2026-03-06 13:27:59,416 - INFO - TTB Personal Apps - Scroll Down ...
2026-03-06 13:28:00,338 - INFO - TTB Personal Apps - Click Next ...
2026-03-06 13:28:03,255 - INFO - TTB Personal Apps - Click Confirm Transaction ...
2026-03-06 13:28:03,256 - INFO - TTB Personal Apps - Key Login Passcode ...
2026-03-06 13:33:15,464 - INFO - TTB Personal Apps - Preparing Appium driver
2026-03-06 13:33:15,465 - INFO - TTB Personal Apps - Reusing existing Appium driver session
2026-03-06 13:33:15,498 - INFO - TTB Personal Apps - Appium process started with PID 4024
2026-03-06 13:33:17,548 - INFO - TTB Personal Apps - Appium server is ready (attempt 1/10)
2026-03-06 13:33:21,834 - INFO - TTB Personal Apps - Use Appium Driver ...
2026-03-06 13:33:21,835 - INFO - TTB Personal Apps - ==================================================
2026-03-06 13:33:21,835 - INFO - TTB Personal Apps - 🎰 Starting TTB Touch Login Flow ....
2026-03-06 13:33:21,836 - INFO - TTB Personal Apps - ==================================================
2026-03-06 13:33:21,949 - INFO - TTB Personal Apps - ADB Shell Screen never Time Out ...
2026-03-06 13:33:22,201 - INFO - TTB Personal Apps - Launch TTB Touch Apps ...
2026-03-06 13:33:32,212 - INFO - TTB Personal Apps - Click Transfer ...
2026-03-06 13:33:34,664 - INFO - TTB Personal Apps - Waiting for Enter Pin ...
2026-03-06 13:33:34,664 - INFO - TTB Personal Apps - Key Login Passcode ...
2026-03-06 13:33:40,407 - INFO - TTB Personal Apps - ==================================================
2026-03-06 13:33:40,408 - INFO - TTB Personal Apps - 🎰 Starting TTB Touch Withdrawal Flow ....
2026-03-06 13:33:40,409 - INFO - TTB Personal Apps - ==================================================
2026-03-06 13:33:40,409 - INFO - TTB Personal Apps - Preparing Appium driver
2026-03-06 13:33:40,409 - INFO - TTB Personal Apps - Reusing existing Appium driver session
2026-03-06 13:33:40,409 - INFO - TTB Personal Apps - Appium process already exists, skipping new start
2026-03-06 13:33:40,410 - INFO - TTB Personal Apps - Reusing existing Appium driver session
2026-03-06 13:33:42,769 - INFO - TTB Personal Apps - Click 'Other Accounts' ...
2026-03-06 13:34:16,052 - INFO - TTB Personal Apps - Preparing Appium driver
2026-03-06 13:34:16,053 - INFO - TTB Personal Apps - Reusing existing Appium driver session
2026-03-06 13:34:16,074 - INFO - TTB Personal Apps - Appium process started with PID 13964
2026-03-06 13:34:18,131 - INFO - TTB Personal Apps - Appium server is ready (attempt 1/10)
2026-03-06 13:34:23,008 - INFO - TTB Personal Apps - Use Appium Driver ...
2026-03-06 13:34:23,008 - INFO - TTB Personal Apps - ==================================================
2026-03-06 13:34:23,009 - INFO - TTB Personal Apps - 🎰 Starting TTB Touch Login Flow ....
2026-03-06 13:34:23,009 - INFO - TTB Personal Apps - ==================================================
2026-03-06 13:34:23,107 - INFO - TTB Personal Apps - ADB Shell Screen never Time Out ...
2026-03-06 13:34:23,299 - INFO - TTB Personal Apps - Launch TTB Touch Apps ...
2026-03-06 13:34:34,640 - INFO - TTB Personal Apps - Click Transfer ...
2026-03-06 13:34:36,676 - INFO - TTB Personal Apps - Waiting for Enter Pin ...
2026-03-06 13:34:36,677 - INFO - TTB Personal Apps - Key Login Passcode ...
2026-03-06 13:34:46,629 - INFO - TTB Personal Apps - Successfully Login ...
2026-03-06 13:34:46,629 - INFO - TTB Personal Apps - ==================================================
2026-03-06 13:34:46,630 - INFO - TTB Personal Apps - 🎰 Starting TTB Touch Withdrawal Flow ....
2026-03-06 13:34:46,631 - INFO - TTB Personal Apps - ==================================================
2026-03-06 13:34:46,631 - INFO - TTB Personal Apps - Preparing Appium driver
2026-03-06 13:34:46,631 - INFO - TTB Personal Apps - Reusing existing Appium driver session
2026-03-06 13:34:46,632 - INFO - TTB Personal Apps - Appium process already exists, skipping new start
2026-03-06 13:34:46,632 - INFO - TTB Personal Apps - Reusing existing Appium driver session
2026-03-06 13:35:18,943 - INFO - TTB Personal Apps - Preparing Appium driver
2026-03-06 13:35:18,944 - INFO - TTB Personal Apps - Reusing existing Appium driver session
2026-03-06 13:35:18,971 - INFO - TTB Personal Apps - Appium process started with PID 17320
2026-03-06 13:35:22,042 - INFO - TTB Personal Apps - Appium server is ready (attempt 2/10)
2026-03-06 13:35:26,223 - INFO - TTB Personal Apps - Use Appium Driver ...
2026-03-06 13:35:26,224 - INFO - TTB Personal Apps - ==================================================
2026-03-06 13:35:26,224 - INFO - TTB Personal Apps - 🎰 Starting TTB Touch Login Flow ....
2026-03-06 13:35:26,225 - INFO - TTB Personal Apps - ==================================================
2026-03-06 13:35:26,339 - INFO - TTB Personal Apps - ADB Shell Screen never Time Out ...
2026-03-06 13:35:26,578 - INFO - TTB Personal Apps - Launch TTB Touch Apps ...
2026-03-06 13:35:39,736 - INFO - TTB Personal Apps - Click Transfer ...
2026-03-06 13:35:39,737 - INFO - TTB Personal Apps - Waiting for Enter Pin ...
2026-03-06 13:35:40,325 - INFO - TTB Personal Apps - Key Login Passcode ...
2026-03-06 13:35:45,961 - INFO - TTB Personal Apps - Successfully Login ...
2026-03-06 13:35:45,963 - INFO - TTB Personal Apps - ==================================================
2026-03-06 13:35:45,963 - INFO - TTB Personal Apps - 🎰 Starting TTB Touch Withdrawal Flow ....
2026-03-06 13:35:45,963 - INFO - TTB Personal Apps - ==================================================
2026-03-06 13:35:45,964 - INFO - TTB Personal Apps - Preparing Appium driver
2026-03-06 13:35:45,964 - INFO - TTB Personal Apps - Reusing existing Appium driver session
2026-03-06 13:35:45,964 - INFO - TTB Personal Apps - Appium process already exists, skipping new start
2026-03-06 13:35:45,965 - INFO - TTB Personal Apps - Reusing existing Appium driver session
2026-03-06 13:35:48,609 - INFO - TTB Personal Apps - Click 'Other Accounts' ...
2026-03-06 13:35:54,167 - INFO - TTB Personal Apps - Click Select Bank ... (Drop Down Menu)
2026-03-06 13:36:06,561 - INFO - TTB Personal Apps - Select Bank ...
2026-03-06 13:36:06,755 - INFO - TTB Personal Apps - Fill Account No ...
2026-03-06 13:36:08,778 - INFO - TTB Personal Apps - Fill Amount ...
2026-03-06 13:36:11,516 - INFO - TTB Personal Apps - Scroll Down ...
2026-03-06 13:36:13,016 - INFO - TTB Personal Apps - Click Next ...
2026-03-06 13:36:14,456 - INFO - TTB Personal Apps - Click Confirm Transaction ...
2026-03-06 13:36:14,520 - INFO - TTB Personal Apps - Waiting for Enter Pin ...
2026-03-06 13:36:14,521 - INFO - TTB Personal Apps - Key Login Passcode ...
2026-03-06 13:37:34,001 - INFO - TTB Personal Apps - Preparing Appium driver
2026-03-06 13:37:34,002 - INFO - TTB Personal Apps - Reusing existing Appium driver session
2026-03-06 13:37:34,023 - INFO - TTB Personal Apps - Appium process started with PID 31408
2026-03-06 13:37:37,064 - INFO - TTB Personal Apps - Appium server is ready (attempt 2/10)
2026-03-06 13:37:40,661 - INFO - TTB Personal Apps - Use Appium Driver ...
2026-03-06 13:37:40,662 - INFO - TTB Personal Apps - ==================================================
2026-03-06 13:37:40,663 - INFO - TTB Personal Apps - 🎰 Starting TTB Touch Login Flow ....
2026-03-06 13:37:40,664 - INFO - TTB Personal Apps - ==================================================
2026-03-06 13:37:40,766 - INFO - TTB Personal Apps - ADB Shell Screen never Time Out ...
2026-03-06 13:37:40,965 - INFO - TTB Personal Apps - Launch TTB Touch Apps ...
2026-03-06 13:37:55,365 - INFO - TTB Personal Apps - Click Transfer ...
2026-03-06 13:37:55,365 - INFO - TTB Personal Apps - Waiting for Enter Pin ...
2026-03-06 13:37:55,695 - INFO - TTB Personal Apps - Key Login Passcode ...
2026-03-06 13:38:02,151 - INFO - TTB Personal Apps - Successfully Login ...
2026-03-06 13:38:02,152 - INFO - TTB Personal Apps - ==================================================
2026-03-06 13:38:02,152 - INFO - TTB Personal Apps - 🎰 Starting TTB Touch Withdrawal Flow ....
2026-03-06 13:38:02,152 - INFO - TTB Personal Apps - ==================================================
2026-03-06 13:38:02,152 - INFO - TTB Personal Apps - Preparing Appium driver
2026-03-06 13:38:02,152 - INFO - TTB Personal Apps - Reusing existing Appium driver session
2026-03-06 13:38:02,152 - INFO - TTB Personal Apps - Appium process already exists, skipping new start
2026-03-06 13:38:02,153 - INFO - TTB Personal Apps - Reusing existing Appium driver session
2026-03-06 13:38:04,406 - INFO - TTB Personal Apps - Click 'Other Accounts' ...
2026-03-06 13:38:14,044 - INFO - TTB Personal Apps - Click Select Bank ... (Drop Down Menu)
2026-03-06 13:38:20,157 - INFO - TTB Personal Apps - Select Bank ...
2026-03-06 13:38:21,330 - INFO - TTB Personal Apps - Fill Account No ...
2026-03-06 13:39:44,482 - INFO - TTB Personal Apps - Preparing Appium driver
2026-03-06 13:39:44,483 - INFO - TTB Personal Apps - Reusing existing Appium driver session
2026-03-06 13:39:44,513 - INFO - TTB Personal Apps - Appium process started with PID 13492
2026-03-06 13:39:47,566 - INFO - TTB Personal Apps - Appium server is ready (attempt 2/10)
2026-03-06 13:39:52,450 - INFO - TTB Personal Apps - Use Appium Driver ...
2026-03-06 13:39:52,450 - INFO - TTB Personal Apps - ==================================================
2026-03-06 13:39:52,451 - INFO - TTB Personal Apps - 🎰 Starting TTB Touch Login Flow ....
2026-03-06 13:39:52,452 - INFO - TTB Personal Apps - ==================================================
2026-03-06 13:39:52,581 - INFO - TTB Personal Apps - ADB Shell Screen never Time Out ...
2026-03-06 13:39:52,809 - INFO - TTB Personal Apps - Launch TTB Touch Apps ...
2026-03-06 13:40:05,890 - INFO - TTB Personal Apps - Click Transfer ...
2026-03-06 13:40:05,892 - INFO - TTB Personal Apps - Waiting for Enter Pin ...
2026-03-06 13:40:06,138 - INFO - TTB Personal Apps - Key Login Passcode ...
2026-03-06 13:40:50,917 - INFO - TTB Personal Apps - Preparing Appium driver
2026-03-06 13:40:50,918 - INFO - TTB Personal Apps - Reusing existing Appium driver session
2026-03-06 13:40:50,939 - INFO - TTB Personal Apps - Appium process started with PID 27732
2026-03-06 13:40:53,988 - INFO - TTB Personal Apps - Appium server is ready (attempt 2/10)
2026-03-06 13:40:58,210 - INFO - TTB Personal Apps - Use Appium Driver ...
2026-03-06 13:40:58,211 - INFO - TTB Personal Apps - ==================================================
2026-03-06 13:40:58,212 - INFO - TTB Personal Apps - 🎰 Starting TTB Touch Login Flow ....
2026-03-06 13:40:58,212 - INFO - TTB Personal Apps - ==================================================
2026-03-06 13:40:58,327 - INFO - TTB Personal Apps - ADB Shell Screen never Time Out ...
2026-03-06 13:40:58,576 - INFO - TTB Personal Apps - Launch TTB Touch Apps ...
2026-03-06 13:47:49,166 - INFO - TTB Personal Apps - Preparing Appium driver
2026-03-06 13:47:49,167 - INFO - TTB Personal Apps - Reusing existing Appium driver session
2026-03-06 13:47:49,191 - INFO - TTB Personal Apps - Appium process started with PID 28528
2026-03-06 13:47:51,239 - INFO - TTB Personal Apps - Appium server is ready (attempt 1/10)
2026-03-06 13:47:56,510 - INFO - TTB Personal Apps - Use Appium Driver ...
2026-03-06 13:47:56,511 - INFO - TTB Personal Apps - ==================================================
2026-03-06 13:47:56,512 - INFO - TTB Personal Apps - 🎰 Starting TTB Touch Login Flow ....
2026-03-06 13:47:56,513 - INFO - TTB Personal Apps - ==================================================
2026-03-06 13:47:56,651 - INFO - TTB Personal Apps - ADB Shell Screen never Time Out ...
2026-03-06 13:47:56,886 - INFO - TTB Personal Apps - Launch TTB Touch Apps ...
2026-03-06 13:48:09,386 - INFO - TTB Personal Apps - Click Transfer ...
2026-03-06 13:48:09,387 - INFO - TTB Personal Apps - Waiting for Enter Pin ...
2026-03-06 13:48:09,864 - INFO - TTB Personal Apps - Key Login Passcode ...
2026-03-06 13:50:37,197 - INFO - TTB Personal Apps - Preparing Appium driver
2026-03-06 13:50:37,197 - INFO - TTB Personal Apps - Reusing existing Appium driver session
2026-03-06 13:50:37,219 - INFO - TTB Personal Apps - Appium process started with PID 31184
2026-03-06 13:50:39,281 - INFO - TTB Personal Apps - Appium server is ready (attempt 1/10)
2026-03-06 13:50:44,307 - INFO - TTB Personal Apps - Use Appium Driver ...
2026-03-06 13:50:44,308 - INFO - TTB Personal Apps - ==================================================
2026-03-06 13:50:44,308 - INFO - TTB Personal Apps - 🎰 Starting TTB Touch Login Flow ....
2026-03-06 13:50:44,308 - INFO - TTB Personal Apps - ==================================================
2026-03-06 13:50:44,413 - INFO - TTB Personal Apps - ADB Shell Screen never Time Out ...
2026-03-06 13:50:44,609 - INFO - TTB Personal Apps - Launch TTB Touch Apps ...
2026-03-06 13:50:54,871 - INFO - TTB Personal Apps - Click Transfer ...
2026-03-06 13:50:54,872 - INFO - TTB Personal Apps - Waiting for Enter Pin ...
2026-03-06 13:50:55,376 - INFO - TTB Personal Apps - Key Login Passcode ...
2026-03-06 13:51:04,009 - INFO - TTB Personal Apps - Successfully Login ...
2026-03-06 13:51:04,013 - INFO - TTB Personal Apps - ==================================================
2026-03-06 13:51:04,013 - INFO - TTB Personal Apps - 🎰 Starting TTB Touch Withdrawal Flow ....
2026-03-06 13:51:04,014 - INFO - TTB Personal Apps - ==================================================
2026-03-06 13:51:04,014 - INFO - TTB Personal Apps - Preparing Appium driver
2026-03-06 13:51:04,014 - INFO - TTB Personal Apps - Reusing existing Appium driver session
2026-03-06 13:51:04,014 - INFO - TTB Personal Apps - Appium process already exists, skipping new start
2026-03-06 13:51:04,014 - INFO - TTB Personal Apps - Reusing existing Appium driver session
2026-03-06 13:51:06,610 - INFO - TTB Personal Apps - Click 'Other Accounts' ...
2026-03-06 13:51:09,101 - INFO - TTB Personal Apps - Click Select Bank ... (Drop Down Menu)
2026-03-06 13:51:13,586 - INFO - TTB Personal Apps - Select Bank ...
2026-03-06 13:56:58,388 - INFO - TTB Personal Apps - Preparing Appium driver
2026-03-06 13:56:58,389 - INFO - TTB Personal Apps - Reusing existing Appium driver session
2026-03-06 13:56:58,451 - INFO - TTB Personal Apps - Appium process started with PID 4260
2026-03-06 13:57:01,496 - INFO - TTB Personal Apps - Appium server is ready (attempt 2/10)
2026-03-06 13:57:07,988 - INFO - TTB Personal Apps - Use Appium Driver ...
2026-03-06 13:57:07,988 - INFO - TTB Personal Apps - ==================================================
2026-03-06 13:57:07,988 - INFO - TTB Personal Apps - 🎰 Starting TTB Touch Login Flow ....
2026-03-06 13:57:08,002 - INFO - TTB Personal Apps - ==================================================
2026-03-06 13:57:08,089 - INFO - TTB Personal Apps - ADB Shell Screen never Time Out ...
2026-03-06 13:57:08,314 - INFO - TTB Personal Apps - Launch TTB Touch Apps ...
2026-03-06 13:57:19,677 - INFO - TTB Personal Apps - Click Transfer ...
2026-03-06 13:57:19,678 - INFO - TTB Personal Apps - Waiting for Enter Pin ...
2026-03-06 13:57:20,066 - INFO - TTB Personal Apps - Key Login Passcode ...
2026-03-06 13:57:28,340 - INFO - TTB Personal Apps - ==================================================
2026-03-06 13:57:28,340 - INFO - TTB Personal Apps - 🎰 Starting TTB Touch Withdrawal Flow ....
2026-03-06 13:57:28,340 - INFO - TTB Personal Apps - ==================================================
2026-03-06 13:57:28,341 - INFO - TTB Personal Apps - Preparing Appium driver
2026-03-06 13:57:28,341 - INFO - TTB Personal Apps - Reusing existing Appium driver session
2026-03-06 13:57:28,341 - INFO - TTB Personal Apps - Appium process already exists, skipping new start
2026-03-06 13:57:28,341 - INFO - TTB Personal Apps - Reusing existing Appium driver session
2026-03-06 13:57:50,381 - INFO - TTB Personal Apps - Preparing Appium driver
2026-03-06 13:57:50,381 - INFO - TTB Personal Apps - Reusing existing Appium driver session
2026-03-06 13:57:50,403 - INFO - TTB Personal Apps - Appium process started with PID 15484
2026-03-06 13:57:52,448 - INFO - TTB Personal Apps - Appium server is ready (attempt 1/10)
2026-03-06 13:57:56,394 - INFO - TTB Personal Apps - Use Appium Driver ...
2026-03-06 13:57:56,395 - INFO - TTB Personal Apps - ==================================================
2026-03-06 13:57:56,395 - INFO - TTB Personal Apps - 🎰 Starting TTB Touch Login Flow ....
2026-03-06 13:57:56,395 - INFO - TTB Personal Apps - ==================================================
2026-03-06 13:57:56,490 - INFO - TTB Personal Apps - ADB Shell Screen never Time Out ...
2026-03-06 13:57:56,672 - INFO - TTB Personal Apps - Launch TTB Touch Apps ...
2026-03-06 13:58:09,885 - INFO - TTB Personal Apps - Click Transfer ...
2026-03-06 13:58:09,886 - INFO - TTB Personal Apps - Waiting for Enter Pin ...
2026-03-06 13:58:10,508 - INFO - TTB Personal Apps - Key Login Passcode ...
2026-03-06 13:58:16,277 - INFO - TTB Personal Apps - Successfully Login ...
2026-03-06 13:58:16,278 - INFO - TTB Personal Apps - ==================================================
2026-03-06 13:58:16,278 - INFO - TTB Personal Apps - 🎰 Starting TTB Touch Withdrawal Flow ....
2026-03-06 13:58:16,278 - INFO - TTB Personal Apps - ==================================================
2026-03-06 13:58:16,278 - INFO - TTB Personal Apps - Preparing Appium driver
2026-03-06 13:58:16,278 - INFO - TTB Personal Apps - Reusing existing Appium driver session
2026-03-06 13:58:16,278 - INFO - TTB Personal Apps - Appium process already exists, skipping new start
2026-03-06 13:58:16,279 - INFO - TTB Personal Apps - Reusing existing Appium driver session
2026-03-06 13:58:18,799 - INFO - TTB Personal Apps - Click 'Other Accounts' ...
2026-03-06 13:58:25,447 - INFO - TTB Personal Apps - Click Select Bank ... (Drop Down Menu)
2026-03-06 13:58:36,103 - INFO - TTB Personal Apps - Select Bank ...
2026-03-06 13:58:36,275 - INFO - TTB Personal Apps - Fill Account No ...
2026-03-06 13:58:38,689 - INFO - TTB Personal Apps - Fill Amount ...
2026-03-06 14:00:18,990 - INFO - TTB Personal Apps - Preparing Appium driver
2026-03-06 14:00:18,990 - INFO - TTB Personal Apps - Reusing existing Appium driver session
2026-03-06 14:00:19,015 - INFO - TTB Personal Apps - Appium process started with PID 5992
2026-03-06 14:00:21,047 - INFO - TTB Personal Apps - Appium server is ready (attempt 1/10)
2026-03-06 14:00:25,987 - INFO - TTB Personal Apps - Use Appium Driver ...
2026-03-06 14:00:25,988 - INFO - TTB Personal Apps - ==================================================
2026-03-06 14:00:25,988 - INFO - TTB Personal Apps - 🎰 Starting TTB Touch Login Flow ....
2026-03-06 14:00:25,988 - INFO - TTB Personal Apps - ==================================================
2026-03-06 14:00:26,094 - INFO - TTB Personal Apps - ADB Shell Screen never Time Out ...
2026-03-06 14:00:26,316 - INFO - TTB Personal Apps - Launch TTB Touch Apps ...
2026-03-06 14:00:38,262 - INFO - TTB Personal Apps - Click Transfer ...
2026-03-06 14:00:38,263 - INFO - TTB Personal Apps - Waiting for Enter Pin ...
2026-03-06 14:00:38,614 - INFO - TTB Personal Apps - Key Login Passcode ...
2026-03-06 14:00:44,654 - INFO - TTB Personal Apps - Successfully Login ...
2026-03-06 14:00:44,655 - INFO - TTB Personal Apps - ==================================================
2026-03-06 14:00:44,655 - INFO - TTB Personal Apps - 🎰 Starting TTB Touch Withdrawal Flow ....
2026-03-06 14:00:44,655 - INFO - TTB Personal Apps - ==================================================
2026-03-06 14:00:44,655 - INFO - TTB Personal Apps - Preparing Appium driver
2026-03-06 14:00:44,655 - INFO - TTB Personal Apps - Reusing existing Appium driver session
2026-03-06 14:00:44,656 - INFO - TTB Personal Apps - Appium process already exists, skipping new start
2026-03-06 14:00:44,656 - INFO - TTB Personal Apps - Reusing existing Appium driver session
2026-03-06 14:00:44,656 - INFO - TTB Personal Apps - Click 'Other Accounts' ...
2026-03-06 14:00:47,079 - INFO - TTB Personal Apps - Click Select Bank ... (Drop Down Menu)
2026-03-06 14:00:50,058 - INFO - TTB Personal Apps - Select Bank ...
2026-03-06 14:00:52,853 - INFO - TTB Personal Apps - Fill Account No ...
2026-03-06 14:00:53,032 - INFO - TTB Personal Apps - Fill Amount ...
2026-03-06 14:00:55,004 - INFO - TTB Personal Apps - Scroll Down ...
2026-03-06 14:00:57,735 - INFO - TTB Personal Apps - Click Next ...
2026-03-06 14:00:57,934 - INFO - TTB Personal Apps - Click Confirm Transaction ...
2026-03-06 14:01:01,038 - INFO - TTB Personal Apps - Waiting for Enter Pin ...
2026-03-06 14:01:01,093 - INFO - TTB Personal Apps - Key Login Passcode ...
2026-03-06 14:01:06,456 - INFO - TTB Personal Apps - Withdrawal Completed ...
2026-03-06 14:01:57,037 - INFO - TTB Personal Apps - Preparing Appium driver
2026-03-06 14:01:57,037 - INFO - TTB Personal Apps - Reusing existing Appium driver session
2026-03-06 14:01:57,053 - INFO - TTB Personal Apps - Appium process started with PID 16816
2026-03-06 14:01:59,088 - INFO - TTB Personal Apps - Appium server is ready (attempt 1/10)
2026-03-06 14:02:02,993 - INFO - TTB Personal Apps - ==================================================
2026-03-06 14:02:02,994 - INFO - TTB Personal Apps - 🎰 Starting TTB Touch Login Flow ....
2026-03-06 14:02:02,994 - INFO - TTB Personal Apps - ==================================================
2026-03-06 14:02:02,995 - INFO - TTB Personal Apps - ADB Shell Screen never Time Out ...
2026-03-06 14:02:03,097 - INFO - TTB Personal Apps - Launch TTB Touch Apps ...
2026-03-06 14:02:03,286 - INFO - TTB Personal Apps - Click Transfer ...
2026-03-06 14:02:15,502 - INFO - TTB Personal Apps - Waiting for Enter Pin ...
2026-03-06 14:02:17,401 - INFO - TTB Personal Apps - Key Login Passcode ...
2026-03-06 14:02:25,755 - INFO - TTB Personal Apps - Successfully Login ...
2026-03-06 14:02:25,756 - INFO - TTB Personal Apps - ==================================================
2026-03-06 14:02:25,756 - INFO - TTB Personal Apps - 🎰 Starting TTB Touch Withdrawal Flow ....
2026-03-06 14:02:25,756 - INFO - TTB Personal Apps - ==================================================
2026-03-06 14:02:25,756 - INFO - TTB Personal Apps - Preparing Appium driver
2026-03-06 14:02:25,756 - INFO - TTB Personal Apps - Reusing existing Appium driver session
2026-03-06 14:02:25,756 - INFO - TTB Personal Apps - Appium process already exists, skipping new start
2026-03-06 14:02:25,756 - INFO - TTB Personal Apps - Reusing existing Appium driver session
2026-03-06 14:02:25,757 - INFO - TTB Personal Apps - Click 'Other Accounts' ...
2026-03-06 14:02:26,153 - INFO - TTB Personal Apps - Click Select Bank ... (Drop Down Menu)
2026-03-06 14:02:28,138 - INFO - TTB Personal Apps - Select Bank ...
2026-03-06 14:02:42,458 - INFO - TTB Personal Apps - Fill Account No ...
2026-03-06 14:02:43,619 - INFO - TTB Personal Apps - Fill Amount ...
2026-03-06 14:02:45,701 - INFO - TTB Personal Apps - Scroll Down ...
2026-03-06 14:02:48,453 - INFO - TTB Personal Apps - Click Next ...
2026-03-06 14:02:49,323 - INFO - TTB Personal Apps - Click Confirm Transaction ...
2026-03-06 14:02:50,284 - INFO - TTB Personal Apps - Waiting for Enter Pin ...
2026-03-06 14:02:51,503 - INFO - TTB Personal Apps - Key Login Passcode ...
2026-03-06 14:02:56,616 - INFO - TTB Personal Apps - Withdrawal Completed ...
2026-03-06 14:08:47,437 - INFO - TTB Personal Apps - Preparing Appium driver
2026-03-06 14:08:47,437 - INFO - TTB Personal Apps - Reusing existing Appium driver session
2026-03-06 14:08:47,453 - INFO - TTB Personal Apps - Appium process started with PID 32276
2026-03-06 14:08:49,486 - INFO - TTB Personal Apps - Appium server is ready (attempt 1/10)
2026-03-06 14:08:53,429 - INFO - TTB Personal Apps - ==================================================
2026-03-06 14:08:53,430 - INFO - TTB Personal Apps - 🎰 Starting TTB Touch Login Flow ....
2026-03-06 14:08:53,430 - INFO - TTB Personal Apps - ==================================================
2026-03-06 14:08:53,430 - INFO - TTB Personal Apps - ADB Shell Screen never Time Out ...
2026-03-06 14:08:53,523 - INFO - TTB Personal Apps - Launch TTB Touch Apps ...
2026-03-06 14:08:53,701 - INFO - TTB Personal Apps - Click Transfer ...
2026-03-06 14:09:07,730 - INFO - TTB Personal Apps - Waiting for Enter Pin ...
2026-03-06 14:09:08,084 - INFO - TTB Personal Apps - Key Login Passcode ...
2026-03-06 14:09:16,789 - INFO - TTB Personal Apps - Successfully Login ...
2026-03-06 14:09:16,789 - INFO - TTB Personal Apps - ==================================================
2026-03-06 14:09:16,789 - INFO - TTB Personal Apps - 🎰 Starting TTB Touch Withdrawal Flow ....
2026-03-06 14:09:16,789 - INFO - TTB Personal Apps - ==================================================
2026-03-06 14:09:16,789 - INFO - TTB Personal Apps - Preparing Appium driver
2026-03-06 14:09:16,789 - INFO - TTB Personal Apps - Reusing existing Appium driver session
2026-03-06 14:09:16,789 - INFO - TTB Personal Apps - Appium process already exists, skipping new start
2026-03-06 14:09:16,789 - INFO - TTB Personal Apps - Reusing existing Appium driver session
2026-03-06 14:09:16,790 - INFO - TTB Personal Apps - Click 'Other Accounts' ...
2026-03-06 14:09:17,233 - INFO - TTB Personal Apps - Click Select Bank ... (Drop Down Menu)
2026-03-06 14:09:28,688 - INFO - TTB Personal Apps - Select Bank ...
2026-03-06 14:09:34,549 - INFO - TTB Personal Apps - Fill Account No ...
2026-03-06 14:09:34,713 - INFO - TTB Personal Apps - Fill Amount ...
2026-03-06 14:09:36,675 - INFO - TTB Personal Apps - Scroll Down ...
2026-03-06 14:09:39,447 - INFO - TTB Personal Apps - Click Next ...
2026-03-06 14:09:40,805 - INFO - TTB Personal Apps - Click Confirm Transaction ...
2026-03-06 14:09:42,246 - INFO - TTB Personal Apps - Waiting for Enter Pin ...
2026-03-06 14:09:42,306 - INFO - TTB Personal Apps - Key Login Passcode ...
2026-03-06 14:09:47,377 - INFO - TTB Personal Apps - Withdrawal Completed ...
2026-03-06 14:12:18,816 - INFO - TTB Personal Apps - Preparing Appium driver
2026-03-06 14:12:18,817 - INFO - TTB Personal Apps - Reusing existing Appium driver session
2026-03-06 14:12:18,879 - INFO - TTB Personal Apps - Appium process started with PID 7816
2026-03-06 14:12:22,459 - INFO - TTB Personal Apps - Appium server is ready (attempt 2/10)
2026-03-06 14:12:27,528 - INFO - TTB Personal Apps - ==================================================
2026-03-06 14:12:27,529 - INFO - TTB Personal Apps - 🎰 Starting TTB Touch Login Flow ....
2026-03-06 14:12:27,530 - INFO - TTB Personal Apps - ==================================================
2026-03-06 14:12:27,530 - INFO - TTB Personal Apps - ADB Shell Screen never Time Out ...
2026-03-06 14:12:27,621 - INFO - TTB Personal Apps - Launch TTB Touch Apps ...
2026-03-06 14:12:27,809 - INFO - TTB Personal Apps - Click Transfer ...
2026-03-06 14:12:34,529 - INFO - TTB Personal Apps - Preparing Appium driver
2026-03-06 14:12:34,529 - INFO - TTB Personal Apps - Reusing existing Appium driver session
2026-03-06 14:12:34,555 - INFO - TTB Personal Apps - Appium process started with PID 24836
2026-03-06 14:12:36,596 - INFO - TTB Personal Apps - Appium server is ready (attempt 1/10)
2026-03-06 14:12:40,395 - INFO - TTB Personal Apps - ==================================================
2026-03-06 14:12:40,395 - INFO - TTB Personal Apps - 🎰 Starting TTB Touch Login Flow ....
2026-03-06 14:12:40,396 - INFO - TTB Personal Apps - ==================================================
2026-03-06 14:12:40,396 - INFO - TTB Personal Apps - ADB Shell Screen never Time Out ...
2026-03-06 14:12:40,496 - INFO - TTB Personal Apps - Launch TTB Touch Apps ...
2026-03-06 14:12:40,678 - INFO - TTB Personal Apps - Click Transfer ...
2026-03-06 14:12:49,617 - INFO - TTB Personal Apps - Waiting for Enter Pin ...
2026-03-06 14:12:51,977 - INFO - TTB Personal Apps - Key Login Passcode ...
2026-03-06 14:12:59,380 - INFO - TTB Personal Apps - Successfully Login ...
2026-03-06 14:12:59,380 - INFO - TTB Personal Apps - ==================================================
2026-03-06 14:12:59,380 - INFO - TTB Personal Apps - 🎰 Starting TTB Touch Withdrawal Flow ....
2026-03-06 14:12:59,380 - INFO - TTB Personal Apps - ==================================================
2026-03-06 14:12:59,380 - INFO - TTB Personal Apps - Preparing Appium driver
2026-03-06 14:12:59,380 - INFO - TTB Personal Apps - Reusing existing Appium driver session
2026-03-06 14:12:59,380 - INFO - TTB Personal Apps - Appium process already exists, skipping new start
2026-03-06 14:12:59,381 - INFO - TTB Personal Apps - Reusing existing Appium driver session
2026-03-06 14:12:59,381 - INFO - TTB Personal Apps - Click 'Other Accounts' ...
2026-03-06 14:13:01,836 - INFO - TTB Personal Apps - Click Select Bank ... (Drop Down Menu)
2026-03-06 14:13:09,131 - INFO - TTB Personal Apps - Wait for Select Bank Menu ...
2026-03-06 14:13:09,132 - INFO - TTB Personal Apps - Select Bank ...
2026-03-06 14:13:14,231 - INFO - TTB Personal Apps - Fill Account No ...
2026-03-06 14:13:14,403 - INFO - TTB Personal Apps - Fill Amount ...
2026-03-06 14:13:16,533 - INFO - TTB Personal Apps - Scroll Down ...
2026-03-06 14:13:19,217 - INFO - TTB Personal Apps - Click Next ...
2026-03-06 14:13:20,769 - INFO - TTB Personal Apps - Click Confirm Transaction ...
2026-03-06 14:13:20,950 - INFO - TTB Personal Apps - Waiting for Enter Pin ...
2026-03-06 14:13:22,169 - INFO - TTB Personal Apps - Key Login Passcode ...
2026-03-06 14:13:27,421 - INFO - TTB Personal Apps - Withdrawal Completed ...
2026-03-06 14:17:09,587 - INFO - TTB Personal Apps - Preparing Appium driver
2026-03-06 14:17:09,587 - INFO - TTB Personal Apps - Reusing existing Appium driver session
2026-03-06 14:17:09,638 - INFO - TTB Personal Apps - Appium process started with PID 19680
2026-03-06 14:17:12,709 - INFO - TTB Personal Apps - Appium server is ready (attempt 2/10)
2026-03-06 14:17:18,378 - INFO - TTB Personal Apps - ==================================================
2026-03-06 14:17:18,378 - INFO - TTB Personal Apps - 🎰 Starting TTB Touch Login Flow ....
2026-03-06 14:17:18,379 - INFO - TTB Personal Apps - ==================================================
2026-03-06 14:17:18,379 - INFO - TTB Personal Apps - ADB Shell Screen never Time Out ...
2026-03-06 14:17:18,488 - INFO - TTB Personal Apps - Launch TTB Touch Apps ...
2026-03-06 14:17:18,717 - INFO - TTB Personal Apps - Click Transfer ...
2026-03-06 14:17:30,358 - INFO - TTB Personal Apps - Waiting for Enter Pin ...
2026-03-06 14:17:30,807 - INFO - TTB Personal Apps - Key Login Passcode ...
2026-03-06 14:17:38,388 - INFO - TTB Personal Apps - Successfully Login ...
2026-03-06 14:17:38,389 - INFO - TTB Personal Apps - ==================================================
2026-03-06 14:17:38,389 - INFO - TTB Personal Apps - 🎰 Starting TTB Touch Withdrawal Flow ....
2026-03-06 14:17:38,389 - INFO - TTB Personal Apps - ==================================================
2026-03-06 14:17:38,389 - INFO - TTB Personal Apps - Preparing Appium driver
2026-03-06 14:17:38,389 - INFO - TTB Personal Apps - Reusing existing Appium driver session
2026-03-06 14:17:38,390 - INFO - TTB Personal Apps - Appium process already exists, skipping new start
2026-03-06 14:17:38,390 - INFO - TTB Personal Apps - Reusing existing Appium driver session
2026-03-06 14:17:38,390 - INFO - TTB Personal Apps - Click 'Other Accounts' ...
2026-03-06 14:17:41,149 - INFO - TTB Personal Apps - Click Select Bank ... (Drop Down Menu)
2026-03-06 14:17:42,370 - INFO - TTB Personal Apps - Wait for Select Bank Menu ...
2026-03-06 14:17:43,632 - INFO - TTB Personal Apps - Select Bank ....
2026-03-06 14:17:44,853 - INFO - TTB Personal Apps - Fill Account No ...
2026-03-06 14:17:45,023 - INFO - TTB Personal Apps - Fill Amount ...
2026-03-06 14:17:46,975 - INFO - TTB Personal Apps - Scroll Down ...
2026-03-06 14:17:49,690 - INFO - TTB Personal Apps - Click Next ...
2026-03-06 14:17:50,979 - INFO - TTB Personal Apps - Click Confirm Transaction ...
2026-03-06 14:17:52,405 - INFO - TTB Personal Apps - Waiting for Enter Pin ...
2026-03-06 14:17:52,464 - INFO - TTB Personal Apps - Key Login Passcode ...
2026-03-06 14:17:57,769 - INFO - TTB Personal Apps - Withdrawal Completed ...
2026-03-06 14:19:06,679 - INFO - TTB Personal Apps - Preparing Appium driver
2026-03-06 14:19:06,680 - INFO - TTB Personal Apps - Reusing existing Appium driver session
2026-03-06 14:19:06,703 - INFO - TTB Personal Apps - Appium process started with PID 12804
2026-03-06 14:19:08,734 - INFO - TTB Personal Apps - Appium server is ready (attempt 1/10)
2026-03-06 14:19:13,635 - INFO - TTB Personal Apps - ==================================================
2026-03-06 14:19:13,636 - INFO - TTB Personal Apps - 🎰 Starting TTB Touch Login Flow ....
2026-03-06 14:19:13,636 - INFO - TTB Personal Apps - ==================================================
2026-03-06 14:19:13,636 - INFO - TTB Personal Apps - ADB Shell Screen never Time Out ...
2026-03-06 14:19:13,740 - INFO - TTB Personal Apps - Launch TTB Touch Apps ...
2026-03-06 14:19:13,939 - INFO - TTB Personal Apps - Click Transfer ...
2026-03-06 14:19:25,923 - INFO - TTB Personal Apps - Waiting for Enter Pin ...
2026-03-06 14:19:26,570 - INFO - TTB Personal Apps - Key Login Passcode ...
2026-03-06 14:21:05,809 - INFO - TTB Personal Apps - Preparing Appium driver
2026-03-06 14:21:05,810 - INFO - TTB Personal Apps - Reusing existing Appium driver session
2026-03-06 14:21:05,831 - INFO - TTB Personal Apps - Appium process started with PID 22540
2026-03-06 14:21:07,855 - INFO - TTB Personal Apps - Appium server is ready (attempt 1/10)
2026-03-06 14:21:12,621 - INFO - TTB Personal Apps - ==================================================
2026-03-06 14:21:12,621 - INFO - TTB Personal Apps - 🎰 Starting TTB Touch Login Flow ....
2026-03-06 14:21:12,621 - INFO - TTB Personal Apps - ==================================================
2026-03-06 14:21:12,622 - INFO - TTB Personal Apps - ADB Shell Screen never Time Out ...
2026-03-06 14:21:12,727 - INFO - TTB Personal Apps - Launch TTB Touch Apps ...
2026-03-06 14:21:12,932 - INFO - TTB Personal Apps - Click Transfer ...
2026-03-06 14:21:22,228 - INFO - TTB Personal Apps - Waiting for Enter Pin ...
2026-03-06 14:21:22,647 - INFO - TTB Personal Apps - Key Login Passcode ...
2026-03-06 14:21:31,370 - INFO - TTB Personal Apps - Successfully Login ...
2026-03-06 14:21:31,371 - INFO - TTB Personal Apps - ==================================================
2026-03-06 14:21:31,371 - INFO - TTB Personal Apps - 🎰 Starting TTB Touch Withdrawal Flow ....
2026-03-06 14:21:31,371 - INFO - TTB Personal Apps - ==================================================
2026-03-06 14:21:31,371 - INFO - TTB Personal Apps - Preparing Appium driver
2026-03-06 14:21:31,372 - INFO - TTB Personal Apps - Reusing existing Appium driver session
2026-03-06 14:21:31,372 - INFO - TTB Personal Apps - Appium process already exists, skipping new start
2026-03-06 14:21:31,372 - INFO - TTB Personal Apps - Reusing existing Appium driver session
2026-03-06 14:21:31,372 - INFO - TTB Personal Apps - Click 'Other Accounts' ...
2026-03-06 14:21:34,152 - INFO - TTB Personal Apps - Click Select Bank ... (Drop Down Menu)
2026-03-06 14:21:37,008 - INFO - TTB Personal Apps - Wait for Select Bank Menu ...
2026-03-06 14:21:37,062 - INFO - TTB Personal Apps - Select Bank ....
2026-03-06 14:21:38,294 - INFO - TTB Personal Apps - Fill Account No ...
2026-03-06 14:21:38,465 - INFO - TTB Personal Apps - Fill Amount ...
2026-03-06 14:21:40,551 - INFO - TTB Personal Apps - Scroll Down ...
2026-03-06 14:21:43,310 - INFO - TTB Personal Apps - Click Next ...
2026-03-06 14:21:44,800 - INFO - TTB Personal Apps - Click Confirm Transaction ...
2026-03-06 14:21:44,952 - INFO - TTB Personal Apps - Waiting for Enter Pin ...
2026-03-06 14:21:46,169 - INFO - TTB Personal Apps - Key Login Passcode ...
2026-03-06 14:21:51,429 - INFO - TTB Personal Apps - Withdrawal Completed ...
2026-03-06 14:26:22,648 - INFO - TTB Personal Apps - Preparing Appium driver
2026-03-06 14:26:22,649 - INFO - TTB Personal Apps - Reusing existing Appium driver session
2026-03-06 14:26:22,715 - INFO - TTB Personal Apps - Appium process started with PID 29408
2026-03-06 14:26:26,265 - INFO - TTB Personal Apps - Appium server is ready (attempt 2/10)
2026-03-06 14:26:31,407 - INFO - TTB Personal Apps - ==================================================
2026-03-06 14:26:31,408 - INFO - TTB Personal Apps - 🎰 Starting TTB Touch Login Flow ....
2026-03-06 14:26:31,408 - INFO - TTB Personal Apps - ==================================================
2026-03-06 14:26:31,408 - INFO - TTB Personal Apps - ADB Shell Screen never Time Out ...
2026-03-06 14:26:31,502 - INFO - TTB Personal Apps - Launch TTB Touch Apps ...
2026-03-06 14:26:40,861 - INFO - TTB Personal Apps - Wait for 'Daily Alert' Appear ...
2026-03-06 14:26:40,861 - INFO - TTB Personal Apps - Click Transfer ...
2026-03-06 14:26:44,357 - INFO - TTB Personal Apps - Waiting for Enter Pin ...
2026-03-06 14:26:44,667 - INFO - TTB Personal Apps - Key Login Passcode ...
2026-03-06 14:27:04,320 - INFO - TTB Personal Apps - Preparing Appium driver
2026-03-06 14:27:04,321 - INFO - TTB Personal Apps - Reusing existing Appium driver session
2026-03-06 14:27:04,341 - INFO - TTB Personal Apps - Appium process started with PID 29564
2026-03-06 14:27:06,390 - INFO - TTB Personal Apps - Appium server is ready (attempt 1/10)
2026-03-06 14:27:10,268 - INFO - TTB Personal Apps - ==================================================
2026-03-06 14:27:10,269 - INFO - TTB Personal Apps - 🎰 Starting TTB Touch Login Flow ....
2026-03-06 14:27:10,269 - INFO - TTB Personal Apps - ==================================================
2026-03-06 14:27:10,269 - INFO - TTB Personal Apps - ADB Shell Screen never Time Out ...
2026-03-06 14:27:10,362 - INFO - TTB Personal Apps - Launch TTB Touch Apps ...
2026-03-06 14:27:13,561 - INFO - TTB Personal Apps - Click Transfer ...
2026-03-06 14:28:34,512 - INFO - TTB Personal Apps - Preparing Appium driver
2026-03-06 14:28:34,513 - INFO - TTB Personal Apps - Reusing existing Appium driver session
2026-03-06 14:28:34,533 - INFO - TTB Personal Apps - Appium process started with PID 21844
2026-03-06 14:28:36,591 - INFO - TTB Personal Apps - Appium server is ready (attempt 1/10)
2026-03-06 14:28:41,569 - INFO - TTB Personal Apps - ==================================================
2026-03-06 14:28:41,570 - INFO - TTB Personal Apps - 🎰 Starting TTB Touch Login Flow ....
2026-03-06 14:28:41,570 - INFO - TTB Personal Apps - ==================================================
2026-03-06 14:28:41,570 - INFO - TTB Personal Apps - ADB Shell Screen never Time Out ...
2026-03-06 14:28:41,664 - INFO - TTB Personal Apps - Launch TTB Touch Apps ...
2026-03-06 14:28:46,870 - INFO - TTB Personal Apps - Click Transfer ...
2026-03-06 14:29:04,734 - INFO - TTB Personal Apps - Preparing Appium driver
2026-03-06 14:29:04,735 - INFO - TTB Personal Apps - Reusing existing Appium driver session
2026-03-06 14:29:04,757 - INFO - TTB Personal Apps - Appium process started with PID 31392
2026-03-06 14:29:06,808 - INFO - TTB Personal Apps - Appium server is ready (attempt 1/10)
2026-03-06 14:29:10,617 - INFO - TTB Personal Apps - ==================================================
2026-03-06 14:29:10,618 - INFO - TTB Personal Apps - 🎰 Starting TTB Touch Login Flow ....
2026-03-06 14:29:10,618 - INFO - TTB Personal Apps - ==================================================
2026-03-06 14:29:10,618 - INFO - TTB Personal Apps - ADB Shell Screen never Time Out ...
2026-03-06 14:29:10,740 - INFO - TTB Personal Apps - Launch TTB Touch Apps ...
2026-03-06 14:29:10,940 - INFO - TTB Personal Apps - Click Transfer ...
2026-03-06 14:29:23,696 - INFO - TTB Personal Apps - Waiting for Enter Pin ...
2026-03-06 14:29:24,028 - INFO - TTB Personal Apps - Key Login Passcode ...
2026-03-06 14:29:30,313 - INFO - TTB Personal Apps - Successfully Login ...
2026-03-06 14:29:30,314 - INFO - TTB Personal Apps - ==================================================
2026-03-06 14:29:30,314 - INFO - TTB Personal Apps - 🎰 Starting TTB Touch Withdrawal Flow ....
2026-03-06 14:29:30,315 - INFO - TTB Personal Apps - ==================================================
2026-03-06 14:29:30,315 - INFO - TTB Personal Apps - Preparing Appium driver
2026-03-06 14:29:30,315 - INFO - TTB Personal Apps - Reusing existing Appium driver session
2026-03-06 14:29:30,315 - INFO - TTB Personal Apps - Appium process already exists, skipping new start
2026-03-06 14:29:30,316 - INFO - TTB Personal Apps - Reusing existing Appium driver session
2026-03-06 14:29:30,316 - INFO - TTB Personal Apps - Click 'Other Accounts' ...
2026-03-06 14:29:32,886 - INFO - TTB Personal Apps - Click Select Bank ... (Drop Down Menu)
2026-03-06 14:29:34,730 - INFO - TTB Personal Apps - Wait for Select Bank Menu ...
2026-03-06 14:29:45,806 - INFO - TTB Personal Apps - Select Bank ....
2026-03-06 14:29:49,564 - INFO - TTB Personal Apps - Fill Account No ...
2026-03-06 14:29:49,718 - INFO - TTB Personal Apps - Fill Amount ...
2026-03-06 14:29:51,772 - INFO - TTB Personal Apps - Scroll Down ...
2026-03-06 14:29:54,541 - INFO - TTB Personal Apps - Click Next ...
2026-03-06 14:29:55,847 - INFO - TTB Personal Apps - Click Confirm Transaction ...
2026-03-06 14:29:57,330 - INFO - TTB Personal Apps - Waiting for Enter Pin ...
2026-03-06 14:29:57,384 - INFO - TTB Personal Apps - Key Login Passcode ...
2026-03-06 14:30:03,058 - INFO - TTB Personal Apps - Withdrawal Completed ...
2026-03-06 14:31:03,579 - INFO - TTB Personal Apps - Preparing Appium driver
2026-03-06 14:31:03,580 - INFO - TTB Personal Apps - Reusing existing Appium driver session
2026-03-06 14:31:03,606 - INFO - TTB Personal Apps - Appium process started with PID 3700
2026-03-06 14:31:05,652 - INFO - TTB Personal Apps - Appium server is ready (attempt 1/10)
2026-03-06 14:31:09,620 - INFO - TTB Personal Apps - ==================================================
2026-03-06 14:31:09,620 - INFO - TTB Personal Apps - 🎰 Starting TTB Touch Login Flow ....
2026-03-06 14:31:09,620 - INFO - TTB Personal Apps - ==================================================
2026-03-06 14:31:09,620 - INFO - TTB Personal Apps - ADB Shell Screen never Time Out ...
2026-03-06 14:31:09,705 - INFO - TTB Personal Apps - Launch TTB Touch Apps ...
2026-03-06 14:31:09,904 - INFO - TTB Personal Apps - Click Transfer ...
2026-03-06 14:31:15,924 - INFO - TTB Personal Apps - Waiting for Enter Pin ...
2026-03-06 14:31:16,453 - INFO - TTB Personal Apps - Key Login Passcode ...
2026-03-06 14:31:19,427 - INFO - TTB Personal Apps - Successfully Login ...
2026-03-06 14:31:19,427 - INFO - TTB Personal Apps - ==================================================
2026-03-06 14:31:19,428 - INFO - TTB Personal Apps - 🎰 Starting TTB Touch Withdrawal Flow ....
2026-03-06 14:31:19,428 - INFO - TTB Personal Apps - ==================================================
2026-03-06 14:31:19,428 - INFO - TTB Personal Apps - Preparing Appium driver
2026-03-06 14:31:19,428 - INFO - TTB Personal Apps - Reusing existing Appium driver session
2026-03-06 14:31:19,428 - INFO - TTB Personal Apps - Appium process already exists, skipping new start
2026-03-06 14:31:19,428 - INFO - TTB Personal Apps - Reusing existing Appium driver session
2026-03-06 14:31:19,428 - INFO - TTB Personal Apps - Click 'Other Accounts' ...
2026-03-06 14:31:21,032 - INFO - TTB Personal Apps - Click Select Bank ... (Drop Down Menu)
2026-03-06 14:33:19,288 - INFO - TTB Personal Apps - Preparing Appium driver
2026-03-06 14:33:19,288 - INFO - TTB Personal Apps - Reusing existing Appium driver session
2026-03-06 14:33:19,307 - INFO - TTB Personal Apps - Appium process started with PID 19316
2026-03-06 14:33:21,341 - INFO - TTB Personal Apps - Appium server is ready (attempt 1/10)
2026-03-06 14:33:26,257 - INFO - TTB Personal Apps - ==================================================
2026-03-06 14:33:26,258 - INFO - TTB Personal Apps - 🎰 Starting TTB Touch Login Flow ....
2026-03-06 14:33:26,258 - INFO - TTB Personal Apps - ==================================================
2026-03-06 14:33:26,258 - INFO - TTB Personal Apps - ADB Shell Screen never Time Out ...
2026-03-06 14:33:26,378 - INFO - TTB Personal Apps - Launch TTB Touch Apps ...
2026-03-06 14:33:26,589 - INFO - TTB Personal Apps - Click Transfer ...
2026-03-06 14:33:32,549 - INFO - TTB Personal Apps - Waiting for Enter Pin ...
2026-03-06 14:33:33,025 - INFO - TTB Personal Apps - Key Login Passcode ...
2026-03-06 14:33:35,849 - INFO - TTB Personal Apps - Successfully Login ...
2026-03-06 14:33:35,849 - INFO - TTB Personal Apps - ==================================================
2026-03-06 14:33:35,849 - INFO - TTB Personal Apps - 🎰 Starting TTB Touch Withdrawal Flow ....
2026-03-06 14:33:35,849 - INFO - TTB Personal Apps - ==================================================
2026-03-06 14:33:35,849 - INFO - TTB Personal Apps - Preparing Appium driver
2026-03-06 14:33:35,849 - INFO - TTB Personal Apps - Reusing existing Appium driver session
2026-03-06 14:33:35,849 - INFO - TTB Personal Apps - Appium process already exists, skipping new start
2026-03-06 14:33:35,850 - INFO - TTB Personal Apps - Reusing existing Appium driver session
2026-03-06 14:33:35,850 - INFO - TTB Personal Apps - Click 'Other Accounts' ...
2026-03-06 14:33:37,587 - INFO - TTB Personal Apps - Click Select Bank ... (Drop Down Menu)
2026-03-06 14:33:38,200 - INFO - TTB Personal Apps - Wait for Select Bank Menu ...
2026-03-06 14:33:38,896 - INFO - TTB Personal Apps - Select Bank ....
2026-03-06 14:33:39,101 - INFO - TTB Personal Apps - Fill Account No ...
2026-03-06 14:33:39,902 - INFO - TTB Personal Apps - Fill Amount ...
2026-03-06 14:33:40,131 - INFO - TTB Personal Apps - Scroll Down ...
2026-03-06 14:33:41,403 - INFO - TTB Personal Apps - Click Next ...
2026-03-06 14:33:47,245 - INFO - TTB Personal Apps - Click Confirm Transaction ...
2026-03-06 14:33:48,162 - INFO - TTB Personal Apps - Waiting for Enter Pin ...
2026-03-06 14:33:48,854 - INFO - TTB Personal Apps - Key Login Passcode ...
2026-03-06 14:33:49,765 - INFO - TTB Personal Apps - Withdrawal Completed ...
2026-03-06 17:52:03,109 - INFO - TTB Personal Apps - Starting for Eric WS_Client ...
2026-03-06 17:52:03,138 - INFO - werkzeug - [31m[1mWARNING: This is a development server. Do not use it in a production deployment. Use a production WSGI server instead.[0m
 * Running on all addresses (0.0.0.0)
 * Running on http://127.0.0.1:5010
 * Running on http://10.0.0.253:5010
2026-03-06 17:52:03,138 - INFO - werkzeug - [33mPress CTRL+C to quit[0m
2026-03-06 17:52:50,061 - ERROR - root - CRITICAL ERROR for Transaction 1111:
Traceback (most recent call last):
  File "c:\Users\Thomas\Desktop\bank_bot-main\playwright\THAI\Withdrawal\Apps\TTB_Personal\ttbTouch_1.0.1.py", line 363, in runPython
    BankBot.ttbTouch_login(data)
    ~~~~~~~~~~~~~~~~~~~~~~^^^^^^
TypeError: BankBot.ttbTouch_login() takes 1 positional argument but 2 were given

----------------------------------------
2026-03-06 17:52:50,062 - INFO - werkzeug - 127.0.0.1 - - [06/Mar/2026 17:52:50] "[35m[1mPOST /ttb_touch_apps/runPython HTTP/1.1[0m" 500 -
2026-03-06 17:53:12,948 - ERROR - root - CRITICAL ERROR for Transaction 1111:
Traceback (most recent call last):
  File "c:\Users\Thomas\Desktop\bank_bot-main\playwright\THAI\Withdrawal\Apps\TTB_Personal\ttbTouch_1.0.1.py", line 363, in runPython
    BankBot.ttbTouch_login(data)
    ~~~~~~~~~~~~~~~~~~~~~~^^^^^^
TypeError: BankBot.ttbTouch_login() takes 1 positional argument but 2 were given

----------------------------------------
2026-03-06 17:53:12,949 - INFO - werkzeug - 127.0.0.1 - - [06/Mar/2026 17:53:12] "[35m[1mPOST /ttb_touch_apps/runPython HTTP/1.1[0m" 500 -
2026-03-06 17:53:23,814 - INFO - TTB Personal Apps - Starting for Eric WS_Client ...
2026-03-06 17:53:23,846 - INFO - werkzeug - [31m[1mWARNING: This is a development server. Do not use it in a production deployment. Use a production WSGI server instead.[0m
 * Running on all addresses (0.0.0.0)
 * Running on http://127.0.0.1:5010
 * Running on http://10.0.0.253:5010
2026-03-06 17:53:23,846 - INFO - werkzeug - [33mPress CTRL+C to quit[0m
2026-03-06 17:53:28,644 - INFO - TTB Personal Apps - Preparing Appium driver
2026-03-06 17:53:28,644 - INFO - TTB Personal Apps - Reusing existing Appium driver session
2026-03-06 17:53:28,686 - INFO - TTB Personal Apps - Appium process started with PID 17588
2026-03-06 17:53:31,744 - INFO - TTB Personal Apps - Appium server is ready (attempt 2/10)
2026-03-06 17:53:40,032 - INFO - TTB Personal Apps - ==================================================
2026-03-06 17:53:40,032 - INFO - TTB Personal Apps - 🎰 Starting TTB Touch Login Flow ....
2026-03-06 17:53:40,032 - INFO - TTB Personal Apps - ==================================================
2026-03-06 17:53:40,032 - INFO - TTB Personal Apps - ADB Shell Screen never Time Out ...
2026-03-06 17:53:40,129 - INFO - TTB Personal Apps - Launch TTB Touch Apps ...
2026-03-06 17:53:40,351 - INFO - TTB Personal Apps - Click Transfer ...
2026-03-06 17:54:00,482 - ERROR - root - CRITICAL ERROR for Transaction 1111:
Traceback (most recent call last):
  File "c:\Users\Thomas\Desktop\bank_bot-main\playwright\THAI\Withdrawal\Apps\TTB_Personal\ttbTouch_1.0.1.py", line 363, in runPython
    BankBot.ttbTouch_login()
    ~~~~~~~~~~~~~~~~~~~~~~^^
  File "c:\Users\Thomas\Desktop\bank_bot-main\playwright\THAI\Withdrawal\Apps\TTB_Personal\ttbTouch_1.0.1.py", line 274, in ttbTouch_login
    WebDriverWait(driver, 20).until(EC.element_to_be_clickable((By.XPATH, "//android.widget.TextView[@text='Transfer']"))).click()
    ~~~~~~~~~~~~~~~~~~~~~~~~~~~~~~~^^^^^^^^^^^^^^^^^^^^^^^^^^^^^^^^^^^^^^^^^^^^^^^^^^^^^^^^^^^^^^^^^^^^^^^^^^^^^^^^^^^^^^^
  File "C:\Users\Thomas\AppData\Local\Programs\Python\Python313\Lib\site-packages\selenium\webdriver\support\wait.py", line 121, in until
    raise TimeoutException(message, screen, stacktrace)
selenium.common.exceptions.TimeoutException: Message: 
Stacktrace:
NoSuchElementError: An element could not be located on the page using the given search parameters.
    at AndroidUiautomator2Driver.findElOrEls (C:\Users\Thomas\.appium\node_modules\appium-uiautomator2-driver\node_modules\appium-android-driver\build\lib\commands\find.js:62:15)
    at process.processTicksAndRejections (node:internal/process/task_queues:103:5)
    at async AndroidUiautomator2Driver.findElOrElsWithProcessing (C:\Users\Thomas\.appium\node_modules\appium-uiautomator2-driver\node_modules\@appium\base-driver\build\lib\basedriver\commands\find.js:12:16)
    at async AndroidUiautomator2Driver.findElement (C:\Users\Thomas\.appium\node_modules\appium-uiautomator2-driver\node_modules\@appium\base-driver\build\lib\basedriver\commands\find.js:27:16)

----------------------------------------
2026-03-06 17:54:00,483 - INFO - werkzeug - 127.0.0.1 - - [06/Mar/2026 17:54:00] "[35m[1mPOST /ttb_touch_apps/runPython HTTP/1.1[0m" 500 -
