2026-02-13 15:22:47,065 | INFO | Logging started: logs\kbank_payout_samsung.log
2026-02-13 15:22:47,066 | INFO | KBANK Local API started
2026-02-13 15:22:47,083 | INFO | [31m[1mWARNING: This is a development server. Do not use it in a production deployment. Use a production WSGI server instead.[0m
 * Running on all addresses (0.0.0.0)
 * Running on http://127.0.0.1:5004
 * Running on http://10.0.0.253:5004
2026-02-13 15:22:47,083 | INFO | [33mPress CTRL+C to quit[0m
2026-02-13 15:22:48,351 | DEBUG | Starting new HTTP connection (1): localhost:9222
2026-02-13 15:22:50,395 | DEBUG | http://localhost:9222 "GET /json HTTP/1.1" 200 1672
2026-02-13 15:22:50,489 | DEBUG | Starting new HTTP connection (1): 127.0.0.1:8021
2026-02-13 15:22:52,501 | DEBUG | Appium status check failed, retrying
Traceback (most recent call last):
  File "C:\Users\Thomas\AppData\Local\Programs\Python\Python311\Lib\site-packages\urllib3\connection.py", line 204, in _new_conn
    sock = connection.create_connection(
           ^^^^^^^^^^^^^^^^^^^^^^^^^^^^^
  File "C:\Users\Thomas\AppData\Local\Programs\Python\Python311\Lib\site-packages\urllib3\util\connection.py", line 85, in create_connection
    raise err
  File "C:\Users\Thomas\AppData\Local\Programs\Python\Python311\Lib\site-packages\urllib3\util\connection.py", line 73, in create_connection
    sock.connect(sa)
ConnectionRefusedError: [WinError 10061] No connection could be made because the target machine actively refused it

The above exception was the direct cause of the following exception:

Traceback (most recent call last):
  File "C:\Users\Thomas\AppData\Local\Programs\Python\Python311\Lib\site-packages\urllib3\connectionpool.py", line 787, in urlopen
    response = self._make_request(
               ^^^^^^^^^^^^^^^^^^^
  File "C:\Users\Thomas\AppData\Local\Programs\Python\Python311\Lib\site-packages\urllib3\connectionpool.py", line 493, in _make_request
    conn.request(
  File "C:\Users\Thomas\AppData\Local\Programs\Python\Python311\Lib\site-packages\urllib3\connection.py", line 500, in request
    self.endheaders()
  File "C:\Users\Thomas\AppData\Local\Programs\Python\Python311\Lib\http\client.py", line 1293, in endheaders
    self._send_output(message_body, encode_chunked=encode_chunked)
  File "C:\Users\Thomas\AppData\Local\Programs\Python\Python311\Lib\http\client.py", line 1052, in _send_output
    self.send(msg)
  File "C:\Users\Thomas\AppData\Local\Programs\Python\Python311\Lib\http\client.py", line 990, in send
    self.connect()
  File "C:\Users\Thomas\AppData\Local\Programs\Python\Python311\Lib\site-packages\urllib3\connection.py", line 331, in connect
    self.sock = self._new_conn()
                ^^^^^^^^^^^^^^^^
  File "C:\Users\Thomas\AppData\Local\Programs\Python\Python311\Lib\site-packages\urllib3\connection.py", line 219, in _new_conn
    raise NewConnectionError(
urllib3.exceptions.NewConnectionError: HTTPConnection(host='127.0.0.1', port=8021): Failed to establish a new connection: [WinError 10061] No connection could be made because the target machine actively refused it

The above exception was the direct cause of the following exception:

Traceback (most recent call last):
  File "C:\Users\Thomas\AppData\Local\Programs\Python\Python311\Lib\site-packages\requests\adapters.py", line 644, in send
    resp = conn.urlopen(
           ^^^^^^^^^^^^^
  File "C:\Users\Thomas\AppData\Local\Programs\Python\Python311\Lib\site-packages\urllib3\connectionpool.py", line 841, in urlopen
    retries = retries.increment(
              ^^^^^^^^^^^^^^^^^^
  File "C:\Users\Thomas\AppData\Local\Programs\Python\Python311\Lib\site-packages\urllib3\util\retry.py", line 535, in increment
    raise MaxRetryError(_pool, url, reason) from reason  # type: ignore[arg-type]
    ^^^^^^^^^^^^^^^^^^^^^^^^^^^^^^^^^^^^^^^^^^^^^^^^^^^
urllib3.exceptions.MaxRetryError: HTTPConnectionPool(host='127.0.0.1', port=8021): Max retries exceeded with url: /status (Caused by NewConnectionError("HTTPConnection(host='127.0.0.1', port=8021): Failed to establish a new connection: [WinError 10061] No connection could be made because the target machine actively refused it"))

During handling of the above exception, another exception occurred:

Traceback (most recent call last):
  File "c:\Users\Thomas\Desktop\bank_bot-main\playwright\Withdrawal\KBANK\kbank_apps_appium_Samsung_2.0.py", line 192, in start_appium_server
    if requests.get("http://127.0.0.1:8021/status").ok:
       ^^^^^^^^^^^^^^^^^^^^^^^^^^^^^^^^^^^^^^^^^^^^
  File "C:\Users\Thomas\AppData\Local\Programs\Python\Python311\Lib\site-packages\requests\api.py", line 73, in get
    return request("get", url, params=params, **kwargs)
           ^^^^^^^^^^^^^^^^^^^^^^^^^^^^^^^^^^^^^^^^^^^^
  File "C:\Users\Thomas\AppData\Local\Programs\Python\Python311\Lib\site-packages\requests\api.py", line 59, in request
    return session.request(method=method, url=url, **kwargs)
           ^^^^^^^^^^^^^^^^^^^^^^^^^^^^^^^^^^^^^^^^^^^^^^^^^
  File "C:\Users\Thomas\AppData\Local\Programs\Python\Python311\Lib\site-packages\requests\sessions.py", line 589, in request
    resp = self.send(prep, **send_kwargs)
           ^^^^^^^^^^^^^^^^^^^^^^^^^^^^^^
  File "C:\Users\Thomas\AppData\Local\Programs\Python\Python311\Lib\site-packages\requests\sessions.py", line 703, in send
    r = adapter.send(request, **kwargs)
        ^^^^^^^^^^^^^^^^^^^^^^^^^^^^^^^
  File "C:\Users\Thomas\AppData\Local\Programs\Python\Python311\Lib\site-packages\requests\adapters.py", line 677, in send
    raise ConnectionError(e, request=request)
requests.exceptions.ConnectionError: HTTPConnectionPool(host='127.0.0.1', port=8021): Max retries exceeded with url: /status (Caused by NewConnectionError("HTTPConnection(host='127.0.0.1', port=8021): Failed to establish a new connection: [WinError 10061] No connection could be made because the target machine actively refused it"))
2026-02-13 15:22:53,792 | DEBUG | Starting new HTTP connection (1): 127.0.0.1:8021
2026-02-13 15:22:55,317 | DEBUG | http://127.0.0.1:8021 "GET /status HTTP/1.1" 200 110
2026-02-13 15:22:55,317 | DEBUG | POST http://127.0.0.1:8021/session {'capabilities': {'firstMatch': [{}], 'alwaysMatch': {'appium:automationName': 'UiAutomator2', 'platformName': 'Android', 'appium:deviceName': 'androidtesting', 'appium:newCommandTimeout': 2000}}}
2026-02-13 15:22:55,317 | DEBUG | Starting new HTTP connection (1): 127.0.0.1:8021
2026-02-13 15:41:50,850 | INFO | Logging started: logs\kbank_payout_samsung.log
2026-02-13 15:41:50,850 | INFO | KBANK Local API started on host=0.0.0.0 port=5004
2026-02-13 15:41:50,863 | INFO | [31m[1mWARNING: This is a development server. Do not use it in a production deployment. Use a production WSGI server instead.[0m
 * Running on all addresses (0.0.0.0)
 * Running on http://127.0.0.1:5004
 * Running on http://10.0.0.253:5004
2026-02-13 15:41:50,863 | INFO | [33mPress CTRL+C to quit[0m
2026-02-13 15:42:26,103 | INFO | Received /kbank_company_web/runPython request
2026-02-13 15:42:26,107 | INFO | Incoming payout request parsed. txn_id=1111
2026-02-13 15:42:26,107 | INFO | LOCK acquired for payout processing. txn_id=1111
2026-02-13 15:42:26,107 | INFO | Initializing Chrome CDP process
2026-02-13 15:42:26,110 | INFO | Using Chrome user data dir from CHROME_PATH
2026-02-13 15:42:26,117 | INFO | Chrome started with PID 6040
2026-02-13 15:42:26,124 | INFO | Waiting for Chrome CDP readiness, timeout=10s
2026-02-13 15:42:28,157 | INFO | Chrome CDP endpoint is available (attempt 1/10)
2026-02-13 15:42:28,157 | INFO | Chrome CDP is ready
2026-02-13 15:42:28,157 | INFO | Starting KBANK login flow. txn_id=1111
2026-02-13 15:42:28,157 | INFO | Cleaning Android notifications before web login. txn_id=1111
2026-02-13 15:42:28,157 | INFO | Starting notification cleanup flow
2026-02-13 15:42:28,159 | INFO | Preparing Appium driver
2026-02-13 15:42:28,159 | INFO | Ensuring Appium server is running
2026-02-13 15:42:28,181 | INFO | Appium process started with PID 7872
2026-02-13 15:42:30,242 | INFO | Appium server is ready (attempt 1/10)
2026-02-13 15:42:30,242 | INFO | Creating new Appium driver session
2026-02-13 15:42:34,064 | INFO | Notification shade expanded
2026-02-13 15:42:35,683 | INFO | Initializing Chrome CDP process
2026-02-13 15:42:35,689 | INFO | Chrome CDP process already exists, reusing current process
2026-02-13 15:42:35,689 | INFO | Starting Playwright instance. txn_id=1111
2026-02-13 15:42:43,203 | INFO | Connecting Playwright to Chrome CDP. txn_id=1111
2026-02-13 15:42:43,618 | INFO | Browser context ready. txn_id=1111
2026-02-13 15:42:43,618 | INFO | Creating new browser page. txn_id=1111
2026-02-13 15:42:45,277 | INFO | Web session is active. txn_id=1111
2026-02-13 15:42:46,796 | INFO | Session not at Funds Transfer page, proceeding with login. txn_id=1111
2026-02-13 15:42:46,798 | INFO | Navigating to KBANK login page. txn_id=1111
2026-02-13 15:42:50,051 | INFO | Login form submitted. txn_id=1111
2026-02-13 15:42:50,051 | INFO | Opening Funds Transfer menu. txn_id=1111
2026-02-13 15:42:56,352 | INFO | Funds Transfer page is ready. txn_id=1111
2026-02-13 15:42:56,360 | INFO | Processing payout started. txn_id=1111
2026-02-13 15:42:56,361 | INFO | Starting withdrawal flow. txn_id=1111 to_bank=Krung Thai Bank to_account=2600319026 amount=105
2026-02-13 15:42:56,383 | INFO | Withdrawal form is ready. txn_id=1111
2026-02-13 15:42:57,384 | INFO | Selecting destination bank. txn_id=1111
2026-02-13 15:42:57,665 | INFO | Destination bank selected. txn_id=1111
2026-02-13 15:42:57,719 | INFO | Destination account and amount entered. txn_id=1111
2026-02-13 15:42:57,783 | INFO | Submitted transfer details, waiting for confirmations. txn_id=1111
2026-02-13 15:43:01,841 | INFO | No Notice modal detected. txn_id=1111
2026-02-13 15:43:02,857 | INFO | Web confirm dialog ready; moving to mobile approval. txn_id=1111
2026-02-13 15:43:02,857 | INFO | Starting KBANK mobile approval flow. txn_id=1111
2026-02-13 15:43:02,857 | INFO | Preparing Appium driver
2026-02-13 15:43:02,859 | INFO | Ensuring Appium server is running
2026-02-13 15:43:02,860 | INFO | Appium process already exists, skipping new start
2026-02-13 15:43:02,861 | INFO | Reusing existing Appium driver session
2026-02-13 15:43:02,907 | INFO | Opened Android notification shade. txn_id=1111
2026-02-13 15:43:04,729 | INFO | Notification container is visible. txn_id=1111
2026-02-13 15:43:06,603 | INFO | Opened PRIME MOTO PARTS notification. txn_id=1111
2026-02-13 15:43:07,607 | INFO | Waiting for mobile approval screens. txn_id=1111
2026-02-13 15:43:07,879 | INFO | Enter PIN screen detected. txn_id=1111
2026-02-13 15:43:09,223 | INFO | Waiting for Enter PIN screen. txn_id=1111
2026-02-13 15:43:09,309 | INFO | Entering mobile PIN. txn_id=1111
2026-02-13 15:43:13,807 | INFO | Mobile PIN entry complete. txn_id=1111
2026-02-13 15:43:13,811 | INFO | Starting mobile confirm transaction sequence. txn_id=1111
2026-02-16 09:57:53,642 | INFO | Logging started: logs\kbank_payout_samsung.log
2026-02-16 09:57:53,642 | INFO | Starting notification cleanup flow
2026-02-16 09:57:53,642 | INFO | Preparing Appium driver
2026-02-16 09:57:53,642 | INFO | Ensuring Appium server is running
2026-02-16 09:58:08,958 | INFO | Logging started: logs\kbank_payout_samsung.log
2026-02-16 09:58:08,958 | INFO | Starting notification cleanup flow
2026-02-16 09:58:08,958 | INFO | Preparing Appium driver
2026-02-16 09:58:08,958 | INFO | Ensuring Appium server is running
2026-02-16 09:58:19,991 | INFO | Logging started: logs\kbank_payout_samsung.log
2026-02-16 09:58:19,991 | INFO | Starting notification cleanup flow
2026-02-16 09:58:19,991 | INFO | Preparing Appium driver
2026-02-16 09:58:19,991 | INFO | Ensuring Appium server is running
2026-02-16 09:58:31,125 | INFO | Logging started: logs\kbank_payout_samsung.log
2026-02-16 09:58:31,125 | INFO | Starting notification cleanup flow
2026-02-16 09:58:31,127 | INFO | Preparing Appium driver
2026-02-16 09:58:31,127 | INFO | Ensuring Appium server is running
2026-02-25 15:45:26,506 - INFO - [31m[1mWARNING: This is a development server. Do not use it in a production deployment. Use a production WSGI server instead.[0m
 * Running on all addresses (0.0.0.0)
 * Running on http://127.0.0.1:5001
 * Running on http://10.0.0.253:5001
2026-02-25 15:45:26,507 - INFO - [33mPress CTRL+C to quit[0m
