2026-03-17 10:42:41,847 - INFO - SCB Company Apps - Starting for Eric WS_Client ...
2026-03-17 10:42:41,908 - INFO - werkzeug - [31m[1mWARNING: This is a development server. Do not use it in a production deployment. Use a production WSGI server instead.[0m
 * Running on all addresses (0.0.0.0)
 * Running on http://127.0.0.1:5101
 * Running on http://10.0.0.253:5101
2026-03-17 10:42:41,909 - INFO - werkzeug - [33mPress CTRL+C to quit[0m
2026-03-17 10:43:17,012 - INFO - SCB Company Apps - Preparing Appium driver
2026-03-17 10:43:17,012 - INFO - SCB Company Apps - Reusing existing Appium driver session
2026-03-17 10:43:17,056 - INFO - SCB Company Apps - Appium process started with PID 30236
2026-03-17 10:43:17,305 - INFO - SCB Company Apps - Appium server is ready (attempt 1/10)
2026-03-17 10:43:22,638 - INFO - SCB Company Apps - ==================================================
2026-03-17 10:43:22,638 - INFO - SCB Company Apps - 🎰 Starting SCB Company Login Flow ....
2026-03-17 10:43:22,638 - INFO - SCB Company Apps - ==================================================
2026-03-17 10:43:23,914 - INFO - SCB Company Apps - Not in Quick Transfer page, Continue ...
2026-03-17 10:43:23,914 - INFO - SCB Company Apps - ADB Shell Screen never Time Out ...
2026-03-17 10:43:24,094 - INFO - SCB Company Apps - Bypass USB Debugging...
2026-03-17 10:43:24,256 - INFO - SCB Company Apps - Current App state: 1
2026-03-17 10:43:24,256 - INFO - SCB Company Apps - App state is 1. Performing a clean restart to prevent auto-crash.
2026-03-17 10:43:32,609 - INFO - SCB Company Apps - No Session Timeout, Skip ...
2026-03-17 10:43:47,244 - INFO - SCB Company Apps - Starting for Eric WS_Client ...
2026-03-17 10:43:47,263 - INFO - werkzeug - [31m[1mWARNING: This is a development server. Do not use it in a production deployment. Use a production WSGI server instead.[0m
 * Running on all addresses (0.0.0.0)
 * Running on http://127.0.0.1:5101
 * Running on http://10.0.0.253:5101
2026-03-17 10:43:47,263 - INFO - werkzeug - [33mPress CTRL+C to quit[0m
2026-03-17 10:43:54,578 - INFO - SCB Company Apps - Preparing Appium driver
2026-03-17 10:43:54,578 - INFO - SCB Company Apps - Reusing existing Appium driver session
2026-03-17 10:43:54,587 - INFO - SCB Company Apps - Appium process started with PID 13976
2026-03-17 10:43:54,594 - INFO - SCB Company Apps - Appium server is ready (attempt 1/10)
2026-03-17 10:43:58,137 - INFO - SCB Company Apps - ==================================================
2026-03-17 10:43:58,137 - INFO - SCB Company Apps - 🎰 Starting SCB Company Login Flow ....
2026-03-17 10:43:58,137 - INFO - SCB Company Apps - ==================================================
2026-03-17 10:43:59,465 - INFO - SCB Company Apps - Not in Quick Transfer page, Continue ...
2026-03-17 10:43:59,465 - INFO - SCB Company Apps - ADB Shell Screen never Time Out ...
2026-03-17 10:43:59,643 - INFO - SCB Company Apps - Bypass USB Debugging...
2026-03-17 10:43:59,809 - INFO - SCB Company Apps - Current App state: 1
2026-03-17 10:43:59,809 - INFO - SCB Company Apps - App state is 1. Performing a clean restart to prevent auto-crash.
2026-03-17 10:44:07,648 - INFO - SCB Company Apps - No Session Timeout, Skip ...
2026-03-17 10:44:07,960 - INFO - SCB Company Apps - Enter PIN Appear...
2026-03-17 10:44:07,960 - INFO - SCB Company Apps - Start Enter PIN...
2026-03-17 10:44:09,844 - INFO - SCB Company Apps - Click 'Services' ...
2026-03-17 10:44:11,664 - INFO - SCB Company Apps - Wait for 'Manage your transaction appear' ...
2026-03-17 10:44:31,626 - INFO - SCB Company Apps - Starting for Eric WS_Client ...
2026-03-17 10:44:31,646 - INFO - werkzeug - [31m[1mWARNING: This is a development server. Do not use it in a production deployment. Use a production WSGI server instead.[0m
 * Running on all addresses (0.0.0.0)
 * Running on http://127.0.0.1:5101
 * Running on http://10.0.0.253:5101
2026-03-17 10:44:31,646 - INFO - werkzeug - [33mPress CTRL+C to quit[0m
2026-03-17 10:44:32,830 - INFO - SCB Company Apps - Preparing Appium driver
2026-03-17 10:44:32,830 - INFO - SCB Company Apps - Reusing existing Appium driver session
2026-03-17 10:44:32,840 - INFO - SCB Company Apps - Appium process started with PID 9492
2026-03-17 10:44:32,845 - INFO - SCB Company Apps - Appium server is ready (attempt 1/10)
2026-03-17 10:44:36,625 - INFO - SCB Company Apps - ==================================================
2026-03-17 10:44:36,625 - INFO - SCB Company Apps - 🎰 Starting SCB Company Login Flow ....
2026-03-17 10:44:36,625 - INFO - SCB Company Apps - ==================================================
2026-03-17 10:44:37,912 - INFO - SCB Company Apps - Not in Quick Transfer page, Continue ...
2026-03-17 10:44:37,913 - INFO - SCB Company Apps - ADB Shell Screen never Time Out ...
2026-03-17 10:44:38,094 - INFO - SCB Company Apps - Bypass USB Debugging...
2026-03-17 10:44:38,257 - INFO - SCB Company Apps - Current App state: 1
2026-03-17 10:44:38,257 - INFO - SCB Company Apps - App state is 1. Performing a clean restart to prevent auto-crash.
2026-03-17 10:44:45,298 - INFO - SCB Company Apps - No Session Timeout, Skip ...
2026-03-17 10:44:45,608 - INFO - SCB Company Apps - Enter PIN Appear...
2026-03-17 10:44:45,609 - INFO - SCB Company Apps - Start Enter PIN...
2026-03-17 10:44:47,707 - INFO - SCB Company Apps - Click 'Services' ...
2026-03-17 10:44:50,435 - INFO - SCB Company Apps - Wait for 'Manage your transaction appear' ...
2026-03-17 10:44:52,441 - INFO - SCB Company Apps - Button click 'Quick Transfer' ...
2026-03-17 10:44:52,828 - INFO - SCB Company Apps - ==================================================
2026-03-17 10:44:52,828 - INFO - SCB Company Apps - 🎰 Starting SCB Company Withdrawal Flow ....
2026-03-17 10:44:52,828 - INFO - SCB Company Apps - ==================================================
2026-03-17 10:44:52,828 - INFO - SCB Company Apps - Preparing Appium driver
2026-03-17 10:44:52,828 - INFO - SCB Company Apps - Reusing existing Appium driver session
2026-03-17 10:44:52,828 - INFO - SCB Company Apps - Appium process already exists, skipping new start
2026-03-17 10:44:52,828 - INFO - SCB Company Apps - Reusing existing Appium driver session
2026-03-17 10:44:52,828 - INFO - SCB Company Apps - Wait for 'Account No.' ...
2026-03-17 10:44:55,107 - INFO - SCB Company Apps - Select Bank ...
2026-03-17 10:44:56,814 - INFO - SCB Company Apps - Wait for 'Recipient Details' appear ...
2026-03-17 10:44:57,814 - INFO - SCB Company Apps - Fill Account No ...
2026-03-17 10:44:58,544 - INFO - SCB Company Apps - Fill Amount ...
2026-03-17 10:44:59,028 - INFO - SCB Company Apps - Click Next ...
2026-03-17 10:44:59,382 - INFO - SCB Company Apps - Wait for Review Information ...
2026-03-17 10:45:07,019 - INFO - SCB Company Apps - Starting for Eric WS_Client ...
2026-03-17 10:45:07,037 - INFO - werkzeug - [31m[1mWARNING: This is a development server. Do not use it in a production deployment. Use a production WSGI server instead.[0m
 * Running on all addresses (0.0.0.0)
 * Running on http://127.0.0.1:5101
 * Running on http://10.0.0.253:5101
2026-03-17 10:45:07,037 - INFO - werkzeug - [33mPress CTRL+C to quit[0m
2026-03-17 10:45:07,806 - INFO - SCB Company Apps - Preparing Appium driver
2026-03-17 10:45:07,807 - INFO - SCB Company Apps - Reusing existing Appium driver session
2026-03-17 10:45:07,815 - INFO - SCB Company Apps - Appium process started with PID 25552
2026-03-17 10:45:07,823 - INFO - SCB Company Apps - Appium server is ready (attempt 1/10)
2026-03-17 10:45:11,559 - INFO - SCB Company Apps - ==================================================
2026-03-17 10:45:11,559 - INFO - SCB Company Apps - 🎰 Starting SCB Company Login Flow ....
2026-03-17 10:45:11,559 - INFO - SCB Company Apps - ==================================================
2026-03-17 10:45:12,888 - INFO - SCB Company Apps - Not in Quick Transfer page, Continue ...
2026-03-17 10:45:12,888 - INFO - SCB Company Apps - ADB Shell Screen never Time Out ...
2026-03-17 10:45:13,050 - INFO - SCB Company Apps - Bypass USB Debugging...
2026-03-17 10:45:13,195 - INFO - SCB Company Apps - Current App state: 1
2026-03-17 10:45:13,195 - INFO - SCB Company Apps - App state is 1. Performing a clean restart to prevent auto-crash.
2026-03-17 10:45:20,755 - INFO - SCB Company Apps - No Session Timeout, Skip ...
2026-03-17 10:45:21,076 - INFO - SCB Company Apps - Enter PIN Appear...
2026-03-17 10:45:21,076 - INFO - SCB Company Apps - Start Enter PIN...
2026-03-17 10:45:23,031 - INFO - SCB Company Apps - Click 'Services' ...
2026-03-17 10:45:25,877 - INFO - SCB Company Apps - Wait for 'Manage your transaction appear' ...
2026-03-17 10:45:27,910 - INFO - SCB Company Apps - Button click 'Quick Transfer' ...
2026-03-17 10:45:28,185 - INFO - SCB Company Apps - ==================================================
2026-03-17 10:45:28,185 - INFO - SCB Company Apps - 🎰 Starting SCB Company Withdrawal Flow ....
2026-03-17 10:45:28,185 - INFO - SCB Company Apps - ==================================================
2026-03-17 10:45:28,185 - INFO - SCB Company Apps - Preparing Appium driver
2026-03-17 10:45:28,185 - INFO - SCB Company Apps - Reusing existing Appium driver session
2026-03-17 10:45:28,185 - INFO - SCB Company Apps - Appium process already exists, skipping new start
2026-03-17 10:45:28,185 - INFO - SCB Company Apps - Reusing existing Appium driver session
2026-03-17 10:45:28,185 - INFO - SCB Company Apps - Wait for 'Account No.' ...
2026-03-17 10:45:30,466 - INFO - SCB Company Apps - Select Bank ...
2026-03-17 10:45:33,083 - INFO - SCB Company Apps - Wait for 'Recipient Details' appear ...
2026-03-17 10:45:34,084 - INFO - SCB Company Apps - Fill Account No ...
2026-03-17 10:45:34,537 - INFO - SCB Company Apps - Fill Amount ...
2026-03-17 10:45:35,021 - INFO - SCB Company Apps - Click Next ...
2026-03-17 10:45:35,415 - INFO - SCB Company Apps - Wait for Review Information ...
2026-03-17 10:45:40,380 - INFO - SCB Company Apps - Click Submit ...
2026-03-17 10:46:00,747 - ERROR - root - CRITICAL ERROR for Transaction 8813:
Traceback (most recent call last):
  File "c:\Users\Thomas\Desktop\bank_bot-main\playwright\THAI\Withdrawal\Apps\SCB_Company\scb_company_Apps_payout.py", line 468, in runPython
    BankBot.scbAnywhere_login(data)
    ~~~~~~~~~~~~~~~~~~~~~~~~~^^^^^^
  File "c:\Users\Thomas\Desktop\bank_bot-main\playwright\THAI\Withdrawal\Apps\SCB_Company\scb_company_Apps_payout.py", line 372, in scbAnywhere_login
    cls.scbAnywhere_withdrawal(data)
    ~~~~~~~~~~~~~~~~~~~~~~~~~~^^^^^^
  File "c:\Users\Thomas\Desktop\bank_bot-main\playwright\THAI\Withdrawal\Apps\SCB_Company\scb_company_Apps_payout.py", line 420, in scbAnywhere_withdrawal
    WebDriverWait(driver, 20).until(EC.element_to_be_clickable((AppiumBy.ACCESSIBILITY_ID, "Submit"))).click()
    ~~~~~~~~~~~~~~~~~~~~~~~~~~~~~~~^^^^^^^^^^^^^^^^^^^^^^^^^^^^^^^^^^^^^^^^^^^^^^^^^^^^^^^^^^^^^^^^^^^
  File "C:\Users\Thomas\AppData\Local\Programs\Python\Python313\Lib\site-packages\selenium\webdriver\support\wait.py", line 121, in until
    raise TimeoutException(message, screen, stacktrace)
selenium.common.exceptions.TimeoutException: Message: 
Stacktrace:
NoSuchElementError: An element could not be located on the page using the given search parameters.
    at AndroidUiautomator2Driver.findElOrEls (C:\Users\Thomas\.appium\node_modules\appium-uiautomator2-driver\node_modules\appium-android-driver\build\lib\commands\find.js:62:15)
    at process.processTicksAndRejections (node:internal/process/task_queues:103:5)
    at async AndroidUiautomator2Driver.findElOrElsWithProcessing (C:\Users\Thomas\.appium\node_modules\appium-uiautomator2-driver\node_modules\@appium\base-driver\build\lib\basedriver\commands\find.js:12:16)
    at async AndroidUiautomator2Driver.findElement (C:\Users\Thomas\.appium\node_modules\appium-uiautomator2-driver\node_modules\@appium\base-driver\build\lib\basedriver\commands\find.js:27:16)

----------------------------------------
2026-03-17 10:46:00,748 - INFO - werkzeug - 127.0.0.1 - - [17/Mar/2026 10:46:00] "[35m[1mPOST /scb_company/runPython HTTP/1.1[0m" 500 -
2026-03-17 10:48:07,030 - INFO - SCB Company Apps - ⏳ 2.9 minutes of inactivity. Killing SCB app...
2026-03-17 10:48:07,061 - ERROR - SCB Company Apps - Failed to kill app: Message: Error executing adbExec. Original error: 'Command ''C:\Users\Thomas\AppData\Local\Android\Sdk\platform-tools\adb.exe' -P 5037 -s R7AY4042S7F shell dumpsys activity processes' exited with code 1'; Command output: adb.exe: device 'R7AY4042S7F' not found

Stacktrace:
UnknownError: Error executing adbExec. Original error: 'Command ''C:\Users\Thomas\AppData\Local\Android\Sdk\platform-tools\adb.exe' -P 5037 -s R7AY4042S7F shell dumpsys activity processes' exited with code 1'; Command output: adb.exe: device 'R7AY4042S7F' not found

    at getResponseForW3CError (C:\Users\Thomas\AppData\Roaming\npm\node_modules\appium\node_modules\@appium\base-driver\build\lib\protocol\errors.js:824:36)
    at asyncHandler (C:\Users\Thomas\AppData\Roaming\npm\node_modules\appium\node_modules\@appium\base-driver\build\lib\protocol\protocol.js:402:77)
The above error is caused by
Error: Error executing adbExec. Original error: 'Command ''C:\Users\Thomas\AppData\Local\Android\Sdk\platform-tools\adb.exe' -P 5037 -s R7AY4042S7F shell dumpsys activity processes' exited with code 1'; Command output: adb.exe: device 'R7AY4042S7F' not found

    at ChildProcess.<anonymous> (C:\Users\Thomas\.appium\node_modules\appium-uiautomator2-driver\node_modules\teen_process\build\lib\exec.js:114:43)
    at ChildProcess.emit (node:events:508:28)
    at maybeClose (node:internal/child_process:1101:16)
    at ChildProcess._handle.onexit (node:internal/child_process:305:5)
2026-03-17 10:51:07,075 - INFO - SCB Company Apps - ⏳ 2.9 minutes of inactivity. Killing SCB app...
2026-03-17 10:51:07,105 - ERROR - SCB Company Apps - Failed to kill app: Message: Error executing adbExec. Original error: 'Command ''C:\Users\Thomas\AppData\Local\Android\Sdk\platform-tools\adb.exe' -P 5037 -s R7AY4042S7F shell dumpsys activity processes' exited with code 1'; Command output: adb.exe: device 'R7AY4042S7F' not found

Stacktrace:
UnknownError: Error executing adbExec. Original error: 'Command ''C:\Users\Thomas\AppData\Local\Android\Sdk\platform-tools\adb.exe' -P 5037 -s R7AY4042S7F shell dumpsys activity processes' exited with code 1'; Command output: adb.exe: device 'R7AY4042S7F' not found

    at getResponseForW3CError (C:\Users\Thomas\AppData\Roaming\npm\node_modules\appium\node_modules\@appium\base-driver\build\lib\protocol\errors.js:824:36)
    at asyncHandler (C:\Users\Thomas\AppData\Roaming\npm\node_modules\appium\node_modules\@appium\base-driver\build\lib\protocol\protocol.js:402:77)
The above error is caused by
Error: Error executing adbExec. Original error: 'Command ''C:\Users\Thomas\AppData\Local\Android\Sdk\platform-tools\adb.exe' -P 5037 -s R7AY4042S7F shell dumpsys activity processes' exited with code 1'; Command output: adb.exe: device 'R7AY4042S7F' not found

    at ChildProcess.<anonymous> (C:\Users\Thomas\.appium\node_modules\appium-uiautomator2-driver\node_modules\teen_process\build\lib\exec.js:114:43)
    at ChildProcess.emit (node:events:508:28)
    at maybeClose (node:internal/child_process:1101:16)
    at ChildProcess._handle.onexit (node:internal/child_process:305:5)
2026-03-17 16:33:41,496 - INFO - SCB Company Apps - Preparing Appium driver
2026-03-17 16:33:41,497 - INFO - SCB Company Apps - Reusing existing Appium driver session
2026-03-17 16:33:41,515 - INFO - SCB Company Apps - Appium process started with PID 29340
2026-03-17 16:33:43,571 - INFO - SCB Company Apps - Appium server is ready (attempt 1/10)
2026-03-17 16:33:47,500 - INFO - SCB Company Apps - Click Back ...
2026-03-17 16:36:29,034 - INFO - SCB Company Apps - Preparing Appium driver
2026-03-17 16:36:29,035 - INFO - SCB Company Apps - Reusing existing Appium driver session
2026-03-17 16:36:29,052 - INFO - SCB Company Apps - Appium process started with PID 11004
2026-03-17 16:36:31,117 - INFO - SCB Company Apps - Appium server is ready (attempt 1/10)
2026-03-17 16:36:35,203 - INFO - SCB Company Apps - Click Back ...
2026-03-17 16:36:36,439 - INFO - SCB Company Apps - Wait for Success ...
2026-03-17 16:36:37,842 - INFO - SCB Company Apps - Withdrawal Completed Make Another Transfer ...
