2026-02-16 11:49:03,099 | INFO | Logging started: logs\kbank_payout_redmi.log
2026-02-16 11:49:03,099 | INFO | Starting WS client...
2026-02-16 11:49:03,104 | INFO | Starting WS client process...
2026-02-16 11:49:03,122 | INFO | WS client started (non-blocking).
2026-02-16 11:49:03,122 | INFO | KBANK Local API started on host=0.0.0.0 port=5004
2026-02-16 11:49:03,141 | INFO | [31m[1mWARNING: This is a development server. Do not use it in a production deployment. Use a production WSGI server instead.[0m
 * Running on all addresses (0.0.0.0)
 * Running on http://127.0.0.1:5004
 * Running on http://10.0.0.254:5004
2026-02-16 11:49:03,144 | INFO | [33mPress CTRL+C to quit[0m
2026-02-16 11:49:34,933 | INFO | Logging started: logs\kbank_payout_redmi.log
2026-02-16 11:49:34,933 | INFO | Starting WS client...
2026-02-16 11:49:34,933 | INFO | Starting WS client process...
2026-02-16 11:49:34,959 | INFO | WS client started (non-blocking).
2026-02-16 11:49:34,963 | INFO | KBANK Local API started on host=0.0.0.0 port=5004
2026-02-16 11:49:34,990 | INFO | [31m[1mWARNING: This is a development server. Do not use it in a production deployment. Use a production WSGI server instead.[0m
 * Running on all addresses (0.0.0.0)
 * Running on http://127.0.0.1:5004
 * Running on http://10.0.0.254:5004
2026-02-16 11:49:34,990 | INFO | [33mPress CTRL+C to quit[0m
2026-02-16 11:50:47,919 | INFO | Logging started: logs\kbank_payout_redmi.log
2026-02-16 11:50:47,919 | INFO | Starting WS client...
2026-02-16 11:50:47,943 | INFO | WS client started with PID 23644
2026-02-16 11:50:47,943 | INFO | KBANK Local API started on host=0.0.0.0 port=5004
2026-02-16 11:50:47,967 | INFO | [31m[1mWARNING: This is a development server. Do not use it in a production deployment. Use a production WSGI server instead.[0m
 * Running on all addresses (0.0.0.0)
 * Running on http://127.0.0.1:5004
 * Running on http://10.0.0.254:5004
2026-02-16 11:50:47,971 | INFO | [33mPress CTRL+C to quit[0m
2026-02-16 11:50:58,133 | INFO | Logging started: logs\kbank_payout_redmi.log
2026-02-16 11:50:58,133 | INFO | Starting WS client...
2026-02-16 11:50:58,149 | INFO | WS client started with PID 23808
2026-02-16 11:50:58,149 | INFO | KBANK Local API started on host=0.0.0.0 port=5004
2026-02-16 11:50:58,173 | INFO | [31m[1mWARNING: This is a development server. Do not use it in a production deployment. Use a production WSGI server instead.[0m
 * Running on all addresses (0.0.0.0)
 * Running on http://127.0.0.1:5004
 * Running on http://10.0.0.254:5004
2026-02-16 11:50:58,176 | INFO | [33mPress CTRL+C to quit[0m
2026-02-16 11:51:26,739 | INFO | Logging started: logs\kbank_payout_redmi.log
2026-02-16 11:51:26,739 | INFO | Starting WS client...
2026-02-16 11:51:26,765 | INFO | WS client started with PID 10984
2026-02-16 11:51:26,765 | INFO | KBANK Local API started on host=0.0.0.0 port=5004
2026-02-16 11:51:26,795 | INFO | [31m[1mWARNING: This is a development server. Do not use it in a production deployment. Use a production WSGI server instead.[0m
 * Running on all addresses (0.0.0.0)
 * Running on http://127.0.0.1:5004
 * Running on http://10.0.0.254:5004
2026-02-16 11:51:26,796 | INFO | [33mPress CTRL+C to quit[0m
2026-02-16 11:51:40,618 | INFO | Logging started: logs\kbank_payout_redmi.log
2026-02-16 11:51:40,618 | INFO | Starting WS client...
2026-02-16 11:51:40,641 | INFO | WS client started with PID 6920
2026-02-16 11:51:40,641 | INFO | KBANK Local API started on host=0.0.0.0 port=5004
2026-02-16 11:51:40,676 | INFO | [31m[1mWARNING: This is a development server. Do not use it in a production deployment. Use a production WSGI server instead.[0m
 * Running on all addresses (0.0.0.0)
 * Running on http://127.0.0.1:5004
 * Running on http://10.0.0.254:5004
2026-02-16 11:51:40,676 | INFO | [33mPress CTRL+C to quit[0m
2026-02-16 12:40:09,184 | INFO | Logging started: logs\kbank_payout_redmi.log
2026-02-16 12:40:09,184 | INFO | Starting WS client...
2026-02-16 12:40:09,213 | INFO | WS client started with PID 7584
2026-02-16 12:40:09,214 | INFO | KBANK Local API started on host=0.0.0.0 port=5004
2026-02-16 12:40:09,237 | INFO | [31m[1mWARNING: This is a development server. Do not use it in a production deployment. Use a production WSGI server instead.[0m
 * Running on all addresses (0.0.0.0)
 * Running on http://127.0.0.1:5004
 * Running on http://10.0.0.254:5004
2026-02-16 12:40:09,237 | INFO | [33mPress CTRL+C to quit[0m
2026-02-16 12:40:12,950 | INFO | Received /kbank_company_web/runPython request
2026-02-16 12:40:12,950 | INFO | Incoming payout request parsed. txn_id=1111
2026-02-16 12:40:12,950 | INFO | LOCK acquired for payout processing. txn_id=1111
2026-02-16 12:40:12,950 | INFO | Initializing Chrome CDP process
2026-02-16 12:40:12,956 | INFO | Using Chrome user data dir from CHROME_PATH
2026-02-16 12:40:12,969 | INFO | Chrome started with PID 3560
2026-02-16 12:40:12,971 | INFO | Waiting for Chrome CDP readiness, timeout=10s
2026-02-16 12:40:15,032 | INFO | Chrome CDP endpoint is available (attempt 1/10)
2026-02-16 12:40:15,047 | INFO | Chrome CDP is ready
2026-02-16 12:40:15,059 | INFO | Starting KBANK login flow. txn_id=1111
2026-02-16 12:40:15,086 | INFO | Cleaning Android notifications before web login. txn_id=1111
2026-02-16 12:40:15,105 | INFO | Starting notification cleanup flow
2026-02-16 12:40:15,114 | INFO | Preparing Appium driver
2026-02-16 12:40:15,118 | INFO | Ensuring Appium server is running
2026-02-16 12:40:15,252 | INFO | Appium process started with PID 20140
2026-02-16 12:40:19,824 | INFO | Appium server is ready (attempt 2/10)
2026-02-16 12:40:19,824 | INFO | Creating new Appium driver session
2026-02-16 12:40:50,276 | INFO | Logging started: logs\kbank_payout_redmi.log
2026-02-16 12:40:50,276 | INFO | Starting WS client...
2026-02-16 12:40:50,302 | INFO | WS client started with PID 17116
2026-02-16 12:40:50,303 | INFO | KBANK Local API started on host=0.0.0.0 port=5004
2026-02-16 12:40:50,317 | INFO | [31m[1mWARNING: This is a development server. Do not use it in a production deployment. Use a production WSGI server instead.[0m
 * Running on all addresses (0.0.0.0)
 * Running on http://127.0.0.1:5004
 * Running on http://10.0.0.254:5004
2026-02-16 12:40:50,326 | INFO | [33mPress CTRL+C to quit[0m
2026-02-16 12:40:53,844 | INFO | Received /kbank_company_web/runPython request
2026-02-16 12:40:53,847 | INFO | Incoming payout request parsed. txn_id=1111
2026-02-16 12:40:53,847 | INFO | LOCK acquired for payout processing. txn_id=1111
2026-02-16 12:40:53,847 | INFO | Initializing Chrome CDP process
2026-02-16 12:40:53,849 | INFO | Using Chrome user data dir from CHROME_PATH
2026-02-16 12:40:53,860 | INFO | Chrome started with PID 2752
2026-02-16 12:40:53,861 | INFO | Waiting for Chrome CDP readiness, timeout=10s
2026-02-16 12:40:55,912 | INFO | Chrome CDP endpoint is available (attempt 1/10)
2026-02-16 12:40:55,914 | INFO | Chrome CDP is ready
2026-02-16 12:40:55,914 | INFO | Starting KBANK login flow. txn_id=1111
2026-02-16 12:40:55,914 | INFO | Cleaning Android notifications before web login. txn_id=1111
2026-02-16 12:40:55,916 | INFO | Starting notification cleanup flow
2026-02-16 12:40:55,916 | INFO | Preparing Appium driver
2026-02-16 12:40:55,916 | INFO | Ensuring Appium server is running
2026-02-16 12:40:55,944 | INFO | Appium process started with PID 9164
2026-02-16 12:40:59,002 | INFO | Appium server is ready (attempt 2/10)
2026-02-16 12:40:59,010 | INFO | Creating new Appium driver session
2026-02-16 12:41:04,384 | INFO | Notification shade expanded
2026-02-16 12:41:05,651 | INFO | Notification shade opened for swipe cleanup
2026-02-16 12:41:07,780 | INFO | Swiped notification 1/1
2026-02-16 12:41:10,934 | INFO | Tapped 'Clear all' notification button
2026-02-16 12:41:11,063 | INFO | Closed notification shade, checking for logout popup
2026-02-16 12:41:12,551 | INFO | ○ 页面未出现 'Cancel' 按钮，跳过点击步骤。
2026-02-16 12:41:12,557 | INFO | Initializing Chrome CDP process
2026-02-16 12:41:12,557 | INFO | Chrome CDP process already exists, reusing current process
2026-02-16 12:41:12,577 | INFO | Starting Playwright instance. txn_id=1111
2026-02-16 12:41:14,998 | INFO | Connecting Playwright to Chrome CDP. txn_id=1111
2026-02-16 12:41:15,469 | INFO | Browser context ready. txn_id=1111
2026-02-16 12:41:15,473 | INFO | Creating new browser page. txn_id=1111
2026-02-16 12:41:17,083 | INFO | Session not at Funds Transfer page, proceeding with login. txn_id=1111
2026-02-16 12:41:17,084 | INFO | Navigating to KBANK login page. txn_id=1111
2026-02-16 12:41:19,388 | INFO | Login form submitted. txn_id=1111
2026-02-16 12:41:19,390 | INFO | Opening Funds Transfer menu. txn_id=1111
2026-02-16 12:41:24,761 | INFO | Funds Transfer page is ready. txn_id=1111
2026-02-16 12:41:24,761 | INFO | Processing payout started. txn_id=1111
2026-02-16 12:41:24,761 | INFO | Starting withdrawal flow. txn_id=1111 to_bank=Krung Thai Bank amount=105
2026-02-16 12:41:24,836 | INFO | Withdrawal form is ready. txn_id=1111
2026-02-16 12:41:25,842 | INFO | Selecting destination bank. txn_id=1111
2026-02-16 12:41:26,188 | INFO | Destination bank selected. txn_id=1111
2026-02-16 12:41:26,324 | INFO | Destination account and amount entered. txn_id=1111
2026-02-16 12:41:26,478 | INFO | Submitted transfer details, waiting for confirmations. txn_id=1111
2026-02-16 12:41:27,721 | INFO | No Notice modal detected. txn_id=1111
2026-02-16 12:41:27,727 | ERROR | Withdrawal failed. txn_id=1111
Traceback (most recent call last):
  File "c:\Users\Thomas\Desktop\bank_bot-main\playwright\Withdrawal\KBANK\kbank_apps_appium_Redmi_2.5.py", line 731, in runPython
    BankBot.kbank_withdrawal(page, data)
  File "c:\Users\Thomas\Desktop\bank_bot-main\playwright\Withdrawal\KBANK\kbank_apps_appium_Redmi_2.5.py", line 357, in kbank_withdrawal
    page.locator("//app-notification-modal-header//h3[1]").wait_for(state="visible", timeout=100000)
  File "C:\Users\Thomas\AppData\Local\Programs\Python\Python311\Lib\site-packages\playwright\sync_api\_generated.py", line 18005, in wait_for
    self._sync(self._impl_obj.wait_for(timeout=timeout, state=state))
  File "C:\Users\Thomas\AppData\Local\Programs\Python\Python311\Lib\site-packages\playwright\_impl\_sync_base.py", line 115, in _sync
    return task.result()
           ^^^^^^^^^^^^^
  File "C:\Users\Thomas\AppData\Local\Programs\Python\Python311\Lib\site-packages\playwright\_impl\_locator.py", line 692, in wait_for
    await self._frame.wait_for_selector(
  File "C:\Users\Thomas\AppData\Local\Programs\Python\Python311\Lib\site-packages\playwright\_impl\_frame.py", line 369, in wait_for_selector
    await self._channel.send(
  File "C:\Users\Thomas\AppData\Local\Programs\Python\Python311\Lib\site-packages\playwright\_impl\_connection.py", line 69, in send
    return await self._connection.wrap_api_call(
           ^^^^^^^^^^^^^^^^^^^^^^^^^^^^^^^^^^^^^
  File "C:\Users\Thomas\AppData\Local\Programs\Python\Python311\Lib\site-packages\playwright\_impl\_connection.py", line 559, in wrap_api_call
    raise rewrite_error(error, f"{parsed_st['apiName']}: {error}") from None
playwright._impl._errors.TargetClosedError: Locator.wait_for: Target page, context or browser has been closed
2026-02-16 12:41:27,732 | INFO | 127.0.0.1 - - [16/Feb/2026 12:41:27] "[35m[1mPOST /kbank_company_web/runPython HTTP/1.1[0m" 500 -
2026-02-16 12:42:58,562 | INFO | Logging started: logs\kbank_payout_redmi.log
2026-02-16 12:42:58,562 | INFO | Starting WS client...
2026-02-16 12:42:58,583 | INFO | WS client started with PID 10172
2026-02-16 12:42:58,583 | INFO | KBANK Local API started on host=0.0.0.0 port=5004
2026-02-16 12:42:58,603 | INFO | [31m[1mWARNING: This is a development server. Do not use it in a production deployment. Use a production WSGI server instead.[0m
 * Running on all addresses (0.0.0.0)
 * Running on http://127.0.0.1:5004
 * Running on http://10.0.0.254:5004
2026-02-16 12:42:58,603 | INFO | [33mPress CTRL+C to quit[0m
2026-02-16 12:43:06,400 | INFO | Logging started: logs\kbank_payout_redmi.log
2026-02-16 12:43:06,402 | INFO | Starting WS client...
2026-02-16 12:43:06,435 | INFO | WS client started with PID 17432
2026-02-16 12:43:06,439 | INFO | KBANK Local API started on host=0.0.0.0 port=5004
2026-02-16 12:43:06,477 | INFO | [31m[1mWARNING: This is a development server. Do not use it in a production deployment. Use a production WSGI server instead.[0m
 * Running on all addresses (0.0.0.0)
 * Running on http://127.0.0.1:5004
 * Running on http://10.0.0.254:5004
2026-02-16 12:43:06,485 | INFO | [33mPress CTRL+C to quit[0m
2026-02-16 12:43:06,769 | INFO | Received /kbank_company_web/runPython request
2026-02-16 12:43:06,770 | INFO | Incoming payout request parsed. txn_id=1111
2026-02-16 12:43:06,770 | INFO | LOCK acquired for payout processing. txn_id=1111
2026-02-16 12:43:06,770 | INFO | Initializing Chrome CDP process
2026-02-16 12:43:06,771 | INFO | Using Chrome user data dir from CHROME_PATH
2026-02-16 12:43:06,777 | INFO | Chrome started with PID 23472
2026-02-16 12:43:06,779 | INFO | Waiting for Chrome CDP readiness, timeout=10s
2026-02-16 12:43:08,836 | INFO | Chrome CDP endpoint is available (attempt 1/10)
2026-02-16 12:43:08,838 | INFO | Chrome CDP is ready
2026-02-16 12:43:08,838 | INFO | Starting KBANK login flow. txn_id=1111
2026-02-16 12:43:08,839 | INFO | Cleaning Android notifications before web login. txn_id=1111
2026-02-16 12:43:08,839 | INFO | Starting notification cleanup flow
2026-02-16 12:43:08,840 | INFO | Preparing Appium driver
2026-02-16 12:43:08,840 | INFO | Ensuring Appium server is running
2026-02-16 12:43:08,863 | INFO | Appium process started with PID 25132
2026-02-16 12:43:11,935 | INFO | Appium server is ready (attempt 2/10)
2026-02-16 12:43:11,935 | INFO | Creating new Appium driver session
2026-02-16 12:43:17,069 | INFO | Notification shade expanded
2026-02-16 12:43:18,329 | INFO | Notification shade opened for swipe cleanup
2026-02-16 12:43:20,297 | INFO | Swiped notification 1/1
2026-02-16 12:43:21,477 | INFO | No 'Clear all' button found; closed notification shade
2026-02-16 12:43:21,598 | INFO | Closed notification shade, checking for logout popup
2026-02-16 12:43:23,250 | INFO | ○ 页面未出现 'Cancel' 按钮，跳过点击步骤。
2026-02-16 12:43:23,250 | INFO | Initializing Chrome CDP process
2026-02-16 12:43:23,250 | INFO | Chrome CDP process already exists, reusing current process
2026-02-16 12:43:23,250 | INFO | Starting Playwright instance. txn_id=1111
2026-02-16 12:43:24,030 | INFO | Connecting Playwright to Chrome CDP. txn_id=1111
2026-02-16 12:43:24,534 | INFO | Browser context ready. txn_id=1111
2026-02-16 12:43:24,536 | INFO | Creating new browser page. txn_id=1111
2026-02-16 12:43:26,150 | INFO | Session not at Funds Transfer page, proceeding with login. txn_id=1111
2026-02-16 12:43:26,150 | INFO | Navigating to KBANK login page. txn_id=1111
2026-02-16 12:43:37,198 | INFO | Login form submitted. txn_id=1111
2026-02-16 12:43:37,199 | INFO | Opening Funds Transfer menu. txn_id=1111
2026-02-16 12:43:42,632 | INFO | Funds Transfer page is ready. txn_id=1111
2026-02-16 12:43:42,632 | INFO | Processing payout started. txn_id=1111
2026-02-16 12:43:42,632 | INFO | Starting withdrawal flow. txn_id=1111 to_bank=Krung Thai Bank amount=105
2026-02-16 12:43:42,925 | INFO | Withdrawal form is ready. txn_id=1111
2026-02-16 12:43:43,927 | INFO | Selecting destination bank. txn_id=1111
2026-02-16 12:43:44,254 | INFO | Destination bank selected. txn_id=1111
2026-02-16 12:43:44,334 | INFO | Destination account and amount entered. txn_id=1111
2026-02-16 12:43:44,513 | INFO | Submitted transfer details, waiting for confirmations. txn_id=1111
2026-02-16 12:43:48,530 | INFO | No Notice modal detected. txn_id=1111
2026-02-16 12:43:48,562 | INFO | Web confirm dialog ready; moving to mobile approval. txn_id=1111
2026-02-16 12:43:48,563 | ERROR | Withdrawal failed. txn_id=1111
Traceback (most recent call last):
  File "c:\Users\Thomas\Desktop\bank_bot-main\playwright\Withdrawal\KBANK\kbank_apps_appium_Redmi_2.5.py", line 731, in runPython
    BankBot.kbank_withdrawal(page, data)
  File "c:\Users\Thomas\Desktop\bank_bot-main\playwright\Withdrawal\KBANK\kbank_apps_appium_Redmi_2.5.py", line 360, in kbank_withdrawal
    time.sleep(11111111111)
OverflowError: timestamp too large to convert to C _PyTime_t
2026-02-16 12:43:48,567 | INFO | 127.0.0.1 - - [16/Feb/2026 12:43:48] "[35m[1mPOST /kbank_company_web/runPython HTTP/1.1[0m" 500 -
2026-02-16 12:49:47,053 | INFO | Logging started: logs\kbank_payout_redmi.log
2026-02-16 12:49:47,055 | INFO | Starting WS client...
2026-02-16 12:49:47,094 | INFO | WS client started with PID 16884
2026-02-16 12:49:47,094 | INFO | KBANK Local API started on host=0.0.0.0 port=5004
2026-02-16 12:49:47,128 | INFO | [31m[1mWARNING: This is a development server. Do not use it in a production deployment. Use a production WSGI server instead.[0m
 * Running on all addresses (0.0.0.0)
 * Running on http://127.0.0.1:5004
 * Running on http://10.0.0.254:5004
2026-02-16 12:49:47,128 | INFO | [33mPress CTRL+C to quit[0m
2026-02-16 12:49:49,575 | INFO | Received /kbank_company_web/runPython request
2026-02-16 12:49:49,576 | INFO | Incoming payout request parsed. txn_id=1111
2026-02-16 12:49:49,578 | INFO | LOCK acquired for payout processing. txn_id=1111
2026-02-16 12:49:49,579 | INFO | Initializing Chrome CDP process
2026-02-16 12:49:49,588 | INFO | Using Chrome user data dir from CHROME_PATH
2026-02-16 12:49:49,640 | INFO | Chrome started with PID 24616
2026-02-16 12:49:49,640 | INFO | Waiting for Chrome CDP readiness, timeout=10s
2026-02-16 12:49:51,680 | INFO | Chrome CDP endpoint is available (attempt 1/10)
2026-02-16 12:49:51,682 | INFO | Chrome CDP is ready
2026-02-16 12:49:51,682 | INFO | Starting KBANK login flow. txn_id=1111
2026-02-16 12:49:51,683 | INFO | Cleaning Android notifications before web login. txn_id=1111
2026-02-16 12:49:51,685 | INFO | Starting notification cleanup flow
2026-02-16 12:49:51,685 | INFO | Preparing Appium driver
2026-02-16 12:49:51,685 | INFO | Ensuring Appium server is running
2026-02-16 12:49:51,718 | INFO | Appium process started with PID 4752
2026-02-16 12:49:54,790 | INFO | Appium server is ready (attempt 2/10)
2026-02-16 12:49:54,790 | INFO | Creating new Appium driver session
2026-02-16 12:49:59,863 | INFO | Notification shade expanded
2026-02-16 12:50:01,183 | INFO | Notification shade opened for swipe cleanup
2026-02-16 12:50:03,054 | INFO | Swiped notification 1/1
2026-02-16 12:50:04,369 | INFO | No 'Clear all' button found; closed notification shade
2026-02-16 12:50:04,530 | INFO | Closed notification shade, checking for logout popup
2026-02-16 12:50:06,127 | INFO | ○ 页面未出现 'Cancel' 按钮，跳过点击步骤。
2026-02-16 12:50:06,129 | INFO | Initializing Chrome CDP process
2026-02-16 12:50:06,129 | INFO | Chrome CDP process already exists, reusing current process
2026-02-16 12:50:06,133 | INFO | Starting Playwright instance. txn_id=1111
2026-02-16 12:50:06,858 | INFO | Connecting Playwright to Chrome CDP. txn_id=1111
2026-02-16 12:50:07,355 | INFO | Browser context ready. txn_id=1111
2026-02-16 12:50:07,355 | INFO | Creating new browser page. txn_id=1111
2026-02-16 12:50:08,963 | INFO | Session not at Funds Transfer page, proceeding with login. txn_id=1111
2026-02-16 12:50:08,965 | INFO | Navigating to KBANK login page. txn_id=1111
2026-02-16 12:50:10,922 | INFO | Login form submitted. txn_id=1111
2026-02-16 12:50:10,922 | INFO | Opening Funds Transfer menu. txn_id=1111
2026-02-16 12:50:16,979 | INFO | Funds Transfer page is ready. txn_id=1111
2026-02-16 12:50:16,981 | INFO | Processing payout started. txn_id=1111
2026-02-16 12:50:16,981 | INFO | Starting withdrawal flow. txn_id=1111 to_bank=Krung Thai Bank amount=105
2026-02-16 12:50:17,298 | INFO | Withdrawal form is ready. txn_id=1111
2026-02-16 12:50:18,301 | INFO | Selecting destination bank. txn_id=1111
2026-02-16 12:50:18,645 | INFO | Destination bank selected. txn_id=1111
2026-02-16 12:50:18,729 | INFO | Destination account and amount entered. txn_id=1111
2026-02-16 12:50:18,877 | INFO | Submitted transfer details, waiting for confirmations. txn_id=1111
2026-02-16 12:50:22,898 | INFO | No Notice modal detected. txn_id=1111
2026-02-16 12:50:22,984 | ERROR | Withdrawal failed. txn_id=1111
Traceback (most recent call last):
  File "c:\Users\Thomas\Desktop\bank_bot-main\playwright\Withdrawal\KBANK\kbank_apps_appium_Redmi_2.5.py", line 735, in runPython
    BankBot.kbank_withdrawal(page, data)
  File "c:\Users\Thomas\Desktop\bank_bot-main\playwright\Withdrawal\KBANK\kbank_apps_appium_Redmi_2.5.py", line 364, in kbank_withdrawal
    time.sleep(11111111111)
OverflowError: timestamp too large to convert to C _PyTime_t
2026-02-16 12:50:22,984 | INFO | 127.0.0.1 - - [16/Feb/2026 12:50:22] "[35m[1mPOST /kbank_company_web/runPython HTTP/1.1[0m" 500 -
